<?xml version="1.0" encoding="UTF-8"?>
<testsuites name="Smoke Test" time="60" tests="1" failures="0" errors="1">
   <testsuite name="Smoke Test" tests="1" failures="0" errors="1" time="60" timestamp="2019-04-08 23:49:17" hostname="Amitansh - DESKTOP-TMTUP2J" id="Test Suites/Smoke Test">
      <properties>
         <property name="deviceName" value=""/>
         <property name="devicePlatform" value=""/>
         <property name="logFolder" value="C:\\Users\\Amitansh\\git\\katalonstudio1\\Reports\\Smoke Test\\20190408_234915"/>
         <property name="logFiles" value="C:\\Users\\Amitansh\\git\\katalonstudio1\\Reports\\Smoke Test\\20190408_234915\\execution0.log"/>
         <property name="attachments" value=""/>
         <property name="hostName" value="Amitansh - DESKTOP-TMTUP2J"/>
         <property name="os" value="Windows 10 64bit"/>
         <property name="katalonVersion" value="6.1.0.1"/>
         <property name="browser" value="Chrome 73.0.3683.86"/>
         <property name="hostAddress" value="192.168.0.104"/>
         <property name="sessionId" value="6e9b7f69c7f35c721691b1150bb93d97"/>
         <property name="seleniumVersion" value="3.7.1"/>
         <property name="proxyInformation" value="ProxyInformation{proxyOption=NO_PROXY, proxyServerType=HTTP, password=, proxyServerAddress=, proxyServerPort=0}"/>
         <property name="platform" value="Windows 10"/>
      </properties>
      <testcase name="Test Cases/Login" classname="Test Cases/Login" status="PASSED">
         <system-out><![CDATA[2019-04-08 23:49:18 - [TEST_CASE][PASSED] - Test Cases/Login: Test Cases/Login

2019-04-08 23:49:18 - [TEST_STEP][PASSED] - openBrowser(""): Browser is opened with url: ''

2019-04-08 23:49:19 - [MESSAGE][INFO] - Starting 'Chrome' driver

2019-04-08 23:49:19 - [MESSAGE][INFO] - Action delay is set to 0 seconds

2019-04-08 23:49:23 - [MESSAGE][PASSED] - Browser is opened with url: ''

2019-04-08 23:49:23 - [TEST_STEP][PASSED] - navigateToUrl(url): Navigate to 'https://dev.esp.irisgst.com/' successfully

2019-04-08 23:49:25 - [MESSAGE][PASSED] - Navigate to 'https://dev.esp.irisgst.com/' successfully

2019-04-08 23:49:25 - [TEST_STEP][PASSED] - maximizeWindow(): Current window maximized

2019-04-08 23:49:26 - [MESSAGE][PASSED] - Current window maximized

2019-04-08 23:49:26 - [TEST_STEP][PASSED] - delay(2): Delayed 2 second(s)

2019-04-08 23:49:28 - [MESSAGE][PASSED] - Delayed 2 second(s)

2019-04-08 23:49:28 - [TEST_STEP][PASSED] - topazTitle = getWindowTitle(): Current window's title is: 'IRIS-TOPAZ'

2019-04-08 23:49:28 - [MESSAGE][PASSED] - Current window's title is: 'IRIS-TOPAZ'

2019-04-08 23:49:28 - [TEST_STEP][PASSED] - verifyMatch(topazTitle, "IRIS-TOPAZ", true): Actual text 'IRIS-TOPAZ' and expected text 'IRIS-TOPAZ' are matched  using regular expression

2019-04-08 23:49:28 - [MESSAGE][PASSED] - Actual text 'IRIS-TOPAZ' and expected text 'IRIS-TOPAZ' are matched  using regular expression

2019-04-08 23:49:28 - [TEST_STEP][PASSED] - setText(findTestObject("Login/Enter Username"), username): Text 'amit.nandha@irisindia.net' is set on object 'Object Repository/Login/Enter Username'

2019-04-08 23:49:28 - [MESSAGE][PASSED] - Text 'amit.nandha@irisindia.net' is set on object 'Object Repository/Login/Enter Username'

2019-04-08 23:49:28 - [TEST_STEP][PASSED] - setText(findTestObject("Login/Enter Password"), password): Text 'Abcd@12345' is set on object 'Object Repository/Login/Enter Password'

2019-04-08 23:49:29 - [MESSAGE][PASSED] - Text 'Abcd@12345' is set on object 'Object Repository/Login/Enter Password'

2019-04-08 23:49:29 - [TEST_STEP][PASSED] - delay(1): Delayed 1 second(s)

2019-04-08 23:49:30 - [MESSAGE][PASSED] - Delayed 1 second(s)

2019-04-08 23:49:30 - [TEST_STEP][PASSED] - click(findTestObject("Login/Sign In button")): Object: 'Object Repository/Login/Sign In button' is clicked on

2019-04-08 23:49:30 - [MESSAGE][PASSED] - Object: 'Object Repository/Login/Sign In button' is clicked on

2019-04-08 23:49:30 - [TEST_STEP][PASSED] - delay(2): Delayed 2 second(s)

2019-04-08 23:49:32 - [MESSAGE][PASSED] - Delayed 2 second(s)

2019-04-08 23:49:32 - [TEST_STEP][PASSED] - LoginTitle = getText(findTestObject("Login/div_Login Successful")): Text of object 'Object Repository/Login/div_Login Successful' is: 'Login Successful!'

2019-04-08 23:49:32 - [MESSAGE][PASSED] - Text of object 'Object Repository/Login/div_Login Successful' is: 'Login Successful!'

2019-04-08 23:49:32 - [TEST_STEP][PASSED] - verifyMatch(LoginTitle, "Login Successful!", true): Actual text 'Login Successful!' and expected text 'Login Successful!' are matched  using regular expression

2019-04-08 23:49:32 - [MESSAGE][PASSED] - Actual text 'Login Successful!' and expected text 'Login Successful!' are matched  using regular expression

2019-04-08 23:49:32 - [TEST_STEP][PASSED] - click(findTestObject("Login/div_Login Successful")): Object: 'Object Repository/Login/div_Login Successful' is clicked on

2019-04-08 23:49:32 - [MESSAGE][PASSED] - Object: 'Object Repository/Login/div_Login Successful' is clicked on]]></system-out>
         <system-err><![CDATA[]]></system-err>
      </testcase>
      <testcase name="Test Cases/Generate" classname="Test Cases/Generate" status="ERROR">
         <error type="ERROR" message="Test Cases/Generate FAILED.
Reason:
org.codehaus.groovy.runtime.InvokerInvocationException: java.io.FileNotFoundException: D:\Katalon_Studio_Windows_64\generateTestData.xlsx (The system cannot find the path specified)
	at utility.WriteToExcel.invokeMethod(WriteToExcel.groovy)
	at com.kms.katalon.core.main.CustomKeywordDelegatingMetaClass.invokeStaticMethod(CustomKeywordDelegatingMetaClass.java:49)
	at Generate.run(Generate:145)
	at com.kms.katalon.core.main.ScriptEngine.run(ScriptEngine.java:194)
	at com.kms.katalon.core.main.ScriptEngine.runScriptAsRawText(ScriptEngine.java:119)
	at com.kms.katalon.core.main.TestCaseExecutor.runScript(TestCaseExecutor.java:331)
	at com.kms.katalon.core.main.TestCaseExecutor.doExecute(TestCaseExecutor.java:322)
	at com.kms.katalon.core.main.TestCaseExecutor.processExecutionPhase(TestCaseExecutor.java:301)
	at com.kms.katalon.core.main.TestCaseExecutor.accessMainPhase(TestCaseExecutor.java:293)
	at com.kms.katalon.core.main.TestCaseExecutor.execute(TestCaseExecutor.java:227)
	at com.kms.katalon.core.main.TestSuiteExecutor.accessTestCaseMainPhase(TestSuiteExecutor.java:129)
	at com.kms.katalon.core.main.TestSuiteExecutor.accessTestSuiteMainPhase(TestSuiteExecutor.java:112)
	at com.kms.katalon.core.main.TestSuiteExecutor.execute(TestSuiteExecutor.java:81)
	at com.kms.katalon.core.main.TestCaseMain.startTestSuite(TestCaseMain.java:157)
	at com.kms.katalon.core.main.TestCaseMain$startTestSuite$0.call(Unknown Source)
	at TempTestSuite1554747555617.run(TempTestSuite1554747555617.groovy:35)
Caused by: java.io.FileNotFoundException: D:\Katalon_Studio_Windows_64\generateTestData.xlsx (The system cannot find the path specified)
	at utility.WriteToExcel.Sd(WriteToExcel.groovy:62)
	at utility.WriteToExcel.invokeMethod(WriteToExcel.groovy)
	at com.kms.katalon.core.main.CustomKeywordDelegatingMetaClass.invokeStaticMethod(CustomKeywordDelegatingMetaClass.java:49)
	at Script1554577686876.run(Script1554577686876.groovy:145)
	... 13 more
"/>
         <system-out><![CDATA[2019-04-08 23:49:32 - [TEST_CASE][ERROR] - Test Cases/Generate: Test Cases/Generate FAILED.
Reason:
org.codehaus.groovy.runtime.InvokerInvocationException: java.io.FileNotFoundException: D:\Katalon_Studio_Windows_64\generateTestData.xlsx (The system cannot find the path specified)
	at utility.WriteToExcel.invokeMethod(WriteToExcel.groovy)
	at com.kms.katalon.core.main.CustomKeywordDelegatingMetaClass.invokeStaticMethod(CustomKeywordDelegatingMetaClass.java:49)
	at Generate.run(Generate:145)
	at com.kms.katalon.core.main.ScriptEngine.run(ScriptEngine.java:194)
	at com.kms.katalon.core.main.ScriptEngine.runScriptAsRawText(ScriptEngine.java:119)
	at com.kms.katalon.core.main.TestCaseExecutor.runScript(TestCaseExecutor.java:331)
	at com.kms.katalon.core.main.TestCaseExecutor.doExecute(TestCaseExecutor.java:322)
	at com.kms.katalon.core.main.TestCaseExecutor.processExecutionPhase(TestCaseExecutor.java:301)
	at com.kms.katalon.core.main.TestCaseExecutor.accessMainPhase(TestCaseExecutor.java:293)
	at com.kms.katalon.core.main.TestCaseExecutor.execute(TestCaseExecutor.java:227)
	at com.kms.katalon.core.main.TestSuiteExecutor.accessTestCaseMainPhase(TestSuiteExecutor.java:129)
	at com.kms.katalon.core.main.TestSuiteExecutor.accessTestSuiteMainPhase(TestSuiteExecutor.java:112)
	at com.kms.katalon.core.main.TestSuiteExecutor.execute(TestSuiteExecutor.java:81)
	at com.kms.katalon.core.main.TestCaseMain.startTestSuite(TestCaseMain.java:157)
	at com.kms.katalon.core.main.TestCaseMain$startTestSuite$0.call(Unknown Source)
	at TempTestSuite1554747555617.run(TempTestSuite1554747555617.groovy:35)
Caused by: java.io.FileNotFoundException: D:\Katalon_Studio_Windows_64\generateTestData.xlsx (The system cannot find the path specified)
	at utility.WriteToExcel.Sd(WriteToExcel.groovy:62)
	at utility.WriteToExcel.invokeMethod(WriteToExcel.groovy)
	at com.kms.katalon.core.main.CustomKeywordDelegatingMetaClass.invokeStaticMethod(CustomKeywordDelegatingMetaClass.java:49)
	at Script1554577686876.run(Script1554577686876.groovy:145)
	... 13 more


2019-04-08 23:49:33 - [TEST_STEP][PASSED] - delay(3): Delayed 3 second(s)

2019-04-08 23:49:36 - [MESSAGE][PASSED] - Delayed 3 second(s)

2019-04-08 23:49:36 - [TEST_STEP][PASSED] - click(findTestObject("Generate/i_Vijeta Business Solution_fa fa-angle-double-right")): Object: 'Object Repository/Generate/i_Vijeta Business Solution_fa fa-angle-double-right' is clicked on

2019-04-08 23:49:36 - [MESSAGE][PASSED] - Object: 'Object Repository/Generate/i_Vijeta Business Solution_fa fa-angle-double-right' is clicked on

2019-04-08 23:49:36 - [TEST_STEP][PASSED] - delay(1): Delayed 1 second(s)

2019-04-08 23:49:37 - [MESSAGE][PASSED] - Delayed 1 second(s)

2019-04-08 23:49:37 - [TEST_STEP][PASSED] - click(findTestObject("Generate/li_Nands Group")): Object: 'Object Repository/Generate/li_Nands Group' is clicked on

2019-04-08 23:49:37 - [MESSAGE][PASSED] - Object: 'Object Repository/Generate/li_Nands Group' is clicked on

2019-04-08 23:49:37 - [TEST_STEP][PASSED] - changeBusienssMsg = getText(findTestObject("Generate/div_Business Changed Successfully")): Text of object 'Object Repository/Generate/div_Business Changed Successfully' is: 'Business Changed Successfully.'

2019-04-08 23:49:37 - [MESSAGE][PASSED] - Text of object 'Object Repository/Generate/div_Business Changed Successfully' is: 'Business Changed Successfully.'

2019-04-08 23:49:37 - [TEST_STEP][PASSED] - verifyMatch(changeBusienssMsg, "Business Changed Successfully.", true): Actual text 'Business Changed Successfully.' and expected text 'Business Changed Successfully.' are matched  using regular expression

2019-04-08 23:49:37 - [MESSAGE][PASSED] - Actual text 'Business Changed Successfully.' and expected text 'Business Changed Successfully.' are matched  using regular expression

2019-04-08 23:49:37 - [TEST_STEP][PASSED] - click(findTestObject("Generate/div_Business Changed Successfully")): Object: 'Object Repository/Generate/div_Business Changed Successfully' is clicked on

2019-04-08 23:49:38 - [MESSAGE][PASSED] - Object: 'Object Repository/Generate/div_Business Changed Successfully' is clicked on

2019-04-08 23:49:38 - [TEST_STEP][PASSED] - delay(1): Delayed 1 second(s)

2019-04-08 23:49:39 - [MESSAGE][PASSED] - Delayed 1 second(s)

2019-04-08 23:49:39 - [TEST_STEP][PASSED] - click(findTestObject("Generate/i_Nands Group_fa fa-angle-double-right")): Object: 'Object Repository/Generate/i_Nands Group_fa fa-angle-double-right' is clicked on

2019-04-08 23:49:39 - [MESSAGE][PASSED] - Object: 'Object Repository/Generate/i_Nands Group_fa fa-angle-double-right' is clicked on

2019-04-08 23:49:39 - [TEST_STEP][PASSED] - delay(1): Delayed 1 second(s)

2019-04-08 23:49:40 - [MESSAGE][PASSED] - Delayed 1 second(s)

2019-04-08 23:49:40 - [TEST_STEP][PASSED] - click(findTestObject("Generate/li_Nands Business")): Object: 'Object Repository/Generate/li_Nands Business' is clicked on

2019-04-08 23:49:40 - [MESSAGE][PASSED] - Object: 'Object Repository/Generate/li_Nands Business' is clicked on

2019-04-08 23:49:40 - [TEST_STEP][PASSED] - delay(1): Delayed 1 second(s)

2019-04-08 23:49:41 - [MESSAGE][PASSED] - Delayed 1 second(s)

2019-04-08 23:49:41 - [TEST_STEP][PASSED] - click(findTestObject("Generate/i_Nands Business_fa fa-angle-double-right")): Object: 'Object Repository/Generate/i_Nands Business_fa fa-angle-double-right' is clicked on

2019-04-08 23:49:41 - [MESSAGE][PASSED] - Object: 'Object Repository/Generate/i_Nands Business_fa fa-angle-double-right' is clicked on

2019-04-08 23:49:41 - [TEST_STEP][PASSED] - delay(1): Delayed 1 second(s)

2019-04-08 23:49:42 - [MESSAGE][PASSED] - Delayed 1 second(s)

2019-04-08 23:49:42 - [TEST_STEP][PASSED] - click(findTestObject("Generate/li_Nands_Entity_1")): Object: 'Object Repository/Generate/li_Nands_Entity_1' is clicked on

2019-04-08 23:49:42 - [MESSAGE][PASSED] - Object: 'Object Repository/Generate/li_Nands_Entity_1' is clicked on

2019-04-08 23:49:42 - [TEST_STEP][PASSED] - delay(1): Delayed 1 second(s)

2019-04-08 23:49:43 - [MESSAGE][PASSED] - Delayed 1 second(s)

2019-04-08 23:49:43 - [TEST_STEP][PASSED] - click(findTestObject("Generate/li_Nands Group_1")): Object: 'Object Repository/Generate/li_Nands Group_1' is clicked on

2019-04-08 23:49:43 - [MESSAGE][PASSED] - Object: 'Object Repository/Generate/li_Nands Group_1' is clicked on

2019-04-08 23:49:43 - [TEST_STEP][PASSED] - click(findTestObject("Generate/Generate Tab")): Object: 'Object Repository/Generate/Generate Tab' is clicked on

2019-04-08 23:49:44 - [MESSAGE][PASSED] - Object: 'Object Repository/Generate/Generate Tab' is clicked on

2019-04-08 23:49:44 - [TEST_STEP][PASSED] - delay(3): Delayed 3 second(s)

2019-04-08 23:49:47 - [MESSAGE][PASSED] - Delayed 3 second(s)

2019-04-08 23:49:47 - [TEST_STEP][PASSED] - selectOptionByValue(findTestObject("Generate/Select Transaction Type"), "number:1", true): All options with value 'number:1' are selected in object 'Object Repository/Generate/Select Transaction Type'  using regular expression

2019-04-08 23:49:47 - [MESSAGE][PASSED] - All options with value 'number:1' are selected in object 'Object Repository/Generate/Select Transaction Type'  using regular expression

2019-04-08 23:49:47 - [TEST_STEP][PASSED] - delay(1): Delayed 1 second(s)

2019-04-08 23:49:48 - [MESSAGE][PASSED] - Delayed 1 second(s)

2019-04-08 23:49:48 - [TEST_STEP][PASSED] - selectOptionByValue(findTestObject("Generate/Select Sub Supply Type"), "number:1", true): All options with value 'number:1' are selected in object 'Object Repository/Generate/Select Sub Supply Type'  using regular expression

2019-04-08 23:49:48 - [MESSAGE][PASSED] - All options with value 'number:1' are selected in object 'Object Repository/Generate/Select Sub Supply Type'  using regular expression

2019-04-08 23:49:48 - [TEST_STEP][PASSED] - delay(1): Delayed 1 second(s)

2019-04-08 23:49:49 - [MESSAGE][PASSED] - Delayed 1 second(s)

2019-04-08 23:49:49 - [TEST_STEP][PASSED] - setText(findTestObject("Generate/Enter Sub-supply type Description"), "SubSupplyDescription"): Text 'SubSupplyDescription' is set on object 'Object Repository/Generate/Enter Sub-supply type Description'

2019-04-08 23:49:50 - [MESSAGE][PASSED] - Text 'SubSupplyDescription' is set on object 'Object Repository/Generate/Enter Sub-supply type Description'

2019-04-08 23:49:50 - [TEST_STEP][PASSED] - delay(1): Delayed 1 second(s)

2019-04-08 23:49:51 - [MESSAGE][PASSED] - Delayed 1 second(s)

2019-04-08 23:49:51 - [TEST_STEP][PASSED] - selectOptionByValue(findTestObject("Generate/Select Document Type"), "string:INV", true): All options with value 'string:INV' are selected in object 'Object Repository/Generate/Select Document Type'  using regular expression

2019-04-08 23:49:51 - [MESSAGE][PASSED] - All options with value 'string:INV' are selected in object 'Object Repository/Generate/Select Document Type'  using regular expression

2019-04-08 23:49:51 - [TEST_STEP][PASSED] - delay(1): Delayed 1 second(s)

2019-04-08 23:49:52 - [MESSAGE][PASSED] - Delayed 1 second(s)

2019-04-08 23:49:52 - [TEST_STEP][PASSED] - docNo = utility.randomNumber.rendomNo(6): utility.randomNumber.rendomNo is PASSED

2019-04-08 23:49:52 - [MESSAGE][PASSED] - utility.randomNumber.rendomNo is PASSED

2019-04-08 23:49:52 - [TEST_STEP][PASSED] - setText(findTestObject("Generate/Enter Document Number"), docNo): Text '1jZtKg' is set on object 'Object Repository/Generate/Enter Document Number'

2019-04-08 23:49:52 - [MESSAGE][PASSED] - Text '1jZtKg' is set on object 'Object Repository/Generate/Enter Document Number'

2019-04-08 23:49:52 - [TEST_STEP][PASSED] - delay(1): Delayed 1 second(s)

2019-04-08 23:49:53 - [MESSAGE][PASSED] - Delayed 1 second(s)

2019-04-08 23:49:53 - [TEST_STEP][PASSED] - selectOptionByValue(findTestObject("Generate/Select Invoice Type"), "string:B2B", true): All options with value 'string:B2B' are selected in object 'Object Repository/Generate/Select Invoice Type'  using regular expression

2019-04-08 23:49:54 - [MESSAGE][PASSED] - All options with value 'string:B2B' are selected in object 'Object Repository/Generate/Select Invoice Type'  using regular expression

2019-04-08 23:49:54 - [TEST_STEP][PASSED] - delay(1): Delayed 1 second(s)

2019-04-08 23:49:55 - [MESSAGE][PASSED] - Delayed 1 second(s)

2019-04-08 23:49:55 - [TEST_STEP][PASSED] - setText(findTestObject("Generate/Enter Invoice Ref Number"), "REFINV001"): Text 'REFINV001' is set on object 'Object Repository/Generate/Enter Invoice Ref Number'

2019-04-08 23:49:55 - [MESSAGE][PASSED] - Text 'REFINV001' is set on object 'Object Repository/Generate/Enter Invoice Ref Number'

2019-04-08 23:49:55 - [TEST_STEP][PASSED] - delay(1): Delayed 1 second(s)

2019-04-08 23:49:56 - [MESSAGE][PASSED] - Delayed 1 second(s)

2019-04-08 23:49:56 - [TEST_STEP][PASSED] - selectOptionByValue(findTestObject("Generate/Select Supplier address"), "number:7363", true): All options with value 'number:7363' are selected in object 'Object Repository/Generate/Select Supplier address'  using regular expression

2019-04-08 23:49:56 - [MESSAGE][PASSED] - All options with value 'number:7363' are selected in object 'Object Repository/Generate/Select Supplier address'  using regular expression

2019-04-08 23:49:56 - [TEST_STEP][PASSED] - delay(1): Delayed 1 second(s)

2019-04-08 23:49:57 - [MESSAGE][PASSED] - Delayed 1 second(s)

2019-04-08 23:49:57 - [TEST_STEP][PASSED] - selectOptionByValue(findTestObject("Generate/Select Recepient address"), "number:548", true): All options with value 'number:548' are selected in object 'Object Repository/Generate/Select Recepient address'  using regular expression

2019-04-08 23:49:57 - [MESSAGE][PASSED] - All options with value 'number:548' are selected in object 'Object Repository/Generate/Select Recepient address'  using regular expression

2019-04-08 23:49:57 - [TEST_STEP][PASSED] - delay(1): Delayed 1 second(s)

2019-04-08 23:49:58 - [MESSAGE][PASSED] - Delayed 1 second(s)

2019-04-08 23:49:58 - [TEST_STEP][PASSED] - setText(findTestObject("Generate/Enter HSN code"), "88"): Text '88' is set on object 'Object Repository/Generate/Enter HSN code'

2019-04-08 23:49:59 - [MESSAGE][PASSED] - Text '88' is set on object 'Object Repository/Generate/Enter HSN code'

2019-04-08 23:49:59 - [TEST_STEP][PASSED] - delay(1): Delayed 1 second(s)

2019-04-08 23:50:00 - [MESSAGE][PASSED] - Delayed 1 second(s)

2019-04-08 23:50:00 - [TEST_STEP][PASSED] - setText(findTestObject("Generate/Enter Taxable Value"), "1"): Text '1' is set on object 'Object Repository/Generate/Enter Taxable Value'

2019-04-08 23:50:00 - [MESSAGE][PASSED] - Text '1' is set on object 'Object Repository/Generate/Enter Taxable Value'

2019-04-08 23:50:00 - [TEST_STEP][PASSED] - delay(1): Delayed 1 second(s)

2019-04-08 23:50:01 - [MESSAGE][PASSED] - Delayed 1 second(s)

2019-04-08 23:50:01 - [TEST_STEP][PASSED] - setText(findTestObject("Generate/Enter Quantity"), "1"): Text '1' is set on object 'Object Repository/Generate/Enter Quantity'

2019-04-08 23:50:01 - [MESSAGE][PASSED] - Text '1' is set on object 'Object Repository/Generate/Enter Quantity'

2019-04-08 23:50:01 - [TEST_STEP][PASSED] - delay(1): Delayed 1 second(s)

2019-04-08 23:50:02 - [MESSAGE][PASSED] - Delayed 1 second(s)

2019-04-08 23:50:02 - [TEST_STEP][PASSED] - selectOptionByValue(findTestObject("Generate/Select CGST Rate"), "string:1.50", true): All options with value 'string:1.50' are selected in object 'Object Repository/Generate/Select CGST Rate'  using regular expression

2019-04-08 23:50:02 - [MESSAGE][PASSED] - All options with value 'string:1.50' are selected in object 'Object Repository/Generate/Select CGST Rate'  using regular expression

2019-04-08 23:50:02 - [TEST_STEP][PASSED] - delay(1): Delayed 1 second(s)

2019-04-08 23:50:03 - [MESSAGE][PASSED] - Delayed 1 second(s)

2019-04-08 23:50:03 - [TEST_STEP][PASSED] - selectOptionByValue(findTestObject("Generate/Select SGST Rate"), "string:1.50", true): All options with value 'string:1.50' are selected in object 'Object Repository/Generate/Select SGST Rate'  using regular expression

2019-04-08 23:50:04 - [MESSAGE][PASSED] - All options with value 'string:1.50' are selected in object 'Object Repository/Generate/Select SGST Rate'  using regular expression

2019-04-08 23:50:04 - [TEST_STEP][PASSED] - delay(1): Delayed 1 second(s)

2019-04-08 23:50:05 - [MESSAGE][PASSED] - Delayed 1 second(s)

2019-04-08 23:50:05 - [TEST_STEP][PASSED] - selectOptionByValue(findTestObject("Generate/Select Cess Advol"), "string:3", true): All options with value 'string:3' are selected in object 'Object Repository/Generate/Select Cess Advol'  using regular expression

2019-04-08 23:50:05 - [MESSAGE][PASSED] - All options with value 'string:3' are selected in object 'Object Repository/Generate/Select Cess Advol'  using regular expression

2019-04-08 23:50:05 - [TEST_STEP][PASSED] - delay(1): Delayed 1 second(s)

2019-04-08 23:50:06 - [MESSAGE][PASSED] - Delayed 1 second(s)

2019-04-08 23:50:06 - [TEST_STEP][PASSED] - selectOptionByValue(findTestObject("Generate/Select Cess Non Advol"), "number:400", true): All options with value 'number:400' are selected in object 'Object Repository/Generate/Select Cess Non Advol'  using regular expression

2019-04-08 23:50:06 - [MESSAGE][PASSED] - All options with value 'number:400' are selected in object 'Object Repository/Generate/Select Cess Non Advol'  using regular expression

2019-04-08 23:50:06 - [TEST_STEP][PASSED] - delay(1): Delayed 1 second(s)

2019-04-08 23:50:07 - [MESSAGE][PASSED] - Delayed 1 second(s)

2019-04-08 23:50:07 - [TEST_STEP][PASSED] - setText(findTestObject("Generate/Enter Distance"), "100"): Text '100' is set on object 'Object Repository/Generate/Enter Distance'

2019-04-08 23:50:08 - [MESSAGE][PASSED] - Text '100' is set on object 'Object Repository/Generate/Enter Distance'

2019-04-08 23:50:08 - [TEST_STEP][PASSED] - delay(1): Delayed 1 second(s)

2019-04-08 23:50:09 - [MESSAGE][PASSED] - Delayed 1 second(s)

2019-04-08 23:50:09 - [TEST_STEP][PASSED] - selectOptionByValue(findTestObject("Generate/Select Trans mode"), "number:1", true): All options with value 'number:1' are selected in object 'Object Repository/Generate/Select Trans mode'  using regular expression

2019-04-08 23:50:09 - [MESSAGE][PASSED] - All options with value 'number:1' are selected in object 'Object Repository/Generate/Select Trans mode'  using regular expression

2019-04-08 23:50:09 - [TEST_STEP][PASSED] - delay(1): Delayed 1 second(s)

2019-04-08 23:50:10 - [MESSAGE][PASSED] - Delayed 1 second(s)

2019-04-08 23:50:10 - [TEST_STEP][PASSED] - setText(findTestObject("Generate/Enter Vehical No"), "MH02EX3636"): Text 'MH02EX3636' is set on object 'Object Repository/Generate/Enter Vehical No'

2019-04-08 23:50:11 - [MESSAGE][PASSED] - Text 'MH02EX3636' is set on object 'Object Repository/Generate/Enter Vehical No'

2019-04-08 23:50:11 - [TEST_STEP][PASSED] - delay(1): Delayed 1 second(s)

2019-04-08 23:50:12 - [MESSAGE][PASSED] - Delayed 1 second(s)

2019-04-08 23:50:12 - [TEST_STEP][PASSED] - click(findTestObject("Generate/Sumbit Button")): Object: 'Object Repository/Generate/Sumbit Button' is clicked on

2019-04-08 23:50:12 - [MESSAGE][PASSED] - Object: 'Object Repository/Generate/Sumbit Button' is clicked on

2019-04-08 23:50:12 - [TEST_STEP][PASSED] - delay(5): Delayed 5 second(s)

2019-04-08 23:50:17 - [MESSAGE][PASSED] - Delayed 5 second(s)

2019-04-08 23:50:17 - [TEST_STEP][PASSED] - MsgGen = getText(findTestObject("Generate/Msg Generated Successfully")): Text of object 'Object Repository/Generate/Msg Generated Successfully' is: 'Generated Successfully'

2019-04-08 23:50:17 - [MESSAGE][PASSED] - Text of object 'Object Repository/Generate/Msg Generated Successfully' is: 'Generated Successfully'

2019-04-08 23:50:17 - [TEST_STEP][PASSED] - verifyMatch(MsgGen, "Generated Successfully", true): Actual text 'Generated Successfully' and expected text 'Generated Successfully' are matched  using regular expression

2019-04-08 23:50:17 - [MESSAGE][PASSED] - Actual text 'Generated Successfully' and expected text 'Generated Successfully' are matched  using regular expression

2019-04-08 23:50:17 - [TEST_STEP][PASSED] - ewayBillNo = getText(findTestObject("Generate/Eway bill number")): Text of object 'Object Repository/Generate/Eway bill number' is: '311001756473'

2019-04-08 23:50:17 - [MESSAGE][PASSED] - Text of object 'Object Repository/Generate/Eway bill number' is: '311001756473'

2019-04-08 23:50:17 - [TEST_STEP][ERROR] - utility.WriteToExcel.Sd(ewayBillNo): utility.WriteToExcel.Sd(ewayBillNo) FAILED.
Reason:
org.codehaus.groovy.runtime.InvokerInvocationException: java.io.FileNotFoundException: D:\Katalon_Studio_Windows_64\generateTestData.xlsx (The system cannot find the path specified)
	at utility.WriteToExcel.invokeMethod(WriteToExcel.groovy)
	at com.kms.katalon.core.main.CustomKeywordDelegatingMetaClass.invokeStaticMethod(CustomKeywordDelegatingMetaClass.java:49)
	at Generate.run(Generate:145)
	at com.kms.katalon.core.main.ScriptEngine.run(ScriptEngine.java:194)
	at com.kms.katalon.core.main.ScriptEngine.runScriptAsRawText(ScriptEngine.java:119)
	at com.kms.katalon.core.main.TestCaseExecutor.runScript(TestCaseExecutor.java:331)
	at com.kms.katalon.core.main.TestCaseExecutor.doExecute(TestCaseExecutor.java:322)
	at com.kms.katalon.core.main.TestCaseExecutor.processExecutionPhase(TestCaseExecutor.java:301)
	at com.kms.katalon.core.main.TestCaseExecutor.accessMainPhase(TestCaseExecutor.java:293)
	at com.kms.katalon.core.main.TestCaseExecutor.execute(TestCaseExecutor.java:227)
	at com.kms.katalon.core.main.TestSuiteExecutor.accessTestCaseMainPhase(TestSuiteExecutor.java:129)
	at com.kms.katalon.core.main.TestSuiteExecutor.accessTestSuiteMainPhase(TestSuiteExecutor.java:112)
	at com.kms.katalon.core.main.TestSuiteExecutor.execute(TestSuiteExecutor.java:81)
	at com.kms.katalon.core.main.TestCaseMain.startTestSuite(TestCaseMain.java:157)
	at com.kms.katalon.core.main.TestCaseMain$startTestSuite$0.call(Unknown Source)
	at TempTestSuite1554747555617.run(TempTestSuite1554747555617.groovy:35)
Caused by: java.io.FileNotFoundException: D:\Katalon_Studio_Windows_64\generateTestData.xlsx (The system cannot find the path specified)
	at utility.WriteToExcel.Sd(WriteToExcel.groovy:62)
	at utility.WriteToExcel.invokeMethod(WriteToExcel.groovy)
	at com.kms.katalon.core.main.CustomKeywordDelegatingMetaClass.invokeStaticMethod(CustomKeywordDelegatingMetaClass.java:49)
	at Script1554577686876.run(Script1554577686876.groovy:145)
	... 13 more


2019-04-08 23:50:17 - [MESSAGE][ERROR] - java.io.FileNotFoundException: D:\Katalon_Studio_Windows_64\generateTestData.xlsx (The system cannot find the path specified)

2019-04-08 23:50:17 - [MESSAGE][ERROR] - utility.WriteToExcel.Sd(ewayBillNo) FAILED.
Reason:
org.codehaus.groovy.runtime.InvokerInvocationException: java.io.FileNotFoundException: D:\Katalon_Studio_Windows_64\generateTestData.xlsx (The system cannot find the path specified)
	at utility.WriteToExcel.invokeMethod(WriteToExcel.groovy)
	at com.kms.katalon.core.main.CustomKeywordDelegatingMetaClass.invokeStaticMethod(CustomKeywordDelegatingMetaClass.java:49)
	at Generate.run(Generate:145)
	at com.kms.katalon.core.main.ScriptEngine.run(ScriptEngine.java:194)
	at com.kms.katalon.core.main.ScriptEngine.runScriptAsRawText(ScriptEngine.java:119)
	at com.kms.katalon.core.main.TestCaseExecutor.runScript(TestCaseExecutor.java:331)
	at com.kms.katalon.core.main.TestCaseExecutor.doExecute(TestCaseExecutor.java:322)
	at com.kms.katalon.core.main.TestCaseExecutor.processExecutionPhase(TestCaseExecutor.java:301)
	at com.kms.katalon.core.main.TestCaseExecutor.accessMainPhase(TestCaseExecutor.java:293)
	at com.kms.katalon.core.main.TestCaseExecutor.execute(TestCaseExecutor.java:227)
	at com.kms.katalon.core.main.TestSuiteExecutor.accessTestCaseMainPhase(TestSuiteExecutor.java:129)
	at com.kms.katalon.core.main.TestSuiteExecutor.accessTestSuiteMainPhase(TestSuiteExecutor.java:112)
	at com.kms.katalon.core.main.TestSuiteExecutor.execute(TestSuiteExecutor.java:81)
	at com.kms.katalon.core.main.TestCaseMain.startTestSuite(TestCaseMain.java:157)
	at com.kms.katalon.core.main.TestCaseMain$startTestSuite$0.call(Unknown Source)
	at TempTestSuite1554747555617.run(TempTestSuite1554747555617.groovy:35)
Caused by: java.io.FileNotFoundException: D:\Katalon_Studio_Windows_64\generateTestData.xlsx (The system cannot find the path specified)
	at utility.WriteToExcel.Sd(WriteToExcel.groovy:62)
	at utility.WriteToExcel.invokeMethod(WriteToExcel.groovy)
	at com.kms.katalon.core.main.CustomKeywordDelegatingMetaClass.invokeStaticMethod(CustomKeywordDelegatingMetaClass.java:49)
	at Script1554577686876.run(Script1554577686876.groovy:145)
	... 13 more]]></system-out>
         <system-err><![CDATA[2019-04-08 23:49:32 - [TEST_CASE][ERROR] - Test Cases/Generate: Test Cases/Generate FAILED.
Reason:
org.codehaus.groovy.runtime.InvokerInvocationException: java.io.FileNotFoundException: D:\Katalon_Studio_Windows_64\generateTestData.xlsx (The system cannot find the path specified)
	at utility.WriteToExcel.invokeMethod(WriteToExcel.groovy)
	at com.kms.katalon.core.main.CustomKeywordDelegatingMetaClass.invokeStaticMethod(CustomKeywordDelegatingMetaClass.java:49)
	at Generate.run(Generate:145)
	at com.kms.katalon.core.main.ScriptEngine.run(ScriptEngine.java:194)
	at com.kms.katalon.core.main.ScriptEngine.runScriptAsRawText(ScriptEngine.java:119)
	at com.kms.katalon.core.main.TestCaseExecutor.runScript(TestCaseExecutor.java:331)
	at com.kms.katalon.core.main.TestCaseExecutor.doExecute(TestCaseExecutor.java:322)
	at com.kms.katalon.core.main.TestCaseExecutor.processExecutionPhase(TestCaseExecutor.java:301)
	at com.kms.katalon.core.main.TestCaseExecutor.accessMainPhase(TestCaseExecutor.java:293)
	at com.kms.katalon.core.main.TestCaseExecutor.execute(TestCaseExecutor.java:227)
	at com.kms.katalon.core.main.TestSuiteExecutor.accessTestCaseMainPhase(TestSuiteExecutor.java:129)
	at com.kms.katalon.core.main.TestSuiteExecutor.accessTestSuiteMainPhase(TestSuiteExecutor.java:112)
	at com.kms.katalon.core.main.TestSuiteExecutor.execute(TestSuiteExecutor.java:81)
	at com.kms.katalon.core.main.TestCaseMain.startTestSuite(TestCaseMain.java:157)
	at com.kms.katalon.core.main.TestCaseMain$startTestSuite$0.call(Unknown Source)
	at TempTestSuite1554747555617.run(TempTestSuite1554747555617.groovy:35)
Caused by: java.io.FileNotFoundException: D:\Katalon_Studio_Windows_64\generateTestData.xlsx (The system cannot find the path specified)
	at utility.WriteToExcel.Sd(WriteToExcel.groovy:62)
	at utility.WriteToExcel.invokeMethod(WriteToExcel.groovy)
	at com.kms.katalon.core.main.CustomKeywordDelegatingMetaClass.invokeStaticMethod(CustomKeywordDelegatingMetaClass.java:49)
	at Script1554577686876.run(Script1554577686876.groovy:145)
	... 13 more]]></system-err>
      </testcase>
      <system-out><![CDATA[2019-04-08 23:49:17 - [TEST_SUITE][ERROR] - Smoke Test: Test Cases/Generate FAILED.
Reason:
org.codehaus.groovy.runtime.InvokerInvocationException: java.io.FileNotFoundException: D:\Katalon_Studio_Windows_64\generateTestData.xlsx (The system cannot find the path specified)
	at utility.WriteToExcel.invokeMethod(WriteToExcel.groovy)
	at com.kms.katalon.core.main.CustomKeywordDelegatingMetaClass.invokeStaticMethod(CustomKeywordDelegatingMetaClass.java:49)
	at Generate.run(Generate:145)
	at com.kms.katalon.core.main.ScriptEngine.run(ScriptEngine.java:194)
	at com.kms.katalon.core.main.ScriptEngine.runScriptAsRawText(ScriptEngine.java:119)
	at com.kms.katalon.core.main.TestCaseExecutor.runScript(TestCaseExecutor.java:331)
	at com.kms.katalon.core.main.TestCaseExecutor.doExecute(TestCaseExecutor.java:322)
	at com.kms.katalon.core.main.TestCaseExecutor.processExecutionPhase(TestCaseExecutor.java:301)
	at com.kms.katalon.core.main.TestCaseExecutor.accessMainPhase(TestCaseExecutor.java:293)
	at com.kms.katalon.core.main.TestCaseExecutor.execute(TestCaseExecutor.java:227)
	at com.kms.katalon.core.main.TestSuiteExecutor.accessTestCaseMainPhase(TestSuiteExecutor.java:129)
	at com.kms.katalon.core.main.TestSuiteExecutor.accessTestSuiteMainPhase(TestSuiteExecutor.java:112)
	at com.kms.katalon.core.main.TestSuiteExecutor.execute(TestSuiteExecutor.java:81)
	at com.kms.katalon.core.main.TestCaseMain.startTestSuite(TestCaseMain.java:157)
	at com.kms.katalon.core.main.TestCaseMain$startTestSuite$0.call(Unknown Source)
	at TempTestSuite1554747555617.run(TempTestSuite1554747555617.groovy:35)
Caused by: java.io.FileNotFoundException: D:\Katalon_Studio_Windows_64\generateTestData.xlsx (The system cannot find the path specified)
	at utility.WriteToExcel.Sd(WriteToExcel.groovy:62)
	at utility.WriteToExcel.invokeMethod(WriteToExcel.groovy)
	at com.kms.katalon.core.main.CustomKeywordDelegatingMetaClass.invokeStaticMethod(CustomKeywordDelegatingMetaClass.java:49)
	at Script1554577686876.run(Script1554577686876.groovy:145)
	... 13 more]]></system-out>
      <system-err><![CDATA[2019-04-08 23:49:17 - [TEST_SUITE][ERROR] - Smoke Test: Test Cases/Generate FAILED.
Reason:
org.codehaus.groovy.runtime.InvokerInvocationException: java.io.FileNotFoundException: D:\Katalon_Studio_Windows_64\generateTestData.xlsx (The system cannot find the path specified)
	at utility.WriteToExcel.invokeMethod(WriteToExcel.groovy)
	at com.kms.katalon.core.main.CustomKeywordDelegatingMetaClass.invokeStaticMethod(CustomKeywordDelegatingMetaClass.java:49)
	at Generate.run(Generate:145)
	at com.kms.katalon.core.main.ScriptEngine.run(ScriptEngine.java:194)
	at com.kms.katalon.core.main.ScriptEngine.runScriptAsRawText(ScriptEngine.java:119)
	at com.kms.katalon.core.main.TestCaseExecutor.runScript(TestCaseExecutor.java:331)
	at com.kms.katalon.core.main.TestCaseExecutor.doExecute(TestCaseExecutor.java:322)
	at com.kms.katalon.core.main.TestCaseExecutor.processExecutionPhase(TestCaseExecutor.java:301)
	at com.kms.katalon.core.main.TestCaseExecutor.accessMainPhase(TestCaseExecutor.java:293)
	at com.kms.katalon.core.main.TestCaseExecutor.execute(TestCaseExecutor.java:227)
	at com.kms.katalon.core.main.TestSuiteExecutor.accessTestCaseMainPhase(TestSuiteExecutor.java:129)
	at com.kms.katalon.core.main.TestSuiteExecutor.accessTestSuiteMainPhase(TestSuiteExecutor.java:112)
	at com.kms.katalon.core.main.TestSuiteExecutor.execute(TestSuiteExecutor.java:81)
	at com.kms.katalon.core.main.TestCaseMain.startTestSuite(TestCaseMain.java:157)
	at com.kms.katalon.core.main.TestCaseMain$startTestSuite$0.call(Unknown Source)
	at TempTestSuite1554747555617.run(TempTestSuite1554747555617.groovy:35)
Caused by: java.io.FileNotFoundException: D:\Katalon_Studio_Windows_64\generateTestData.xlsx (The system cannot find the path specified)
	at utility.WriteToExcel.Sd(WriteToExcel.groovy:62)
	at utility.WriteToExcel.invokeMethod(WriteToExcel.groovy)
	at com.kms.katalon.core.main.CustomKeywordDelegatingMetaClass.invokeStaticMethod(CustomKeywordDelegatingMetaClass.java:49)
	at Script1554577686876.run(Script1554577686876.groovy:145)
	... 13 more]]></system-err>
   </testsuite>
</testsuites>
