<?xml version="1.0" encoding="UTF-8"?>
<testsuites name="Smoke Test" time="60" tests="1" failures="1" errors="0">
   <testsuite name="Smoke Test" tests="1" failures="1" errors="0" time="60" timestamp="2019-04-07 02:24:21" hostname="Amitansh - DESKTOP-TMTUP2J" id="Test Suites/Smoke Test">
      <properties>
         <property name="deviceName" value=""/>
         <property name="devicePlatform" value=""/>
         <property name="logFolder" value="C:\\Users\\Amitansh\\git\\katalonstudio\\Reports\\Smoke Test\\20190407_022418"/>
         <property name="logFiles" value="C:\\Users\\Amitansh\\git\\katalonstudio\\Reports\\Smoke Test\\20190407_022418\\execution0.log"/>
         <property name="attachments" value="C:\\Users\\Amitansh\\git\\katalonstudio\\Reports\\Smoke Test\\20190407_022418\\1554584121006.png"/>
         <property name="hostName" value="Amitansh - DESKTOP-TMTUP2J"/>
         <property name="os" value="Windows 10 64bit"/>
         <property name="katalonVersion" value="6.1.0.1"/>
         <property name="browser" value="Chrome 73.0.3683.86"/>
         <property name="hostAddress" value="192.168.0.104"/>
         <property name="sessionId" value="8b0860cb85c5022789dcc18733015bce"/>
         <property name="seleniumVersion" value="3.7.1"/>
         <property name="proxyInformation" value="ProxyInformation{proxyOption=NO_PROXY, proxyServerType=HTTP, password=, proxyServerAddress=, proxyServerPort=0}"/>
         <property name="platform" value="Windows 10"/>
      </properties>
      <testcase name="Test Cases/Login" classname="Test Cases/Login" status="PASSED">
         <system-out><![CDATA[2019-04-07 02:24:22 - [TEST_CASE][PASSED] - Test Cases/Login: Test Cases/Login

2019-04-07 02:24:22 - [TEST_STEP][PASSED] - openBrowser(""): Browser is opened with url: ''

2019-04-07 02:24:23 - [MESSAGE][INFO] - Starting 'Chrome' driver

2019-04-07 02:24:23 - [MESSAGE][INFO] - Action delay is set to 0 seconds

2019-04-07 02:24:27 - [MESSAGE][PASSED] - Browser is opened with url: ''

2019-04-07 02:24:27 - [TEST_STEP][PASSED] - navigateToUrl("https://dev.esp.irisgst.com/"): Navigate to 'https://dev.esp.irisgst.com/' successfully

2019-04-07 02:24:30 - [MESSAGE][PASSED] - Navigate to 'https://dev.esp.irisgst.com/' successfully

2019-04-07 02:24:30 - [TEST_STEP][PASSED] - maximizeWindow(): Current window maximized

2019-04-07 02:24:32 - [MESSAGE][PASSED] - Current window maximized

2019-04-07 02:24:32 - [TEST_STEP][PASSED] - delay(2): Delayed 2 second(s)

2019-04-07 02:24:34 - [MESSAGE][PASSED] - Delayed 2 second(s)

2019-04-07 02:24:34 - [TEST_STEP][PASSED] - topazTitle = getWindowTitle(): Current window's title is: 'IRIS-TOPAZ'

2019-04-07 02:24:34 - [MESSAGE][PASSED] - Current window's title is: 'IRIS-TOPAZ'

2019-04-07 02:24:34 - [TEST_STEP][PASSED] - verifyMatch(topazTitle, "IRIS-TOPAZ", true): Actual text 'IRIS-TOPAZ' and expected text 'IRIS-TOPAZ' are matched  using regular expression

2019-04-07 02:24:34 - [MESSAGE][PASSED] - Actual text 'IRIS-TOPAZ' and expected text 'IRIS-TOPAZ' are matched  using regular expression

2019-04-07 02:24:34 - [TEST_STEP][PASSED] - setText(findTestObject("Login/input_SIGN UP_name"), "amit.nandha@irisindia.net"): Text 'amit.nandha@irisindia.net' is set on object 'Object Repository/Login/input_SIGN UP_name'

2019-04-07 02:24:34 - [MESSAGE][PASSED] - Text 'amit.nandha@irisindia.net' is set on object 'Object Repository/Login/input_SIGN UP_name'

2019-04-07 02:24:34 - [TEST_STEP][PASSED] - setEncryptedText(findTestObject("Login/input_Invalid Email_email"), "RfES2L809yyqtWvN0P2gPg=="): Text ****** has been set on object 'Object Repository/Login/input_Invalid Email_email'

2019-04-07 02:24:35 - [MESSAGE][PASSED] - Text ****** has been set on object 'Object Repository/Login/input_Invalid Email_email'

2019-04-07 02:24:35 - [TEST_STEP][PASSED] - click(findTestObject("Login/button_SIGN IN")): Object: 'Object Repository/Login/button_SIGN IN' is clicked on

2019-04-07 02:24:35 - [MESSAGE][PASSED] - Object: 'Object Repository/Login/button_SIGN IN' is clicked on

2019-04-07 02:24:35 - [TEST_STEP][PASSED] - delay(2): Delayed 2 second(s)

2019-04-07 02:24:37 - [MESSAGE][PASSED] - Delayed 2 second(s)

2019-04-07 02:24:37 - [TEST_STEP][PASSED] - LoginTitle = getText(findTestObject("Login/div_Login Successful")): Text of object 'Object Repository/Login/div_Login Successful' is: 'Login Successful!'

2019-04-07 02:24:37 - [MESSAGE][PASSED] - Text of object 'Object Repository/Login/div_Login Successful' is: 'Login Successful!'

2019-04-07 02:24:37 - [TEST_STEP][PASSED] - verifyMatch(LoginTitle, "Login Successful!", true): Actual text 'Login Successful!' and expected text 'Login Successful!' are matched  using regular expression

2019-04-07 02:24:37 - [MESSAGE][PASSED] - Actual text 'Login Successful!' and expected text 'Login Successful!' are matched  using regular expression

2019-04-07 02:24:37 - [TEST_STEP][PASSED] - click(findTestObject("Login/div_Login Successful")): Object: 'Object Repository/Login/div_Login Successful' is clicked on

2019-04-07 02:24:37 - [MESSAGE][PASSED] - Object: 'Object Repository/Login/div_Login Successful' is clicked on]]></system-out>
         <system-err><![CDATA[]]></system-err>
      </testcase>
      <testcase name="Test Cases/Generate" classname="Test Cases/Generate" status="FAILED">
         <failure type="FAILED" message="Test Cases/Generate FAILED.
Reason:
com.kms.katalon.core.exception.StepFailedException: Unable to select option by label 'Regular' of object 'Object Repository/Generate/select_RegularBill To - Ship ToBill From - Dispatch FromBill To - Ship To Bill From - Dispatch From'  using regular expression (Root cause: com.kms.katalon.core.exception.StepFailedException: Unable to select option by label 'Regular' of object 'Object Repository/Generate/select_RegularBill To - Ship ToBill From - Dispatch FromBill To - Ship To Bill From - Dispatch From'  using regular expression
	at com.kms.katalon.core.webui.keyword.internal.WebUIKeywordMain.stepFailed(WebUIKeywordMain.groovy:64)
	at com.kms.katalon.core.webui.keyword.internal.WebUIKeywordMain.runKeyword(WebUIKeywordMain.groovy:26)
	at com.kms.katalon.core.webui.keyword.builtin.SelectOptionByLabelKeyword.selectOptionByLabel(SelectOptionByLabelKeyword.groovy:98)
	at com.kms.katalon.core.webui.keyword.builtin.SelectOptionByLabelKeyword.execute(SelectOptionByLabelKeyword.groovy:71)
	at com.kms.katalon.core.keyword.internal.KeywordExecutor.executeKeywordForPlatform(KeywordExecutor.groovy:56)
	at com.kms.katalon.core.webui.keyword.WebUiBuiltInKeywords.selectOptionByLabel(WebUiBuiltInKeywords.groovy:1200)
	at com.kms.katalon.core.webui.keyword.WebUiBuiltInKeywords$selectOptionByLabel$7.call(Unknown Source)
	at Generate.run(Generate:57)
	at com.kms.katalon.core.main.ScriptEngine.run(ScriptEngine.java:194)
	at com.kms.katalon.core.main.ScriptEngine.runScriptAsRawText(ScriptEngine.java:119)
	at com.kms.katalon.core.main.TestCaseExecutor.runScript(TestCaseExecutor.java:331)
	at com.kms.katalon.core.main.TestCaseExecutor.doExecute(TestCaseExecutor.java:322)
	at com.kms.katalon.core.main.TestCaseExecutor.processExecutionPhase(TestCaseExecutor.java:301)
	at com.kms.katalon.core.main.TestCaseExecutor.accessMainPhase(TestCaseExecutor.java:293)
	at com.kms.katalon.core.main.TestCaseExecutor.execute(TestCaseExecutor.java:227)
	at com.kms.katalon.core.main.TestSuiteExecutor.accessTestCaseMainPhase(TestSuiteExecutor.java:129)
	at com.kms.katalon.core.main.TestSuiteExecutor.accessTestSuiteMainPhase(TestSuiteExecutor.java:112)
	at com.kms.katalon.core.main.TestSuiteExecutor.execute(TestSuiteExecutor.java:81)
	at com.kms.katalon.core.main.TestCaseMain.startTestSuite(TestCaseMain.java:157)
	at com.kms.katalon.core.main.TestCaseMain$startTestSuite$0.call(Unknown Source)
	at TempTestSuite1554584058588.run(TempTestSuite1554584058588.groovy:35)
Caused by: com.kms.katalon.core.webui.exception.WebElementNotFoundException: Web element with id: 'Object Repository/Generate/select_RegularBill To - Ship ToBill From - Dispatch FromBill To - Ship To Bill From - Dispatch From' located by 'By.xpath: id(&quot;upload&quot;)/div[@class=&quot;row&quot;]/div[@class=&quot;col-md-12 clearBoth&quot;]/div[@class=&quot;box-body&quot;]/div[@class=&quot;row&quot;]/div[2]/form[@class=&quot;ng-valid-maxlength ng-valid-min ng-valid-minlength ng-valid-pattern ng-pristine ng-invalid ng-invalid-required&quot;]/div[@class=&quot;row&quot;]/div[@class=&quot;col-md-12&quot;]/fieldset[@class=&quot;col-md-12&quot;]/div[@class=&quot;col-md-12 noPadding clearBoth&quot;]/div[@class=&quot;box-body&quot;]/div[@id=&quot;addBusiness&quot;]/div[@class=&quot;form-group&quot;]/div[@class=&quot;col-sm-6 paddbt15&quot;]/select[@class=&quot;form-control mandateBorder ng-pristine ng-empty ng-invalid ng-invalid-required ng-touched&quot;][count(. | //select[@class = 'form-control mandateBorder ng-pristine ng-empty ng-invalid ng-invalid-required ng-touched' and @name = 'transactionType' and @ng-model = 'formData.transactionType' and @ng-options = 'obj.id as obj.name for obj in transactionTypeList' and (text() = 'RegularBill To - Ship ToBill From - Dispatch FromBill To - Ship To Bill From - Dispatch From' or . = 'RegularBill To - Ship ToBill From - Dispatch FromBill To - Ship To Bill From - Dispatch From')]) = count(//select[@class = 'form-control mandateBorder ng-pristine ng-empty ng-invalid ng-invalid-required ng-touched' and @name = 'transactionType' and @ng-model = 'formData.transactionType' and @ng-options = 'obj.id as obj.name for obj in transactionTypeList' and (text() = 'RegularBill To - Ship ToBill From - Dispatch FromBill To - Ship To Bill From - Dispatch From' or . = 'RegularBill To - Ship ToBill From - Dispatch FromBill To - Ship To Bill From - Dispatch From')])]' not found
	at com.kms.katalon.core.webui.common.WebUiCommonHelper.findWebElement(WebUiCommonHelper.java:1053)
	at com.kms.katalon.core.webui.keyword.internal.WebUIAbstractKeyword.findWebElement(WebUIAbstractKeyword.groovy:27)
	at com.kms.katalon.core.webui.keyword.internal.WebUIAbstractKeyword.findWebElement(WebUIAbstractKeyword.groovy:26)
	at com.kms.katalon.core.webui.keyword.builtin.SelectOptionByLabelKeyword$_selectOptionByLabel_closure1.doCall(SelectOptionByLabelKeyword.groovy:86)
	at com.kms.katalon.core.webui.keyword.builtin.SelectOptionByLabelKeyword$_selectOptionByLabel_closure1.call(SelectOptionByLabelKeyword.groovy)
	at com.kms.katalon.core.webui.keyword.internal.WebUIKeywordMain.runKeyword(WebUIKeywordMain.groovy:20)
	at com.kms.katalon.core.webui.keyword.builtin.SelectOptionByLabelKeyword.selectOptionByLabel(SelectOptionByLabelKeyword.groovy:98)
	at com.kms.katalon.core.webui.keyword.builtin.SelectOptionByLabelKeyword.execute(SelectOptionByLabelKeyword.groovy:71)
	at com.kms.katalon.core.keyword.internal.KeywordExecutor.executeKeywordForPlatform(KeywordExecutor.groovy:56)
	at com.kms.katalon.core.webui.keyword.WebUiBuiltInKeywords.selectOptionByLabel(WebUiBuiltInKeywords.groovy:1200)
	at com.kms.katalon.core.webui.keyword.WebUiBuiltInKeywords$selectOptionByLabel$7.call(Unknown Source)
	at Script1554577686876.run(Script1554577686876.groovy:57)
	... 13 more
)
	at com.kms.katalon.core.keyword.internal.KeywordMain.stepFailed(KeywordMain.groovy:37)
	at com.kms.katalon.core.webui.keyword.internal.WebUIKeywordMain.stepFailed(WebUIKeywordMain.groovy:64)
	at com.kms.katalon.core.webui.keyword.internal.WebUIKeywordMain.runKeyword(WebUIKeywordMain.groovy:26)
	at com.kms.katalon.core.webui.keyword.builtin.SelectOptionByLabelKeyword.selectOptionByLabel(SelectOptionByLabelKeyword.groovy:98)
	at com.kms.katalon.core.webui.keyword.builtin.SelectOptionByLabelKeyword.execute(SelectOptionByLabelKeyword.groovy:71)
	at com.kms.katalon.core.keyword.internal.KeywordExecutor.executeKeywordForPlatform(KeywordExecutor.groovy:56)
	at com.kms.katalon.core.webui.keyword.WebUiBuiltInKeywords.selectOptionByLabel(WebUiBuiltInKeywords.groovy:1200)
	at com.kms.katalon.core.webui.keyword.WebUiBuiltInKeywords$selectOptionByLabel$7.call(Unknown Source)
	at Generate.run(Generate:57)
	at com.kms.katalon.core.main.ScriptEngine.run(ScriptEngine.java:194)
	at com.kms.katalon.core.main.ScriptEngine.runScriptAsRawText(ScriptEngine.java:119)
	at com.kms.katalon.core.main.TestCaseExecutor.runScript(TestCaseExecutor.java:331)
	at com.kms.katalon.core.main.TestCaseExecutor.doExecute(TestCaseExecutor.java:322)
	at com.kms.katalon.core.main.TestCaseExecutor.processExecutionPhase(TestCaseExecutor.java:301)
	at com.kms.katalon.core.main.TestCaseExecutor.accessMainPhase(TestCaseExecutor.java:293)
	at com.kms.katalon.core.main.TestCaseExecutor.execute(TestCaseExecutor.java:227)
	at com.kms.katalon.core.main.TestSuiteExecutor.accessTestCaseMainPhase(TestSuiteExecutor.java:129)
	at com.kms.katalon.core.main.TestSuiteExecutor.accessTestSuiteMainPhase(TestSuiteExecutor.java:112)
	at com.kms.katalon.core.main.TestSuiteExecutor.execute(TestSuiteExecutor.java:81)
	at com.kms.katalon.core.main.TestCaseMain.startTestSuite(TestCaseMain.java:157)
	at com.kms.katalon.core.main.TestCaseMain$startTestSuite$0.call(Unknown Source)
	at TempTestSuite1554584058588.run(TempTestSuite1554584058588.groovy:35)
Caused by: com.kms.katalon.core.exception.StepFailedException: Unable to select option by label 'Regular' of object 'Object Repository/Generate/select_RegularBill To - Ship ToBill From - Dispatch FromBill To - Ship To Bill From - Dispatch From'  using regular expression
	... 21 more
Caused by: com.kms.katalon.core.webui.exception.WebElementNotFoundException: Web element with id: 'Object Repository/Generate/select_RegularBill To - Ship ToBill From - Dispatch FromBill To - Ship To Bill From - Dispatch From' located by 'By.xpath: id(&quot;upload&quot;)/div[@class=&quot;row&quot;]/div[@class=&quot;col-md-12 clearBoth&quot;]/div[@class=&quot;box-body&quot;]/div[@class=&quot;row&quot;]/div[2]/form[@class=&quot;ng-valid-maxlength ng-valid-min ng-valid-minlength ng-valid-pattern ng-pristine ng-invalid ng-invalid-required&quot;]/div[@class=&quot;row&quot;]/div[@class=&quot;col-md-12&quot;]/fieldset[@class=&quot;col-md-12&quot;]/div[@class=&quot;col-md-12 noPadding clearBoth&quot;]/div[@class=&quot;box-body&quot;]/div[@id=&quot;addBusiness&quot;]/div[@class=&quot;form-group&quot;]/div[@class=&quot;col-sm-6 paddbt15&quot;]/select[@class=&quot;form-control mandateBorder ng-pristine ng-empty ng-invalid ng-invalid-required ng-touched&quot;][count(. | //select[@class = 'form-control mandateBorder ng-pristine ng-empty ng-invalid ng-invalid-required ng-touched' and @name = 'transactionType' and @ng-model = 'formData.transactionType' and @ng-options = 'obj.id as obj.name for obj in transactionTypeList' and (text() = 'RegularBill To - Ship ToBill From - Dispatch FromBill To - Ship To Bill From - Dispatch From' or . = 'RegularBill To - Ship ToBill From - Dispatch FromBill To - Ship To Bill From - Dispatch From')]) = count(//select[@class = 'form-control mandateBorder ng-pristine ng-empty ng-invalid ng-invalid-required ng-touched' and @name = 'transactionType' and @ng-model = 'formData.transactionType' and @ng-options = 'obj.id as obj.name for obj in transactionTypeList' and (text() = 'RegularBill To - Ship ToBill From - Dispatch FromBill To - Ship To Bill From - Dispatch From' or . = 'RegularBill To - Ship ToBill From - Dispatch FromBill To - Ship To Bill From - Dispatch From')])]' not found
	at com.kms.katalon.core.webui.common.WebUiCommonHelper.findWebElement(WebUiCommonHelper.java:1053)
	at com.kms.katalon.core.webui.keyword.internal.WebUIAbstractKeyword.findWebElement(WebUIAbstractKeyword.groovy:27)
	at com.kms.katalon.core.webui.keyword.internal.WebUIAbstractKeyword.findWebElement(WebUIAbstractKeyword.groovy:26)
	at com.kms.katalon.core.webui.keyword.builtin.SelectOptionByLabelKeyword$_selectOptionByLabel_closure1.doCall(SelectOptionByLabelKeyword.groovy:86)
	at com.kms.katalon.core.webui.keyword.builtin.SelectOptionByLabelKeyword$_selectOptionByLabel_closure1.call(SelectOptionByLabelKeyword.groovy)
	at com.kms.katalon.core.webui.keyword.internal.WebUIKeywordMain.runKeyword(WebUIKeywordMain.groovy:20)
	at com.kms.katalon.core.webui.keyword.builtin.SelectOptionByLabelKeyword.selectOptionByLabel(SelectOptionByLabelKeyword.groovy:98)
	at com.kms.katalon.core.webui.keyword.builtin.SelectOptionByLabelKeyword.execute(SelectOptionByLabelKeyword.groovy:71)
	at com.kms.katalon.core.keyword.internal.KeywordExecutor.executeKeywordForPlatform(KeywordExecutor.groovy:56)
	at com.kms.katalon.core.webui.keyword.WebUiBuiltInKeywords.selectOptionByLabel(WebUiBuiltInKeywords.groovy:1200)
	at com.kms.katalon.core.webui.keyword.WebUiBuiltInKeywords$selectOptionByLabel$7.call(Unknown Source)
	at Script1554577686876.run(Script1554577686876.groovy:57)
	... 13 more
"/>
         <system-out><![CDATA[2019-04-07 02:24:37 - [TEST_CASE][FAILED] - Test Cases/Generate: Test Cases/Generate FAILED.
Reason:
com.kms.katalon.core.exception.StepFailedException: Unable to select option by label 'Regular' of object 'Object Repository/Generate/select_RegularBill To - Ship ToBill From - Dispatch FromBill To - Ship To Bill From - Dispatch From'  using regular expression (Root cause: com.kms.katalon.core.exception.StepFailedException: Unable to select option by label 'Regular' of object 'Object Repository/Generate/select_RegularBill To - Ship ToBill From - Dispatch FromBill To - Ship To Bill From - Dispatch From'  using regular expression
	at com.kms.katalon.core.webui.keyword.internal.WebUIKeywordMain.stepFailed(WebUIKeywordMain.groovy:64)
	at com.kms.katalon.core.webui.keyword.internal.WebUIKeywordMain.runKeyword(WebUIKeywordMain.groovy:26)
	at com.kms.katalon.core.webui.keyword.builtin.SelectOptionByLabelKeyword.selectOptionByLabel(SelectOptionByLabelKeyword.groovy:98)
	at com.kms.katalon.core.webui.keyword.builtin.SelectOptionByLabelKeyword.execute(SelectOptionByLabelKeyword.groovy:71)
	at com.kms.katalon.core.keyword.internal.KeywordExecutor.executeKeywordForPlatform(KeywordExecutor.groovy:56)
	at com.kms.katalon.core.webui.keyword.WebUiBuiltInKeywords.selectOptionByLabel(WebUiBuiltInKeywords.groovy:1200)
	at com.kms.katalon.core.webui.keyword.WebUiBuiltInKeywords$selectOptionByLabel$7.call(Unknown Source)
	at Generate.run(Generate:57)
	at com.kms.katalon.core.main.ScriptEngine.run(ScriptEngine.java:194)
	at com.kms.katalon.core.main.ScriptEngine.runScriptAsRawText(ScriptEngine.java:119)
	at com.kms.katalon.core.main.TestCaseExecutor.runScript(TestCaseExecutor.java:331)
	at com.kms.katalon.core.main.TestCaseExecutor.doExecute(TestCaseExecutor.java:322)
	at com.kms.katalon.core.main.TestCaseExecutor.processExecutionPhase(TestCaseExecutor.java:301)
	at com.kms.katalon.core.main.TestCaseExecutor.accessMainPhase(TestCaseExecutor.java:293)
	at com.kms.katalon.core.main.TestCaseExecutor.execute(TestCaseExecutor.java:227)
	at com.kms.katalon.core.main.TestSuiteExecutor.accessTestCaseMainPhase(TestSuiteExecutor.java:129)
	at com.kms.katalon.core.main.TestSuiteExecutor.accessTestSuiteMainPhase(TestSuiteExecutor.java:112)
	at com.kms.katalon.core.main.TestSuiteExecutor.execute(TestSuiteExecutor.java:81)
	at com.kms.katalon.core.main.TestCaseMain.startTestSuite(TestCaseMain.java:157)
	at com.kms.katalon.core.main.TestCaseMain$startTestSuite$0.call(Unknown Source)
	at TempTestSuite1554584058588.run(TempTestSuite1554584058588.groovy:35)
Caused by: com.kms.katalon.core.webui.exception.WebElementNotFoundException: Web element with id: 'Object Repository/Generate/select_RegularBill To - Ship ToBill From - Dispatch FromBill To - Ship To Bill From - Dispatch From' located by 'By.xpath: id("upload")/div[@class="row"]/div[@class="col-md-12 clearBoth"]/div[@class="box-body"]/div[@class="row"]/div[2]/form[@class="ng-valid-maxlength ng-valid-min ng-valid-minlength ng-valid-pattern ng-pristine ng-invalid ng-invalid-required"]/div[@class="row"]/div[@class="col-md-12"]/fieldset[@class="col-md-12"]/div[@class="col-md-12 noPadding clearBoth"]/div[@class="box-body"]/div[@id="addBusiness"]/div[@class="form-group"]/div[@class="col-sm-6 paddbt15"]/select[@class="form-control mandateBorder ng-pristine ng-empty ng-invalid ng-invalid-required ng-touched"][count(. | //select[@class = 'form-control mandateBorder ng-pristine ng-empty ng-invalid ng-invalid-required ng-touched' and @name = 'transactionType' and @ng-model = 'formData.transactionType' and @ng-options = 'obj.id as obj.name for obj in transactionTypeList' and (text() = 'RegularBill To - Ship ToBill From - Dispatch FromBill To - Ship To Bill From - Dispatch From' or . = 'RegularBill To - Ship ToBill From - Dispatch FromBill To - Ship To Bill From - Dispatch From')]) = count(//select[@class = 'form-control mandateBorder ng-pristine ng-empty ng-invalid ng-invalid-required ng-touched' and @name = 'transactionType' and @ng-model = 'formData.transactionType' and @ng-options = 'obj.id as obj.name for obj in transactionTypeList' and (text() = 'RegularBill To - Ship ToBill From - Dispatch FromBill To - Ship To Bill From - Dispatch From' or . = 'RegularBill To - Ship ToBill From - Dispatch FromBill To - Ship To Bill From - Dispatch From')])]' not found
	at com.kms.katalon.core.webui.common.WebUiCommonHelper.findWebElement(WebUiCommonHelper.java:1053)
	at com.kms.katalon.core.webui.keyword.internal.WebUIAbstractKeyword.findWebElement(WebUIAbstractKeyword.groovy:27)
	at com.kms.katalon.core.webui.keyword.internal.WebUIAbstractKeyword.findWebElement(WebUIAbstractKeyword.groovy:26)
	at com.kms.katalon.core.webui.keyword.builtin.SelectOptionByLabelKeyword$_selectOptionByLabel_closure1.doCall(SelectOptionByLabelKeyword.groovy:86)
	at com.kms.katalon.core.webui.keyword.builtin.SelectOptionByLabelKeyword$_selectOptionByLabel_closure1.call(SelectOptionByLabelKeyword.groovy)
	at com.kms.katalon.core.webui.keyword.internal.WebUIKeywordMain.runKeyword(WebUIKeywordMain.groovy:20)
	at com.kms.katalon.core.webui.keyword.builtin.SelectOptionByLabelKeyword.selectOptionByLabel(SelectOptionByLabelKeyword.groovy:98)
	at com.kms.katalon.core.webui.keyword.builtin.SelectOptionByLabelKeyword.execute(SelectOptionByLabelKeyword.groovy:71)
	at com.kms.katalon.core.keyword.internal.KeywordExecutor.executeKeywordForPlatform(KeywordExecutor.groovy:56)
	at com.kms.katalon.core.webui.keyword.WebUiBuiltInKeywords.selectOptionByLabel(WebUiBuiltInKeywords.groovy:1200)
	at com.kms.katalon.core.webui.keyword.WebUiBuiltInKeywords$selectOptionByLabel$7.call(Unknown Source)
	at Script1554577686876.run(Script1554577686876.groovy:57)
	... 13 more
)
	at com.kms.katalon.core.keyword.internal.KeywordMain.stepFailed(KeywordMain.groovy:37)
	at com.kms.katalon.core.webui.keyword.internal.WebUIKeywordMain.stepFailed(WebUIKeywordMain.groovy:64)
	at com.kms.katalon.core.webui.keyword.internal.WebUIKeywordMain.runKeyword(WebUIKeywordMain.groovy:26)
	at com.kms.katalon.core.webui.keyword.builtin.SelectOptionByLabelKeyword.selectOptionByLabel(SelectOptionByLabelKeyword.groovy:98)
	at com.kms.katalon.core.webui.keyword.builtin.SelectOptionByLabelKeyword.execute(SelectOptionByLabelKeyword.groovy:71)
	at com.kms.katalon.core.keyword.internal.KeywordExecutor.executeKeywordForPlatform(KeywordExecutor.groovy:56)
	at com.kms.katalon.core.webui.keyword.WebUiBuiltInKeywords.selectOptionByLabel(WebUiBuiltInKeywords.groovy:1200)
	at com.kms.katalon.core.webui.keyword.WebUiBuiltInKeywords$selectOptionByLabel$7.call(Unknown Source)
	at Generate.run(Generate:57)
	at com.kms.katalon.core.main.ScriptEngine.run(ScriptEngine.java:194)
	at com.kms.katalon.core.main.ScriptEngine.runScriptAsRawText(ScriptEngine.java:119)
	at com.kms.katalon.core.main.TestCaseExecutor.runScript(TestCaseExecutor.java:331)
	at com.kms.katalon.core.main.TestCaseExecutor.doExecute(TestCaseExecutor.java:322)
	at com.kms.katalon.core.main.TestCaseExecutor.processExecutionPhase(TestCaseExecutor.java:301)
	at com.kms.katalon.core.main.TestCaseExecutor.accessMainPhase(TestCaseExecutor.java:293)
	at com.kms.katalon.core.main.TestCaseExecutor.execute(TestCaseExecutor.java:227)
	at com.kms.katalon.core.main.TestSuiteExecutor.accessTestCaseMainPhase(TestSuiteExecutor.java:129)
	at com.kms.katalon.core.main.TestSuiteExecutor.accessTestSuiteMainPhase(TestSuiteExecutor.java:112)
	at com.kms.katalon.core.main.TestSuiteExecutor.execute(TestSuiteExecutor.java:81)
	at com.kms.katalon.core.main.TestCaseMain.startTestSuite(TestCaseMain.java:157)
	at com.kms.katalon.core.main.TestCaseMain$startTestSuite$0.call(Unknown Source)
	at TempTestSuite1554584058588.run(TempTestSuite1554584058588.groovy:35)
Caused by: com.kms.katalon.core.exception.StepFailedException: Unable to select option by label 'Regular' of object 'Object Repository/Generate/select_RegularBill To - Ship ToBill From - Dispatch FromBill To - Ship To Bill From - Dispatch From'  using regular expression
	... 21 more
Caused by: com.kms.katalon.core.webui.exception.WebElementNotFoundException: Web element with id: 'Object Repository/Generate/select_RegularBill To - Ship ToBill From - Dispatch FromBill To - Ship To Bill From - Dispatch From' located by 'By.xpath: id("upload")/div[@class="row"]/div[@class="col-md-12 clearBoth"]/div[@class="box-body"]/div[@class="row"]/div[2]/form[@class="ng-valid-maxlength ng-valid-min ng-valid-minlength ng-valid-pattern ng-pristine ng-invalid ng-invalid-required"]/div[@class="row"]/div[@class="col-md-12"]/fieldset[@class="col-md-12"]/div[@class="col-md-12 noPadding clearBoth"]/div[@class="box-body"]/div[@id="addBusiness"]/div[@class="form-group"]/div[@class="col-sm-6 paddbt15"]/select[@class="form-control mandateBorder ng-pristine ng-empty ng-invalid ng-invalid-required ng-touched"][count(. | //select[@class = 'form-control mandateBorder ng-pristine ng-empty ng-invalid ng-invalid-required ng-touched' and @name = 'transactionType' and @ng-model = 'formData.transactionType' and @ng-options = 'obj.id as obj.name for obj in transactionTypeList' and (text() = 'RegularBill To - Ship ToBill From - Dispatch FromBill To - Ship To Bill From - Dispatch From' or . = 'RegularBill To - Ship ToBill From - Dispatch FromBill To - Ship To Bill From - Dispatch From')]) = count(//select[@class = 'form-control mandateBorder ng-pristine ng-empty ng-invalid ng-invalid-required ng-touched' and @name = 'transactionType' and @ng-model = 'formData.transactionType' and @ng-options = 'obj.id as obj.name for obj in transactionTypeList' and (text() = 'RegularBill To - Ship ToBill From - Dispatch FromBill To - Ship To Bill From - Dispatch From' or . = 'RegularBill To - Ship ToBill From - Dispatch FromBill To - Ship To Bill From - Dispatch From')])]' not found
	at com.kms.katalon.core.webui.common.WebUiCommonHelper.findWebElement(WebUiCommonHelper.java:1053)
	at com.kms.katalon.core.webui.keyword.internal.WebUIAbstractKeyword.findWebElement(WebUIAbstractKeyword.groovy:27)
	at com.kms.katalon.core.webui.keyword.internal.WebUIAbstractKeyword.findWebElement(WebUIAbstractKeyword.groovy:26)
	at com.kms.katalon.core.webui.keyword.builtin.SelectOptionByLabelKeyword$_selectOptionByLabel_closure1.doCall(SelectOptionByLabelKeyword.groovy:86)
	at com.kms.katalon.core.webui.keyword.builtin.SelectOptionByLabelKeyword$_selectOptionByLabel_closure1.call(SelectOptionByLabelKeyword.groovy)
	at com.kms.katalon.core.webui.keyword.internal.WebUIKeywordMain.runKeyword(WebUIKeywordMain.groovy:20)
	at com.kms.katalon.core.webui.keyword.builtin.SelectOptionByLabelKeyword.selectOptionByLabel(SelectOptionByLabelKeyword.groovy:98)
	at com.kms.katalon.core.webui.keyword.builtin.SelectOptionByLabelKeyword.execute(SelectOptionByLabelKeyword.groovy:71)
	at com.kms.katalon.core.keyword.internal.KeywordExecutor.executeKeywordForPlatform(KeywordExecutor.groovy:56)
	at com.kms.katalon.core.webui.keyword.WebUiBuiltInKeywords.selectOptionByLabel(WebUiBuiltInKeywords.groovy:1200)
	at com.kms.katalon.core.webui.keyword.WebUiBuiltInKeywords$selectOptionByLabel$7.call(Unknown Source)
	at Script1554577686876.run(Script1554577686876.groovy:57)
	... 13 more


2019-04-07 02:24:37 - [TEST_STEP][PASSED] - delay(3): Delayed 3 second(s)

2019-04-07 02:24:40 - [MESSAGE][PASSED] - Delayed 3 second(s)

2019-04-07 02:24:40 - [TEST_STEP][PASSED] - click(findTestObject("Generate/i_Vijeta Business Solution_fa fa-angle-double-right")): Object: 'Object Repository/Generate/i_Vijeta Business Solution_fa fa-angle-double-right' is clicked on

2019-04-07 02:24:40 - [MESSAGE][PASSED] - Object: 'Object Repository/Generate/i_Vijeta Business Solution_fa fa-angle-double-right' is clicked on

2019-04-07 02:24:40 - [TEST_STEP][PASSED] - delay(1): Delayed 1 second(s)

2019-04-07 02:24:41 - [MESSAGE][PASSED] - Delayed 1 second(s)

2019-04-07 02:24:41 - [TEST_STEP][PASSED] - click(findTestObject("Generate/li_Nands Group")): Object: 'Object Repository/Generate/li_Nands Group' is clicked on

2019-04-07 02:24:42 - [MESSAGE][PASSED] - Object: 'Object Repository/Generate/li_Nands Group' is clicked on

2019-04-07 02:24:42 - [TEST_STEP][PASSED] - changeBusienssMsg = getText(findTestObject("Generate/div_Business Changed Successfully")): Text of object 'Object Repository/Generate/div_Business Changed Successfully' is: 'Business Changed Successfully.'

2019-04-07 02:24:42 - [MESSAGE][PASSED] - Text of object 'Object Repository/Generate/div_Business Changed Successfully' is: 'Business Changed Successfully.'

2019-04-07 02:24:42 - [TEST_STEP][PASSED] - verifyMatch(changeBusienssMsg, "Business Changed Successfully.", true): Actual text 'Business Changed Successfully.' and expected text 'Business Changed Successfully.' are matched  using regular expression

2019-04-07 02:24:42 - [MESSAGE][PASSED] - Actual text 'Business Changed Successfully.' and expected text 'Business Changed Successfully.' are matched  using regular expression

2019-04-07 02:24:42 - [TEST_STEP][PASSED] - click(findTestObject("Generate/div_Business Changed Successfully")): Object: 'Object Repository/Generate/div_Business Changed Successfully' is clicked on

2019-04-07 02:24:42 - [MESSAGE][PASSED] - Object: 'Object Repository/Generate/div_Business Changed Successfully' is clicked on

2019-04-07 02:24:42 - [TEST_STEP][PASSED] - delay(1): Delayed 1 second(s)

2019-04-07 02:24:43 - [MESSAGE][PASSED] - Delayed 1 second(s)

2019-04-07 02:24:43 - [TEST_STEP][PASSED] - click(findTestObject("Generate/i_Nands Group_fa fa-angle-double-right")): Object: 'Object Repository/Generate/i_Nands Group_fa fa-angle-double-right' is clicked on

2019-04-07 02:24:43 - [MESSAGE][PASSED] - Object: 'Object Repository/Generate/i_Nands Group_fa fa-angle-double-right' is clicked on

2019-04-07 02:24:43 - [TEST_STEP][PASSED] - delay(1): Delayed 1 second(s)

2019-04-07 02:24:44 - [MESSAGE][PASSED] - Delayed 1 second(s)

2019-04-07 02:24:44 - [TEST_STEP][PASSED] - click(findTestObject("Generate/li_Nands Business")): Object: 'Object Repository/Generate/li_Nands Business' is clicked on

2019-04-07 02:24:44 - [MESSAGE][PASSED] - Object: 'Object Repository/Generate/li_Nands Business' is clicked on

2019-04-07 02:24:44 - [TEST_STEP][PASSED] - delay(1): Delayed 1 second(s)

2019-04-07 02:24:45 - [MESSAGE][PASSED] - Delayed 1 second(s)

2019-04-07 02:24:45 - [TEST_STEP][PASSED] - click(findTestObject("Generate/i_Nands Business_fa fa-angle-double-right")): Object: 'Object Repository/Generate/i_Nands Business_fa fa-angle-double-right' is clicked on

2019-04-07 02:24:46 - [MESSAGE][PASSED] - Object: 'Object Repository/Generate/i_Nands Business_fa fa-angle-double-right' is clicked on

2019-04-07 02:24:46 - [TEST_STEP][PASSED] - delay(1): Delayed 1 second(s)

2019-04-07 02:24:47 - [MESSAGE][PASSED] - Delayed 1 second(s)

2019-04-07 02:24:47 - [TEST_STEP][PASSED] - click(findTestObject("Generate/li_Nands_Entity_1")): Object: 'Object Repository/Generate/li_Nands_Entity_1' is clicked on

2019-04-07 02:24:47 - [MESSAGE][PASSED] - Object: 'Object Repository/Generate/li_Nands_Entity_1' is clicked on

2019-04-07 02:24:47 - [TEST_STEP][PASSED] - delay(1): Delayed 1 second(s)

2019-04-07 02:24:48 - [MESSAGE][PASSED] - Delayed 1 second(s)

2019-04-07 02:24:48 - [TEST_STEP][PASSED] - click(findTestObject("Generate/li_Nands Group_1")): Object: 'Object Repository/Generate/li_Nands Group_1' is clicked on

2019-04-07 02:24:48 - [MESSAGE][PASSED] - Object: 'Object Repository/Generate/li_Nands Group_1' is clicked on

2019-04-07 02:24:48 - [TEST_STEP][PASSED] - click(findTestObject("Generate/span_Generate")): Object: 'Object Repository/Generate/span_Generate' is clicked on

2019-04-07 02:24:48 - [MESSAGE][PASSED] - Object: 'Object Repository/Generate/span_Generate' is clicked on

2019-04-07 02:24:48 - [TEST_STEP][PASSED] - delay(1): Delayed 1 second(s)

2019-04-07 02:24:49 - [MESSAGE][PASSED] - Delayed 1 second(s)

2019-04-07 02:24:49 - [TEST_STEP][FAILED] - selectOptionByLabel(findTestObject("Generate/select_RegularBill To - Ship ToBill From - Dispatch FromBill To - Ship To Bill From - Dispatch From"), "Regular", true): selectOptionByLabel(findTestObject("Generate/select_RegularBill To - Ship ToBill From - Dispatch FromBill To - Ship To Bill From - Dispatch From"), "Regular", true) FAILED.
Reason:
com.kms.katalon.core.exception.StepFailedException: Unable to select option by label 'Regular' of object 'Object Repository/Generate/select_RegularBill To - Ship ToBill From - Dispatch FromBill To - Ship To Bill From - Dispatch From'  using regular expression (Root cause: com.kms.katalon.core.exception.StepFailedException: Unable to select option by label 'Regular' of object 'Object Repository/Generate/select_RegularBill To - Ship ToBill From - Dispatch FromBill To - Ship To Bill From - Dispatch From'  using regular expression
	at com.kms.katalon.core.webui.keyword.internal.WebUIKeywordMain.stepFailed(WebUIKeywordMain.groovy:64)
	at com.kms.katalon.core.webui.keyword.internal.WebUIKeywordMain.runKeyword(WebUIKeywordMain.groovy:26)
	at com.kms.katalon.core.webui.keyword.builtin.SelectOptionByLabelKeyword.selectOptionByLabel(SelectOptionByLabelKeyword.groovy:98)
	at com.kms.katalon.core.webui.keyword.builtin.SelectOptionByLabelKeyword.execute(SelectOptionByLabelKeyword.groovy:71)
	at com.kms.katalon.core.keyword.internal.KeywordExecutor.executeKeywordForPlatform(KeywordExecutor.groovy:56)
	at com.kms.katalon.core.webui.keyword.WebUiBuiltInKeywords.selectOptionByLabel(WebUiBuiltInKeywords.groovy:1200)
	at com.kms.katalon.core.webui.keyword.WebUiBuiltInKeywords$selectOptionByLabel$7.call(Unknown Source)
	at Generate.run(Generate:57)
	at com.kms.katalon.core.main.ScriptEngine.run(ScriptEngine.java:194)
	at com.kms.katalon.core.main.ScriptEngine.runScriptAsRawText(ScriptEngine.java:119)
	at com.kms.katalon.core.main.TestCaseExecutor.runScript(TestCaseExecutor.java:331)
	at com.kms.katalon.core.main.TestCaseExecutor.doExecute(TestCaseExecutor.java:322)
	at com.kms.katalon.core.main.TestCaseExecutor.processExecutionPhase(TestCaseExecutor.java:301)
	at com.kms.katalon.core.main.TestCaseExecutor.accessMainPhase(TestCaseExecutor.java:293)
	at com.kms.katalon.core.main.TestCaseExecutor.execute(TestCaseExecutor.java:227)
	at com.kms.katalon.core.main.TestSuiteExecutor.accessTestCaseMainPhase(TestSuiteExecutor.java:129)
	at com.kms.katalon.core.main.TestSuiteExecutor.accessTestSuiteMainPhase(TestSuiteExecutor.java:112)
	at com.kms.katalon.core.main.TestSuiteExecutor.execute(TestSuiteExecutor.java:81)
	at com.kms.katalon.core.main.TestCaseMain.startTestSuite(TestCaseMain.java:157)
	at com.kms.katalon.core.main.TestCaseMain$startTestSuite$0.call(Unknown Source)
	at TempTestSuite1554584058588.run(TempTestSuite1554584058588.groovy:35)
Caused by: com.kms.katalon.core.webui.exception.WebElementNotFoundException: Web element with id: 'Object Repository/Generate/select_RegularBill To - Ship ToBill From - Dispatch FromBill To - Ship To Bill From - Dispatch From' located by 'By.xpath: id("upload")/div[@class="row"]/div[@class="col-md-12 clearBoth"]/div[@class="box-body"]/div[@class="row"]/div[2]/form[@class="ng-valid-maxlength ng-valid-min ng-valid-minlength ng-valid-pattern ng-pristine ng-invalid ng-invalid-required"]/div[@class="row"]/div[@class="col-md-12"]/fieldset[@class="col-md-12"]/div[@class="col-md-12 noPadding clearBoth"]/div[@class="box-body"]/div[@id="addBusiness"]/div[@class="form-group"]/div[@class="col-sm-6 paddbt15"]/select[@class="form-control mandateBorder ng-pristine ng-empty ng-invalid ng-invalid-required ng-touched"][count(. | //select[@class = 'form-control mandateBorder ng-pristine ng-empty ng-invalid ng-invalid-required ng-touched' and @name = 'transactionType' and @ng-model = 'formData.transactionType' and @ng-options = 'obj.id as obj.name for obj in transactionTypeList' and (text() = 'RegularBill To - Ship ToBill From - Dispatch FromBill To - Ship To Bill From - Dispatch From' or . = 'RegularBill To - Ship ToBill From - Dispatch FromBill To - Ship To Bill From - Dispatch From')]) = count(//select[@class = 'form-control mandateBorder ng-pristine ng-empty ng-invalid ng-invalid-required ng-touched' and @name = 'transactionType' and @ng-model = 'formData.transactionType' and @ng-options = 'obj.id as obj.name for obj in transactionTypeList' and (text() = 'RegularBill To - Ship ToBill From - Dispatch FromBill To - Ship To Bill From - Dispatch From' or . = 'RegularBill To - Ship ToBill From - Dispatch FromBill To - Ship To Bill From - Dispatch From')])]' not found
	at com.kms.katalon.core.webui.common.WebUiCommonHelper.findWebElement(WebUiCommonHelper.java:1053)
	at com.kms.katalon.core.webui.keyword.internal.WebUIAbstractKeyword.findWebElement(WebUIAbstractKeyword.groovy:27)
	at com.kms.katalon.core.webui.keyword.internal.WebUIAbstractKeyword.findWebElement(WebUIAbstractKeyword.groovy:26)
	at com.kms.katalon.core.webui.keyword.builtin.SelectOptionByLabelKeyword$_selectOptionByLabel_closure1.doCall(SelectOptionByLabelKeyword.groovy:86)
	at com.kms.katalon.core.webui.keyword.builtin.SelectOptionByLabelKeyword$_selectOptionByLabel_closure1.call(SelectOptionByLabelKeyword.groovy)
	at com.kms.katalon.core.webui.keyword.internal.WebUIKeywordMain.runKeyword(WebUIKeywordMain.groovy:20)
	at com.kms.katalon.core.webui.keyword.builtin.SelectOptionByLabelKeyword.selectOptionByLabel(SelectOptionByLabelKeyword.groovy:98)
	at com.kms.katalon.core.webui.keyword.builtin.SelectOptionByLabelKeyword.execute(SelectOptionByLabelKeyword.groovy:71)
	at com.kms.katalon.core.keyword.internal.KeywordExecutor.executeKeywordForPlatform(KeywordExecutor.groovy:56)
	at com.kms.katalon.core.webui.keyword.WebUiBuiltInKeywords.selectOptionByLabel(WebUiBuiltInKeywords.groovy:1200)
	at com.kms.katalon.core.webui.keyword.WebUiBuiltInKeywords$selectOptionByLabel$7.call(Unknown Source)
	at Script1554577686876.run(Script1554577686876.groovy:57)
	... 13 more
)
	at com.kms.katalon.core.keyword.internal.KeywordMain.stepFailed(KeywordMain.groovy:37)
	at com.kms.katalon.core.webui.keyword.internal.WebUIKeywordMain.stepFailed(WebUIKeywordMain.groovy:64)
	at com.kms.katalon.core.webui.keyword.internal.WebUIKeywordMain.runKeyword(WebUIKeywordMain.groovy:26)
	at com.kms.katalon.core.webui.keyword.builtin.SelectOptionByLabelKeyword.selectOptionByLabel(SelectOptionByLabelKeyword.groovy:98)
	at com.kms.katalon.core.webui.keyword.builtin.SelectOptionByLabelKeyword.execute(SelectOptionByLabelKeyword.groovy:71)
	at com.kms.katalon.core.keyword.internal.KeywordExecutor.executeKeywordForPlatform(KeywordExecutor.groovy:56)
	at com.kms.katalon.core.webui.keyword.WebUiBuiltInKeywords.selectOptionByLabel(WebUiBuiltInKeywords.groovy:1200)
	at com.kms.katalon.core.webui.keyword.WebUiBuiltInKeywords$selectOptionByLabel$7.call(Unknown Source)
	at Generate.run(Generate:57)
	at com.kms.katalon.core.main.ScriptEngine.run(ScriptEngine.java:194)
	at com.kms.katalon.core.main.ScriptEngine.runScriptAsRawText(ScriptEngine.java:119)
	at com.kms.katalon.core.main.TestCaseExecutor.runScript(TestCaseExecutor.java:331)
	at com.kms.katalon.core.main.TestCaseExecutor.doExecute(TestCaseExecutor.java:322)
	at com.kms.katalon.core.main.TestCaseExecutor.processExecutionPhase(TestCaseExecutor.java:301)
	at com.kms.katalon.core.main.TestCaseExecutor.accessMainPhase(TestCaseExecutor.java:293)
	at com.kms.katalon.core.main.TestCaseExecutor.execute(TestCaseExecutor.java:227)
	at com.kms.katalon.core.main.TestSuiteExecutor.accessTestCaseMainPhase(TestSuiteExecutor.java:129)
	at com.kms.katalon.core.main.TestSuiteExecutor.accessTestSuiteMainPhase(TestSuiteExecutor.java:112)
	at com.kms.katalon.core.main.TestSuiteExecutor.execute(TestSuiteExecutor.java:81)
	at com.kms.katalon.core.main.TestCaseMain.startTestSuite(TestCaseMain.java:157)
	at com.kms.katalon.core.main.TestCaseMain$startTestSuite$0.call(Unknown Source)
	at TempTestSuite1554584058588.run(TempTestSuite1554584058588.groovy:35)
Caused by: com.kms.katalon.core.exception.StepFailedException: Unable to select option by label 'Regular' of object 'Object Repository/Generate/select_RegularBill To - Ship ToBill From - Dispatch FromBill To - Ship To Bill From - Dispatch From'  using regular expression
	... 21 more
Caused by: com.kms.katalon.core.webui.exception.WebElementNotFoundException: Web element with id: 'Object Repository/Generate/select_RegularBill To - Ship ToBill From - Dispatch FromBill To - Ship To Bill From - Dispatch From' located by 'By.xpath: id("upload")/div[@class="row"]/div[@class="col-md-12 clearBoth"]/div[@class="box-body"]/div[@class="row"]/div[2]/form[@class="ng-valid-maxlength ng-valid-min ng-valid-minlength ng-valid-pattern ng-pristine ng-invalid ng-invalid-required"]/div[@class="row"]/div[@class="col-md-12"]/fieldset[@class="col-md-12"]/div[@class="col-md-12 noPadding clearBoth"]/div[@class="box-body"]/div[@id="addBusiness"]/div[@class="form-group"]/div[@class="col-sm-6 paddbt15"]/select[@class="form-control mandateBorder ng-pristine ng-empty ng-invalid ng-invalid-required ng-touched"][count(. | //select[@class = 'form-control mandateBorder ng-pristine ng-empty ng-invalid ng-invalid-required ng-touched' and @name = 'transactionType' and @ng-model = 'formData.transactionType' and @ng-options = 'obj.id as obj.name for obj in transactionTypeList' and (text() = 'RegularBill To - Ship ToBill From - Dispatch FromBill To - Ship To Bill From - Dispatch From' or . = 'RegularBill To - Ship ToBill From - Dispatch FromBill To - Ship To Bill From - Dispatch From')]) = count(//select[@class = 'form-control mandateBorder ng-pristine ng-empty ng-invalid ng-invalid-required ng-touched' and @name = 'transactionType' and @ng-model = 'formData.transactionType' and @ng-options = 'obj.id as obj.name for obj in transactionTypeList' and (text() = 'RegularBill To - Ship ToBill From - Dispatch FromBill To - Ship To Bill From - Dispatch From' or . = 'RegularBill To - Ship ToBill From - Dispatch FromBill To - Ship To Bill From - Dispatch From')])]' not found
	at com.kms.katalon.core.webui.common.WebUiCommonHelper.findWebElement(WebUiCommonHelper.java:1053)
	at com.kms.katalon.core.webui.keyword.internal.WebUIAbstractKeyword.findWebElement(WebUIAbstractKeyword.groovy:27)
	at com.kms.katalon.core.webui.keyword.internal.WebUIAbstractKeyword.findWebElement(WebUIAbstractKeyword.groovy:26)
	at com.kms.katalon.core.webui.keyword.builtin.SelectOptionByLabelKeyword$_selectOptionByLabel_closure1.doCall(SelectOptionByLabelKeyword.groovy:86)
	at com.kms.katalon.core.webui.keyword.builtin.SelectOptionByLabelKeyword$_selectOptionByLabel_closure1.call(SelectOptionByLabelKeyword.groovy)
	at com.kms.katalon.core.webui.keyword.internal.WebUIKeywordMain.runKeyword(WebUIKeywordMain.groovy:20)
	at com.kms.katalon.core.webui.keyword.builtin.SelectOptionByLabelKeyword.selectOptionByLabel(SelectOptionByLabelKeyword.groovy:98)
	at com.kms.katalon.core.webui.keyword.builtin.SelectOptionByLabelKeyword.execute(SelectOptionByLabelKeyword.groovy:71)
	at com.kms.katalon.core.keyword.internal.KeywordExecutor.executeKeywordForPlatform(KeywordExecutor.groovy:56)
	at com.kms.katalon.core.webui.keyword.WebUiBuiltInKeywords.selectOptionByLabel(WebUiBuiltInKeywords.groovy:1200)
	at com.kms.katalon.core.webui.keyword.WebUiBuiltInKeywords$selectOptionByLabel$7.call(Unknown Source)
	at Script1554577686876.run(Script1554577686876.groovy:57)
	... 13 more


2019-04-07 02:25:21 - [MESSAGE][INFO] - Unable to find the element located by 'By.xpath: id("upload")/div[@class="row"]/div[@class="col-md-12 clearBoth"]/div[@class="box-body"]/div[@class="row"]/div[2]/form[@class="ng-valid-maxlength ng-valid-min ng-valid-minlength ng-valid-pattern ng-pristine ng-invalid ng-invalid-required"]/div[@class="row"]/div[@class="col-md-12"]/fieldset[@class="col-md-12"]/div[@class="col-md-12 noPadding clearBoth"]/div[@class="box-body"]/div[@id="addBusiness"]/div[@class="form-group"]/div[@class="col-sm-6 paddbt15"]/select[@class="form-control mandateBorder ng-pristine ng-empty ng-invalid ng-invalid-required ng-touched"][count(. | //select[@class = 'form-control mandateBorder ng-pristine ng-empty ng-invalid ng-invalid-required ng-touched' and @name = 'transactionType' and @ng-model = 'formData.transactionType' and @ng-options = 'obj.id as obj.name for obj in transactionTypeList' and (text() = 'RegularBill To - Ship ToBill From - Dispatch FromBill To - Ship To Bill From - Dispatch From' or . = 'RegularBill To - Ship ToBill From - Dispatch FromBill To - Ship To Bill From - Dispatch From')]) = count(//select[@class = 'form-control mandateBorder ng-pristine ng-empty ng-invalid ng-invalid-required ng-touched' and @name = 'transactionType' and @ng-model = 'formData.transactionType' and @ng-options = 'obj.id as obj.name for obj in transactionTypeList' and (text() = 'RegularBill To - Ship ToBill From - Dispatch FromBill To - Ship To Bill From - Dispatch From' or . = 'RegularBill To - Ship ToBill From - Dispatch FromBill To - Ship To Bill From - Dispatch From')])]'. Please recheck the objects properties to make sure the desired element is located. 

2019-04-07 02:25:21 - [MESSAGE][FAILED] - Unable to select option by label 'Regular' of object 'Object Repository/Generate/select_RegularBill To - Ship ToBill From - Dispatch FromBill To - Ship To Bill From - Dispatch From'  using regular expression (Root cause: com.kms.katalon.core.exception.StepFailedException: Unable to select option by label 'Regular' of object 'Object Repository/Generate/select_RegularBill To - Ship ToBill From - Dispatch FromBill To - Ship To Bill From - Dispatch From'  using regular expression
	at com.kms.katalon.core.webui.keyword.internal.WebUIKeywordMain.stepFailed(WebUIKeywordMain.groovy:64)
	at com.kms.katalon.core.webui.keyword.internal.WebUIKeywordMain.runKeyword(WebUIKeywordMain.groovy:26)
	at com.kms.katalon.core.webui.keyword.builtin.SelectOptionByLabelKeyword.selectOptionByLabel(SelectOptionByLabelKeyword.groovy:98)
	at com.kms.katalon.core.webui.keyword.builtin.SelectOptionByLabelKeyword.execute(SelectOptionByLabelKeyword.groovy:71)
	at com.kms.katalon.core.keyword.internal.KeywordExecutor.executeKeywordForPlatform(KeywordExecutor.groovy:56)
	at com.kms.katalon.core.webui.keyword.WebUiBuiltInKeywords.selectOptionByLabel(WebUiBuiltInKeywords.groovy:1200)
	at com.kms.katalon.core.webui.keyword.WebUiBuiltInKeywords$selectOptionByLabel$7.call(Unknown Source)
	at Generate.run(Generate:57)
	at com.kms.katalon.core.main.ScriptEngine.run(ScriptEngine.java:194)
	at com.kms.katalon.core.main.ScriptEngine.runScriptAsRawText(ScriptEngine.java:119)
	at com.kms.katalon.core.main.TestCaseExecutor.runScript(TestCaseExecutor.java:331)
	at com.kms.katalon.core.main.TestCaseExecutor.doExecute(TestCaseExecutor.java:322)
	at com.kms.katalon.core.main.TestCaseExecutor.processExecutionPhase(TestCaseExecutor.java:301)
	at com.kms.katalon.core.main.TestCaseExecutor.accessMainPhase(TestCaseExecutor.java:293)
	at com.kms.katalon.core.main.TestCaseExecutor.execute(TestCaseExecutor.java:227)
	at com.kms.katalon.core.main.TestSuiteExecutor.accessTestCaseMainPhase(TestSuiteExecutor.java:129)
	at com.kms.katalon.core.main.TestSuiteExecutor.accessTestSuiteMainPhase(TestSuiteExecutor.java:112)
	at com.kms.katalon.core.main.TestSuiteExecutor.execute(TestSuiteExecutor.java:81)
	at com.kms.katalon.core.main.TestCaseMain.startTestSuite(TestCaseMain.java:157)
	at com.kms.katalon.core.main.TestCaseMain$startTestSuite$0.call(Unknown Source)
	at TempTestSuite1554584058588.run(TempTestSuite1554584058588.groovy:35)
Caused by: com.kms.katalon.core.webui.exception.WebElementNotFoundException: Web element with id: 'Object Repository/Generate/select_RegularBill To - Ship ToBill From - Dispatch FromBill To - Ship To Bill From - Dispatch From' located by 'By.xpath: id("upload")/div[@class="row"]/div[@class="col-md-12 clearBoth"]/div[@class="box-body"]/div[@class="row"]/div[2]/form[@class="ng-valid-maxlength ng-valid-min ng-valid-minlength ng-valid-pattern ng-pristine ng-invalid ng-invalid-required"]/div[@class="row"]/div[@class="col-md-12"]/fieldset[@class="col-md-12"]/div[@class="col-md-12 noPadding clearBoth"]/div[@class="box-body"]/div[@id="addBusiness"]/div[@class="form-group"]/div[@class="col-sm-6 paddbt15"]/select[@class="form-control mandateBorder ng-pristine ng-empty ng-invalid ng-invalid-required ng-touched"][count(. | //select[@class = 'form-control mandateBorder ng-pristine ng-empty ng-invalid ng-invalid-required ng-touched' and @name = 'transactionType' and @ng-model = 'formData.transactionType' and @ng-options = 'obj.id as obj.name for obj in transactionTypeList' and (text() = 'RegularBill To - Ship ToBill From - Dispatch FromBill To - Ship To Bill From - Dispatch From' or . = 'RegularBill To - Ship ToBill From - Dispatch FromBill To - Ship To Bill From - Dispatch From')]) = count(//select[@class = 'form-control mandateBorder ng-pristine ng-empty ng-invalid ng-invalid-required ng-touched' and @name = 'transactionType' and @ng-model = 'formData.transactionType' and @ng-options = 'obj.id as obj.name for obj in transactionTypeList' and (text() = 'RegularBill To - Ship ToBill From - Dispatch FromBill To - Ship To Bill From - Dispatch From' or . = 'RegularBill To - Ship ToBill From - Dispatch FromBill To - Ship To Bill From - Dispatch From')])]' not found
	at com.kms.katalon.core.webui.common.WebUiCommonHelper.findWebElement(WebUiCommonHelper.java:1053)
	at com.kms.katalon.core.webui.keyword.internal.WebUIAbstractKeyword.findWebElement(WebUIAbstractKeyword.groovy:27)
	at com.kms.katalon.core.webui.keyword.internal.WebUIAbstractKeyword.findWebElement(WebUIAbstractKeyword.groovy:26)
	at com.kms.katalon.core.webui.keyword.builtin.SelectOptionByLabelKeyword$_selectOptionByLabel_closure1.doCall(SelectOptionByLabelKeyword.groovy:86)
	at com.kms.katalon.core.webui.keyword.builtin.SelectOptionByLabelKeyword$_selectOptionByLabel_closure1.call(SelectOptionByLabelKeyword.groovy)
	at com.kms.katalon.core.webui.keyword.internal.WebUIKeywordMain.runKeyword(WebUIKeywordMain.groovy:20)
	at com.kms.katalon.core.webui.keyword.builtin.SelectOptionByLabelKeyword.selectOptionByLabel(SelectOptionByLabelKeyword.groovy:98)
	at com.kms.katalon.core.webui.keyword.builtin.SelectOptionByLabelKeyword.execute(SelectOptionByLabelKeyword.groovy:71)
	at com.kms.katalon.core.keyword.internal.KeywordExecutor.executeKeywordForPlatform(KeywordExecutor.groovy:56)
	at com.kms.katalon.core.webui.keyword.WebUiBuiltInKeywords.selectOptionByLabel(WebUiBuiltInKeywords.groovy:1200)
	at com.kms.katalon.core.webui.keyword.WebUiBuiltInKeywords$selectOptionByLabel$7.call(Unknown Source)
	at Script1554577686876.run(Script1554577686876.groovy:57)
	... 13 more
)
[[ATTACHMENT|C:\\Users\\Amitansh\\git\\katalonstudio\\Reports\\Smoke Test\\20190407_022418\\1554584121006.png]]

2019-04-07 02:25:21 - [MESSAGE][FAILED] - selectOptionByLabel(findTestObject("Generate/select_RegularBill To - Ship ToBill From - Dispatch FromBill To - Ship To Bill From - Dispatch From"), "Regular", true) FAILED.
Reason:
com.kms.katalon.core.exception.StepFailedException: Unable to select option by label 'Regular' of object 'Object Repository/Generate/select_RegularBill To - Ship ToBill From - Dispatch FromBill To - Ship To Bill From - Dispatch From'  using regular expression (Root cause: com.kms.katalon.core.exception.StepFailedException: Unable to select option by label 'Regular' of object 'Object Repository/Generate/select_RegularBill To - Ship ToBill From - Dispatch FromBill To - Ship To Bill From - Dispatch From'  using regular expression
	at com.kms.katalon.core.webui.keyword.internal.WebUIKeywordMain.stepFailed(WebUIKeywordMain.groovy:64)
	at com.kms.katalon.core.webui.keyword.internal.WebUIKeywordMain.runKeyword(WebUIKeywordMain.groovy:26)
	at com.kms.katalon.core.webui.keyword.builtin.SelectOptionByLabelKeyword.selectOptionByLabel(SelectOptionByLabelKeyword.groovy:98)
	at com.kms.katalon.core.webui.keyword.builtin.SelectOptionByLabelKeyword.execute(SelectOptionByLabelKeyword.groovy:71)
	at com.kms.katalon.core.keyword.internal.KeywordExecutor.executeKeywordForPlatform(KeywordExecutor.groovy:56)
	at com.kms.katalon.core.webui.keyword.WebUiBuiltInKeywords.selectOptionByLabel(WebUiBuiltInKeywords.groovy:1200)
	at com.kms.katalon.core.webui.keyword.WebUiBuiltInKeywords$selectOptionByLabel$7.call(Unknown Source)
	at Generate.run(Generate:57)
	at com.kms.katalon.core.main.ScriptEngine.run(ScriptEngine.java:194)
	at com.kms.katalon.core.main.ScriptEngine.runScriptAsRawText(ScriptEngine.java:119)
	at com.kms.katalon.core.main.TestCaseExecutor.runScript(TestCaseExecutor.java:331)
	at com.kms.katalon.core.main.TestCaseExecutor.doExecute(TestCaseExecutor.java:322)
	at com.kms.katalon.core.main.TestCaseExecutor.processExecutionPhase(TestCaseExecutor.java:301)
	at com.kms.katalon.core.main.TestCaseExecutor.accessMainPhase(TestCaseExecutor.java:293)
	at com.kms.katalon.core.main.TestCaseExecutor.execute(TestCaseExecutor.java:227)
	at com.kms.katalon.core.main.TestSuiteExecutor.accessTestCaseMainPhase(TestSuiteExecutor.java:129)
	at com.kms.katalon.core.main.TestSuiteExecutor.accessTestSuiteMainPhase(TestSuiteExecutor.java:112)
	at com.kms.katalon.core.main.TestSuiteExecutor.execute(TestSuiteExecutor.java:81)
	at com.kms.katalon.core.main.TestCaseMain.startTestSuite(TestCaseMain.java:157)
	at com.kms.katalon.core.main.TestCaseMain$startTestSuite$0.call(Unknown Source)
	at TempTestSuite1554584058588.run(TempTestSuite1554584058588.groovy:35)
Caused by: com.kms.katalon.core.webui.exception.WebElementNotFoundException: Web element with id: 'Object Repository/Generate/select_RegularBill To - Ship ToBill From - Dispatch FromBill To - Ship To Bill From - Dispatch From' located by 'By.xpath: id("upload")/div[@class="row"]/div[@class="col-md-12 clearBoth"]/div[@class="box-body"]/div[@class="row"]/div[2]/form[@class="ng-valid-maxlength ng-valid-min ng-valid-minlength ng-valid-pattern ng-pristine ng-invalid ng-invalid-required"]/div[@class="row"]/div[@class="col-md-12"]/fieldset[@class="col-md-12"]/div[@class="col-md-12 noPadding clearBoth"]/div[@class="box-body"]/div[@id="addBusiness"]/div[@class="form-group"]/div[@class="col-sm-6 paddbt15"]/select[@class="form-control mandateBorder ng-pristine ng-empty ng-invalid ng-invalid-required ng-touched"][count(. | //select[@class = 'form-control mandateBorder ng-pristine ng-empty ng-invalid ng-invalid-required ng-touched' and @name = 'transactionType' and @ng-model = 'formData.transactionType' and @ng-options = 'obj.id as obj.name for obj in transactionTypeList' and (text() = 'RegularBill To - Ship ToBill From - Dispatch FromBill To - Ship To Bill From - Dispatch From' or . = 'RegularBill To - Ship ToBill From - Dispatch FromBill To - Ship To Bill From - Dispatch From')]) = count(//select[@class = 'form-control mandateBorder ng-pristine ng-empty ng-invalid ng-invalid-required ng-touched' and @name = 'transactionType' and @ng-model = 'formData.transactionType' and @ng-options = 'obj.id as obj.name for obj in transactionTypeList' and (text() = 'RegularBill To - Ship ToBill From - Dispatch FromBill To - Ship To Bill From - Dispatch From' or . = 'RegularBill To - Ship ToBill From - Dispatch FromBill To - Ship To Bill From - Dispatch From')])]' not found
	at com.kms.katalon.core.webui.common.WebUiCommonHelper.findWebElement(WebUiCommonHelper.java:1053)
	at com.kms.katalon.core.webui.keyword.internal.WebUIAbstractKeyword.findWebElement(WebUIAbstractKeyword.groovy:27)
	at com.kms.katalon.core.webui.keyword.internal.WebUIAbstractKeyword.findWebElement(WebUIAbstractKeyword.groovy:26)
	at com.kms.katalon.core.webui.keyword.builtin.SelectOptionByLabelKeyword$_selectOptionByLabel_closure1.doCall(SelectOptionByLabelKeyword.groovy:86)
	at com.kms.katalon.core.webui.keyword.builtin.SelectOptionByLabelKeyword$_selectOptionByLabel_closure1.call(SelectOptionByLabelKeyword.groovy)
	at com.kms.katalon.core.webui.keyword.internal.WebUIKeywordMain.runKeyword(WebUIKeywordMain.groovy:20)
	at com.kms.katalon.core.webui.keyword.builtin.SelectOptionByLabelKeyword.selectOptionByLabel(SelectOptionByLabelKeyword.groovy:98)
	at com.kms.katalon.core.webui.keyword.builtin.SelectOptionByLabelKeyword.execute(SelectOptionByLabelKeyword.groovy:71)
	at com.kms.katalon.core.keyword.internal.KeywordExecutor.executeKeywordForPlatform(KeywordExecutor.groovy:56)
	at com.kms.katalon.core.webui.keyword.WebUiBuiltInKeywords.selectOptionByLabel(WebUiBuiltInKeywords.groovy:1200)
	at com.kms.katalon.core.webui.keyword.WebUiBuiltInKeywords$selectOptionByLabel$7.call(Unknown Source)
	at Script1554577686876.run(Script1554577686876.groovy:57)
	... 13 more
)
	at com.kms.katalon.core.keyword.internal.KeywordMain.stepFailed(KeywordMain.groovy:37)
	at com.kms.katalon.core.webui.keyword.internal.WebUIKeywordMain.stepFailed(WebUIKeywordMain.groovy:64)
	at com.kms.katalon.core.webui.keyword.internal.WebUIKeywordMain.runKeyword(WebUIKeywordMain.groovy:26)
	at com.kms.katalon.core.webui.keyword.builtin.SelectOptionByLabelKeyword.selectOptionByLabel(SelectOptionByLabelKeyword.groovy:98)
	at com.kms.katalon.core.webui.keyword.builtin.SelectOptionByLabelKeyword.execute(SelectOptionByLabelKeyword.groovy:71)
	at com.kms.katalon.core.keyword.internal.KeywordExecutor.executeKeywordForPlatform(KeywordExecutor.groovy:56)
	at com.kms.katalon.core.webui.keyword.WebUiBuiltInKeywords.selectOptionByLabel(WebUiBuiltInKeywords.groovy:1200)
	at com.kms.katalon.core.webui.keyword.WebUiBuiltInKeywords$selectOptionByLabel$7.call(Unknown Source)
	at Generate.run(Generate:57)
	at com.kms.katalon.core.main.ScriptEngine.run(ScriptEngine.java:194)
	at com.kms.katalon.core.main.ScriptEngine.runScriptAsRawText(ScriptEngine.java:119)
	at com.kms.katalon.core.main.TestCaseExecutor.runScript(TestCaseExecutor.java:331)
	at com.kms.katalon.core.main.TestCaseExecutor.doExecute(TestCaseExecutor.java:322)
	at com.kms.katalon.core.main.TestCaseExecutor.processExecutionPhase(TestCaseExecutor.java:301)
	at com.kms.katalon.core.main.TestCaseExecutor.accessMainPhase(TestCaseExecutor.java:293)
	at com.kms.katalon.core.main.TestCaseExecutor.execute(TestCaseExecutor.java:227)
	at com.kms.katalon.core.main.TestSuiteExecutor.accessTestCaseMainPhase(TestSuiteExecutor.java:129)
	at com.kms.katalon.core.main.TestSuiteExecutor.accessTestSuiteMainPhase(TestSuiteExecutor.java:112)
	at com.kms.katalon.core.main.TestSuiteExecutor.execute(TestSuiteExecutor.java:81)
	at com.kms.katalon.core.main.TestCaseMain.startTestSuite(TestCaseMain.java:157)
	at com.kms.katalon.core.main.TestCaseMain$startTestSuite$0.call(Unknown Source)
	at TempTestSuite1554584058588.run(TempTestSuite1554584058588.groovy:35)
Caused by: com.kms.katalon.core.exception.StepFailedException: Unable to select option by label 'Regular' of object 'Object Repository/Generate/select_RegularBill To - Ship ToBill From - Dispatch FromBill To - Ship To Bill From - Dispatch From'  using regular expression
	... 21 more
Caused by: com.kms.katalon.core.webui.exception.WebElementNotFoundException: Web element with id: 'Object Repository/Generate/select_RegularBill To - Ship ToBill From - Dispatch FromBill To - Ship To Bill From - Dispatch From' located by 'By.xpath: id("upload")/div[@class="row"]/div[@class="col-md-12 clearBoth"]/div[@class="box-body"]/div[@class="row"]/div[2]/form[@class="ng-valid-maxlength ng-valid-min ng-valid-minlength ng-valid-pattern ng-pristine ng-invalid ng-invalid-required"]/div[@class="row"]/div[@class="col-md-12"]/fieldset[@class="col-md-12"]/div[@class="col-md-12 noPadding clearBoth"]/div[@class="box-body"]/div[@id="addBusiness"]/div[@class="form-group"]/div[@class="col-sm-6 paddbt15"]/select[@class="form-control mandateBorder ng-pristine ng-empty ng-invalid ng-invalid-required ng-touched"][count(. | //select[@class = 'form-control mandateBorder ng-pristine ng-empty ng-invalid ng-invalid-required ng-touched' and @name = 'transactionType' and @ng-model = 'formData.transactionType' and @ng-options = 'obj.id as obj.name for obj in transactionTypeList' and (text() = 'RegularBill To - Ship ToBill From - Dispatch FromBill To - Ship To Bill From - Dispatch From' or . = 'RegularBill To - Ship ToBill From - Dispatch FromBill To - Ship To Bill From - Dispatch From')]) = count(//select[@class = 'form-control mandateBorder ng-pristine ng-empty ng-invalid ng-invalid-required ng-touched' and @name = 'transactionType' and @ng-model = 'formData.transactionType' and @ng-options = 'obj.id as obj.name for obj in transactionTypeList' and (text() = 'RegularBill To - Ship ToBill From - Dispatch FromBill To - Ship To Bill From - Dispatch From' or . = 'RegularBill To - Ship ToBill From - Dispatch FromBill To - Ship To Bill From - Dispatch From')])]' not found
	at com.kms.katalon.core.webui.common.WebUiCommonHelper.findWebElement(WebUiCommonHelper.java:1053)
	at com.kms.katalon.core.webui.keyword.internal.WebUIAbstractKeyword.findWebElement(WebUIAbstractKeyword.groovy:27)
	at com.kms.katalon.core.webui.keyword.internal.WebUIAbstractKeyword.findWebElement(WebUIAbstractKeyword.groovy:26)
	at com.kms.katalon.core.webui.keyword.builtin.SelectOptionByLabelKeyword$_selectOptionByLabel_closure1.doCall(SelectOptionByLabelKeyword.groovy:86)
	at com.kms.katalon.core.webui.keyword.builtin.SelectOptionByLabelKeyword$_selectOptionByLabel_closure1.call(SelectOptionByLabelKeyword.groovy)
	at com.kms.katalon.core.webui.keyword.internal.WebUIKeywordMain.runKeyword(WebUIKeywordMain.groovy:20)
	at com.kms.katalon.core.webui.keyword.builtin.SelectOptionByLabelKeyword.selectOptionByLabel(SelectOptionByLabelKeyword.groovy:98)
	at com.kms.katalon.core.webui.keyword.builtin.SelectOptionByLabelKeyword.execute(SelectOptionByLabelKeyword.groovy:71)
	at com.kms.katalon.core.keyword.internal.KeywordExecutor.executeKeywordForPlatform(KeywordExecutor.groovy:56)
	at com.kms.katalon.core.webui.keyword.WebUiBuiltInKeywords.selectOptionByLabel(WebUiBuiltInKeywords.groovy:1200)
	at com.kms.katalon.core.webui.keyword.WebUiBuiltInKeywords$selectOptionByLabel$7.call(Unknown Source)
	at Script1554577686876.run(Script1554577686876.groovy:57)
	... 13 more]]></system-out>
         <system-err><![CDATA[2019-04-07 02:24:37 - [TEST_CASE][FAILED] - Test Cases/Generate: Test Cases/Generate FAILED.
Reason:
com.kms.katalon.core.exception.StepFailedException: Unable to select option by label 'Regular' of object 'Object Repository/Generate/select_RegularBill To - Ship ToBill From - Dispatch FromBill To - Ship To Bill From - Dispatch From'  using regular expression (Root cause: com.kms.katalon.core.exception.StepFailedException: Unable to select option by label 'Regular' of object 'Object Repository/Generate/select_RegularBill To - Ship ToBill From - Dispatch FromBill To - Ship To Bill From - Dispatch From'  using regular expression
	at com.kms.katalon.core.webui.keyword.internal.WebUIKeywordMain.stepFailed(WebUIKeywordMain.groovy:64)
	at com.kms.katalon.core.webui.keyword.internal.WebUIKeywordMain.runKeyword(WebUIKeywordMain.groovy:26)
	at com.kms.katalon.core.webui.keyword.builtin.SelectOptionByLabelKeyword.selectOptionByLabel(SelectOptionByLabelKeyword.groovy:98)
	at com.kms.katalon.core.webui.keyword.builtin.SelectOptionByLabelKeyword.execute(SelectOptionByLabelKeyword.groovy:71)
	at com.kms.katalon.core.keyword.internal.KeywordExecutor.executeKeywordForPlatform(KeywordExecutor.groovy:56)
	at com.kms.katalon.core.webui.keyword.WebUiBuiltInKeywords.selectOptionByLabel(WebUiBuiltInKeywords.groovy:1200)
	at com.kms.katalon.core.webui.keyword.WebUiBuiltInKeywords$selectOptionByLabel$7.call(Unknown Source)
	at Generate.run(Generate:57)
	at com.kms.katalon.core.main.ScriptEngine.run(ScriptEngine.java:194)
	at com.kms.katalon.core.main.ScriptEngine.runScriptAsRawText(ScriptEngine.java:119)
	at com.kms.katalon.core.main.TestCaseExecutor.runScript(TestCaseExecutor.java:331)
	at com.kms.katalon.core.main.TestCaseExecutor.doExecute(TestCaseExecutor.java:322)
	at com.kms.katalon.core.main.TestCaseExecutor.processExecutionPhase(TestCaseExecutor.java:301)
	at com.kms.katalon.core.main.TestCaseExecutor.accessMainPhase(TestCaseExecutor.java:293)
	at com.kms.katalon.core.main.TestCaseExecutor.execute(TestCaseExecutor.java:227)
	at com.kms.katalon.core.main.TestSuiteExecutor.accessTestCaseMainPhase(TestSuiteExecutor.java:129)
	at com.kms.katalon.core.main.TestSuiteExecutor.accessTestSuiteMainPhase(TestSuiteExecutor.java:112)
	at com.kms.katalon.core.main.TestSuiteExecutor.execute(TestSuiteExecutor.java:81)
	at com.kms.katalon.core.main.TestCaseMain.startTestSuite(TestCaseMain.java:157)
	at com.kms.katalon.core.main.TestCaseMain$startTestSuite$0.call(Unknown Source)
	at TempTestSuite1554584058588.run(TempTestSuite1554584058588.groovy:35)
Caused by: com.kms.katalon.core.webui.exception.WebElementNotFoundException: Web element with id: 'Object Repository/Generate/select_RegularBill To - Ship ToBill From - Dispatch FromBill To - Ship To Bill From - Dispatch From' located by 'By.xpath: id("upload")/div[@class="row"]/div[@class="col-md-12 clearBoth"]/div[@class="box-body"]/div[@class="row"]/div[2]/form[@class="ng-valid-maxlength ng-valid-min ng-valid-minlength ng-valid-pattern ng-pristine ng-invalid ng-invalid-required"]/div[@class="row"]/div[@class="col-md-12"]/fieldset[@class="col-md-12"]/div[@class="col-md-12 noPadding clearBoth"]/div[@class="box-body"]/div[@id="addBusiness"]/div[@class="form-group"]/div[@class="col-sm-6 paddbt15"]/select[@class="form-control mandateBorder ng-pristine ng-empty ng-invalid ng-invalid-required ng-touched"][count(. | //select[@class = 'form-control mandateBorder ng-pristine ng-empty ng-invalid ng-invalid-required ng-touched' and @name = 'transactionType' and @ng-model = 'formData.transactionType' and @ng-options = 'obj.id as obj.name for obj in transactionTypeList' and (text() = 'RegularBill To - Ship ToBill From - Dispatch FromBill To - Ship To Bill From - Dispatch From' or . = 'RegularBill To - Ship ToBill From - Dispatch FromBill To - Ship To Bill From - Dispatch From')]) = count(//select[@class = 'form-control mandateBorder ng-pristine ng-empty ng-invalid ng-invalid-required ng-touched' and @name = 'transactionType' and @ng-model = 'formData.transactionType' and @ng-options = 'obj.id as obj.name for obj in transactionTypeList' and (text() = 'RegularBill To - Ship ToBill From - Dispatch FromBill To - Ship To Bill From - Dispatch From' or . = 'RegularBill To - Ship ToBill From - Dispatch FromBill To - Ship To Bill From - Dispatch From')])]' not found
	at com.kms.katalon.core.webui.common.WebUiCommonHelper.findWebElement(WebUiCommonHelper.java:1053)
	at com.kms.katalon.core.webui.keyword.internal.WebUIAbstractKeyword.findWebElement(WebUIAbstractKeyword.groovy:27)
	at com.kms.katalon.core.webui.keyword.internal.WebUIAbstractKeyword.findWebElement(WebUIAbstractKeyword.groovy:26)
	at com.kms.katalon.core.webui.keyword.builtin.SelectOptionByLabelKeyword$_selectOptionByLabel_closure1.doCall(SelectOptionByLabelKeyword.groovy:86)
	at com.kms.katalon.core.webui.keyword.builtin.SelectOptionByLabelKeyword$_selectOptionByLabel_closure1.call(SelectOptionByLabelKeyword.groovy)
	at com.kms.katalon.core.webui.keyword.internal.WebUIKeywordMain.runKeyword(WebUIKeywordMain.groovy:20)
	at com.kms.katalon.core.webui.keyword.builtin.SelectOptionByLabelKeyword.selectOptionByLabel(SelectOptionByLabelKeyword.groovy:98)
	at com.kms.katalon.core.webui.keyword.builtin.SelectOptionByLabelKeyword.execute(SelectOptionByLabelKeyword.groovy:71)
	at com.kms.katalon.core.keyword.internal.KeywordExecutor.executeKeywordForPlatform(KeywordExecutor.groovy:56)
	at com.kms.katalon.core.webui.keyword.WebUiBuiltInKeywords.selectOptionByLabel(WebUiBuiltInKeywords.groovy:1200)
	at com.kms.katalon.core.webui.keyword.WebUiBuiltInKeywords$selectOptionByLabel$7.call(Unknown Source)
	at Script1554577686876.run(Script1554577686876.groovy:57)
	... 13 more
)
	at com.kms.katalon.core.keyword.internal.KeywordMain.stepFailed(KeywordMain.groovy:37)
	at com.kms.katalon.core.webui.keyword.internal.WebUIKeywordMain.stepFailed(WebUIKeywordMain.groovy:64)
	at com.kms.katalon.core.webui.keyword.internal.WebUIKeywordMain.runKeyword(WebUIKeywordMain.groovy:26)
	at com.kms.katalon.core.webui.keyword.builtin.SelectOptionByLabelKeyword.selectOptionByLabel(SelectOptionByLabelKeyword.groovy:98)
	at com.kms.katalon.core.webui.keyword.builtin.SelectOptionByLabelKeyword.execute(SelectOptionByLabelKeyword.groovy:71)
	at com.kms.katalon.core.keyword.internal.KeywordExecutor.executeKeywordForPlatform(KeywordExecutor.groovy:56)
	at com.kms.katalon.core.webui.keyword.WebUiBuiltInKeywords.selectOptionByLabel(WebUiBuiltInKeywords.groovy:1200)
	at com.kms.katalon.core.webui.keyword.WebUiBuiltInKeywords$selectOptionByLabel$7.call(Unknown Source)
	at Generate.run(Generate:57)
	at com.kms.katalon.core.main.ScriptEngine.run(ScriptEngine.java:194)
	at com.kms.katalon.core.main.ScriptEngine.runScriptAsRawText(ScriptEngine.java:119)
	at com.kms.katalon.core.main.TestCaseExecutor.runScript(TestCaseExecutor.java:331)
	at com.kms.katalon.core.main.TestCaseExecutor.doExecute(TestCaseExecutor.java:322)
	at com.kms.katalon.core.main.TestCaseExecutor.processExecutionPhase(TestCaseExecutor.java:301)
	at com.kms.katalon.core.main.TestCaseExecutor.accessMainPhase(TestCaseExecutor.java:293)
	at com.kms.katalon.core.main.TestCaseExecutor.execute(TestCaseExecutor.java:227)
	at com.kms.katalon.core.main.TestSuiteExecutor.accessTestCaseMainPhase(TestSuiteExecutor.java:129)
	at com.kms.katalon.core.main.TestSuiteExecutor.accessTestSuiteMainPhase(TestSuiteExecutor.java:112)
	at com.kms.katalon.core.main.TestSuiteExecutor.execute(TestSuiteExecutor.java:81)
	at com.kms.katalon.core.main.TestCaseMain.startTestSuite(TestCaseMain.java:157)
	at com.kms.katalon.core.main.TestCaseMain$startTestSuite$0.call(Unknown Source)
	at TempTestSuite1554584058588.run(TempTestSuite1554584058588.groovy:35)
Caused by: com.kms.katalon.core.exception.StepFailedException: Unable to select option by label 'Regular' of object 'Object Repository/Generate/select_RegularBill To - Ship ToBill From - Dispatch FromBill To - Ship To Bill From - Dispatch From'  using regular expression
	... 21 more
Caused by: com.kms.katalon.core.webui.exception.WebElementNotFoundException: Web element with id: 'Object Repository/Generate/select_RegularBill To - Ship ToBill From - Dispatch FromBill To - Ship To Bill From - Dispatch From' located by 'By.xpath: id("upload")/div[@class="row"]/div[@class="col-md-12 clearBoth"]/div[@class="box-body"]/div[@class="row"]/div[2]/form[@class="ng-valid-maxlength ng-valid-min ng-valid-minlength ng-valid-pattern ng-pristine ng-invalid ng-invalid-required"]/div[@class="row"]/div[@class="col-md-12"]/fieldset[@class="col-md-12"]/div[@class="col-md-12 noPadding clearBoth"]/div[@class="box-body"]/div[@id="addBusiness"]/div[@class="form-group"]/div[@class="col-sm-6 paddbt15"]/select[@class="form-control mandateBorder ng-pristine ng-empty ng-invalid ng-invalid-required ng-touched"][count(. | //select[@class = 'form-control mandateBorder ng-pristine ng-empty ng-invalid ng-invalid-required ng-touched' and @name = 'transactionType' and @ng-model = 'formData.transactionType' and @ng-options = 'obj.id as obj.name for obj in transactionTypeList' and (text() = 'RegularBill To - Ship ToBill From - Dispatch FromBill To - Ship To Bill From - Dispatch From' or . = 'RegularBill To - Ship ToBill From - Dispatch FromBill To - Ship To Bill From - Dispatch From')]) = count(//select[@class = 'form-control mandateBorder ng-pristine ng-empty ng-invalid ng-invalid-required ng-touched' and @name = 'transactionType' and @ng-model = 'formData.transactionType' and @ng-options = 'obj.id as obj.name for obj in transactionTypeList' and (text() = 'RegularBill To - Ship ToBill From - Dispatch FromBill To - Ship To Bill From - Dispatch From' or . = 'RegularBill To - Ship ToBill From - Dispatch FromBill To - Ship To Bill From - Dispatch From')])]' not found
	at com.kms.katalon.core.webui.common.WebUiCommonHelper.findWebElement(WebUiCommonHelper.java:1053)
	at com.kms.katalon.core.webui.keyword.internal.WebUIAbstractKeyword.findWebElement(WebUIAbstractKeyword.groovy:27)
	at com.kms.katalon.core.webui.keyword.internal.WebUIAbstractKeyword.findWebElement(WebUIAbstractKeyword.groovy:26)
	at com.kms.katalon.core.webui.keyword.builtin.SelectOptionByLabelKeyword$_selectOptionByLabel_closure1.doCall(SelectOptionByLabelKeyword.groovy:86)
	at com.kms.katalon.core.webui.keyword.builtin.SelectOptionByLabelKeyword$_selectOptionByLabel_closure1.call(SelectOptionByLabelKeyword.groovy)
	at com.kms.katalon.core.webui.keyword.internal.WebUIKeywordMain.runKeyword(WebUIKeywordMain.groovy:20)
	at com.kms.katalon.core.webui.keyword.builtin.SelectOptionByLabelKeyword.selectOptionByLabel(SelectOptionByLabelKeyword.groovy:98)
	at com.kms.katalon.core.webui.keyword.builtin.SelectOptionByLabelKeyword.execute(SelectOptionByLabelKeyword.groovy:71)
	at com.kms.katalon.core.keyword.internal.KeywordExecutor.executeKeywordForPlatform(KeywordExecutor.groovy:56)
	at com.kms.katalon.core.webui.keyword.WebUiBuiltInKeywords.selectOptionByLabel(WebUiBuiltInKeywords.groovy:1200)
	at com.kms.katalon.core.webui.keyword.WebUiBuiltInKeywords$selectOptionByLabel$7.call(Unknown Source)
	at Script1554577686876.run(Script1554577686876.groovy:57)
	... 13 more]]></system-err>
      </testcase>
      <system-out><![CDATA[2019-04-07 02:24:21 - [TEST_SUITE][FAILED] - Smoke Test: Test Cases/Generate FAILED.
Reason:
com.kms.katalon.core.exception.StepFailedException: Unable to select option by label 'Regular' of object 'Object Repository/Generate/select_RegularBill To - Ship ToBill From - Dispatch FromBill To - Ship To Bill From - Dispatch From'  using regular expression (Root cause: com.kms.katalon.core.exception.StepFailedException: Unable to select option by label 'Regular' of object 'Object Repository/Generate/select_RegularBill To - Ship ToBill From - Dispatch FromBill To - Ship To Bill From - Dispatch From'  using regular expression
	at com.kms.katalon.core.webui.keyword.internal.WebUIKeywordMain.stepFailed(WebUIKeywordMain.groovy:64)
	at com.kms.katalon.core.webui.keyword.internal.WebUIKeywordMain.runKeyword(WebUIKeywordMain.groovy:26)
	at com.kms.katalon.core.webui.keyword.builtin.SelectOptionByLabelKeyword.selectOptionByLabel(SelectOptionByLabelKeyword.groovy:98)
	at com.kms.katalon.core.webui.keyword.builtin.SelectOptionByLabelKeyword.execute(SelectOptionByLabelKeyword.groovy:71)
	at com.kms.katalon.core.keyword.internal.KeywordExecutor.executeKeywordForPlatform(KeywordExecutor.groovy:56)
	at com.kms.katalon.core.webui.keyword.WebUiBuiltInKeywords.selectOptionByLabel(WebUiBuiltInKeywords.groovy:1200)
	at com.kms.katalon.core.webui.keyword.WebUiBuiltInKeywords$selectOptionByLabel$7.call(Unknown Source)
	at Generate.run(Generate:57)
	at com.kms.katalon.core.main.ScriptEngine.run(ScriptEngine.java:194)
	at com.kms.katalon.core.main.ScriptEngine.runScriptAsRawText(ScriptEngine.java:119)
	at com.kms.katalon.core.main.TestCaseExecutor.runScript(TestCaseExecutor.java:331)
	at com.kms.katalon.core.main.TestCaseExecutor.doExecute(TestCaseExecutor.java:322)
	at com.kms.katalon.core.main.TestCaseExecutor.processExecutionPhase(TestCaseExecutor.java:301)
	at com.kms.katalon.core.main.TestCaseExecutor.accessMainPhase(TestCaseExecutor.java:293)
	at com.kms.katalon.core.main.TestCaseExecutor.execute(TestCaseExecutor.java:227)
	at com.kms.katalon.core.main.TestSuiteExecutor.accessTestCaseMainPhase(TestSuiteExecutor.java:129)
	at com.kms.katalon.core.main.TestSuiteExecutor.accessTestSuiteMainPhase(TestSuiteExecutor.java:112)
	at com.kms.katalon.core.main.TestSuiteExecutor.execute(TestSuiteExecutor.java:81)
	at com.kms.katalon.core.main.TestCaseMain.startTestSuite(TestCaseMain.java:157)
	at com.kms.katalon.core.main.TestCaseMain$startTestSuite$0.call(Unknown Source)
	at TempTestSuite1554584058588.run(TempTestSuite1554584058588.groovy:35)
Caused by: com.kms.katalon.core.webui.exception.WebElementNotFoundException: Web element with id: 'Object Repository/Generate/select_RegularBill To - Ship ToBill From - Dispatch FromBill To - Ship To Bill From - Dispatch From' located by 'By.xpath: id("upload")/div[@class="row"]/div[@class="col-md-12 clearBoth"]/div[@class="box-body"]/div[@class="row"]/div[2]/form[@class="ng-valid-maxlength ng-valid-min ng-valid-minlength ng-valid-pattern ng-pristine ng-invalid ng-invalid-required"]/div[@class="row"]/div[@class="col-md-12"]/fieldset[@class="col-md-12"]/div[@class="col-md-12 noPadding clearBoth"]/div[@class="box-body"]/div[@id="addBusiness"]/div[@class="form-group"]/div[@class="col-sm-6 paddbt15"]/select[@class="form-control mandateBorder ng-pristine ng-empty ng-invalid ng-invalid-required ng-touched"][count(. | //select[@class = 'form-control mandateBorder ng-pristine ng-empty ng-invalid ng-invalid-required ng-touched' and @name = 'transactionType' and @ng-model = 'formData.transactionType' and @ng-options = 'obj.id as obj.name for obj in transactionTypeList' and (text() = 'RegularBill To - Ship ToBill From - Dispatch FromBill To - Ship To Bill From - Dispatch From' or . = 'RegularBill To - Ship ToBill From - Dispatch FromBill To - Ship To Bill From - Dispatch From')]) = count(//select[@class = 'form-control mandateBorder ng-pristine ng-empty ng-invalid ng-invalid-required ng-touched' and @name = 'transactionType' and @ng-model = 'formData.transactionType' and @ng-options = 'obj.id as obj.name for obj in transactionTypeList' and (text() = 'RegularBill To - Ship ToBill From - Dispatch FromBill To - Ship To Bill From - Dispatch From' or . = 'RegularBill To - Ship ToBill From - Dispatch FromBill To - Ship To Bill From - Dispatch From')])]' not found
	at com.kms.katalon.core.webui.common.WebUiCommonHelper.findWebElement(WebUiCommonHelper.java:1053)
	at com.kms.katalon.core.webui.keyword.internal.WebUIAbstractKeyword.findWebElement(WebUIAbstractKeyword.groovy:27)
	at com.kms.katalon.core.webui.keyword.internal.WebUIAbstractKeyword.findWebElement(WebUIAbstractKeyword.groovy:26)
	at com.kms.katalon.core.webui.keyword.builtin.SelectOptionByLabelKeyword$_selectOptionByLabel_closure1.doCall(SelectOptionByLabelKeyword.groovy:86)
	at com.kms.katalon.core.webui.keyword.builtin.SelectOptionByLabelKeyword$_selectOptionByLabel_closure1.call(SelectOptionByLabelKeyword.groovy)
	at com.kms.katalon.core.webui.keyword.internal.WebUIKeywordMain.runKeyword(WebUIKeywordMain.groovy:20)
	at com.kms.katalon.core.webui.keyword.builtin.SelectOptionByLabelKeyword.selectOptionByLabel(SelectOptionByLabelKeyword.groovy:98)
	at com.kms.katalon.core.webui.keyword.builtin.SelectOptionByLabelKeyword.execute(SelectOptionByLabelKeyword.groovy:71)
	at com.kms.katalon.core.keyword.internal.KeywordExecutor.executeKeywordForPlatform(KeywordExecutor.groovy:56)
	at com.kms.katalon.core.webui.keyword.WebUiBuiltInKeywords.selectOptionByLabel(WebUiBuiltInKeywords.groovy:1200)
	at com.kms.katalon.core.webui.keyword.WebUiBuiltInKeywords$selectOptionByLabel$7.call(Unknown Source)
	at Script1554577686876.run(Script1554577686876.groovy:57)
	... 13 more
)
	at com.kms.katalon.core.keyword.internal.KeywordMain.stepFailed(KeywordMain.groovy:37)
	at com.kms.katalon.core.webui.keyword.internal.WebUIKeywordMain.stepFailed(WebUIKeywordMain.groovy:64)
	at com.kms.katalon.core.webui.keyword.internal.WebUIKeywordMain.runKeyword(WebUIKeywordMain.groovy:26)
	at com.kms.katalon.core.webui.keyword.builtin.SelectOptionByLabelKeyword.selectOptionByLabel(SelectOptionByLabelKeyword.groovy:98)
	at com.kms.katalon.core.webui.keyword.builtin.SelectOptionByLabelKeyword.execute(SelectOptionByLabelKeyword.groovy:71)
	at com.kms.katalon.core.keyword.internal.KeywordExecutor.executeKeywordForPlatform(KeywordExecutor.groovy:56)
	at com.kms.katalon.core.webui.keyword.WebUiBuiltInKeywords.selectOptionByLabel(WebUiBuiltInKeywords.groovy:1200)
	at com.kms.katalon.core.webui.keyword.WebUiBuiltInKeywords$selectOptionByLabel$7.call(Unknown Source)
	at Generate.run(Generate:57)
	at com.kms.katalon.core.main.ScriptEngine.run(ScriptEngine.java:194)
	at com.kms.katalon.core.main.ScriptEngine.runScriptAsRawText(ScriptEngine.java:119)
	at com.kms.katalon.core.main.TestCaseExecutor.runScript(TestCaseExecutor.java:331)
	at com.kms.katalon.core.main.TestCaseExecutor.doExecute(TestCaseExecutor.java:322)
	at com.kms.katalon.core.main.TestCaseExecutor.processExecutionPhase(TestCaseExecutor.java:301)
	at com.kms.katalon.core.main.TestCaseExecutor.accessMainPhase(TestCaseExecutor.java:293)
	at com.kms.katalon.core.main.TestCaseExecutor.execute(TestCaseExecutor.java:227)
	at com.kms.katalon.core.main.TestSuiteExecutor.accessTestCaseMainPhase(TestSuiteExecutor.java:129)
	at com.kms.katalon.core.main.TestSuiteExecutor.accessTestSuiteMainPhase(TestSuiteExecutor.java:112)
	at com.kms.katalon.core.main.TestSuiteExecutor.execute(TestSuiteExecutor.java:81)
	at com.kms.katalon.core.main.TestCaseMain.startTestSuite(TestCaseMain.java:157)
	at com.kms.katalon.core.main.TestCaseMain$startTestSuite$0.call(Unknown Source)
	at TempTestSuite1554584058588.run(TempTestSuite1554584058588.groovy:35)
Caused by: com.kms.katalon.core.exception.StepFailedException: Unable to select option by label 'Regular' of object 'Object Repository/Generate/select_RegularBill To - Ship ToBill From - Dispatch FromBill To - Ship To Bill From - Dispatch From'  using regular expression
	... 21 more
Caused by: com.kms.katalon.core.webui.exception.WebElementNotFoundException: Web element with id: 'Object Repository/Generate/select_RegularBill To - Ship ToBill From - Dispatch FromBill To - Ship To Bill From - Dispatch From' located by 'By.xpath: id("upload")/div[@class="row"]/div[@class="col-md-12 clearBoth"]/div[@class="box-body"]/div[@class="row"]/div[2]/form[@class="ng-valid-maxlength ng-valid-min ng-valid-minlength ng-valid-pattern ng-pristine ng-invalid ng-invalid-required"]/div[@class="row"]/div[@class="col-md-12"]/fieldset[@class="col-md-12"]/div[@class="col-md-12 noPadding clearBoth"]/div[@class="box-body"]/div[@id="addBusiness"]/div[@class="form-group"]/div[@class="col-sm-6 paddbt15"]/select[@class="form-control mandateBorder ng-pristine ng-empty ng-invalid ng-invalid-required ng-touched"][count(. | //select[@class = 'form-control mandateBorder ng-pristine ng-empty ng-invalid ng-invalid-required ng-touched' and @name = 'transactionType' and @ng-model = 'formData.transactionType' and @ng-options = 'obj.id as obj.name for obj in transactionTypeList' and (text() = 'RegularBill To - Ship ToBill From - Dispatch FromBill To - Ship To Bill From - Dispatch From' or . = 'RegularBill To - Ship ToBill From - Dispatch FromBill To - Ship To Bill From - Dispatch From')]) = count(//select[@class = 'form-control mandateBorder ng-pristine ng-empty ng-invalid ng-invalid-required ng-touched' and @name = 'transactionType' and @ng-model = 'formData.transactionType' and @ng-options = 'obj.id as obj.name for obj in transactionTypeList' and (text() = 'RegularBill To - Ship ToBill From - Dispatch FromBill To - Ship To Bill From - Dispatch From' or . = 'RegularBill To - Ship ToBill From - Dispatch FromBill To - Ship To Bill From - Dispatch From')])]' not found
	at com.kms.katalon.core.webui.common.WebUiCommonHelper.findWebElement(WebUiCommonHelper.java:1053)
	at com.kms.katalon.core.webui.keyword.internal.WebUIAbstractKeyword.findWebElement(WebUIAbstractKeyword.groovy:27)
	at com.kms.katalon.core.webui.keyword.internal.WebUIAbstractKeyword.findWebElement(WebUIAbstractKeyword.groovy:26)
	at com.kms.katalon.core.webui.keyword.builtin.SelectOptionByLabelKeyword$_selectOptionByLabel_closure1.doCall(SelectOptionByLabelKeyword.groovy:86)
	at com.kms.katalon.core.webui.keyword.builtin.SelectOptionByLabelKeyword$_selectOptionByLabel_closure1.call(SelectOptionByLabelKeyword.groovy)
	at com.kms.katalon.core.webui.keyword.internal.WebUIKeywordMain.runKeyword(WebUIKeywordMain.groovy:20)
	at com.kms.katalon.core.webui.keyword.builtin.SelectOptionByLabelKeyword.selectOptionByLabel(SelectOptionByLabelKeyword.groovy:98)
	at com.kms.katalon.core.webui.keyword.builtin.SelectOptionByLabelKeyword.execute(SelectOptionByLabelKeyword.groovy:71)
	at com.kms.katalon.core.keyword.internal.KeywordExecutor.executeKeywordForPlatform(KeywordExecutor.groovy:56)
	at com.kms.katalon.core.webui.keyword.WebUiBuiltInKeywords.selectOptionByLabel(WebUiBuiltInKeywords.groovy:1200)
	at com.kms.katalon.core.webui.keyword.WebUiBuiltInKeywords$selectOptionByLabel$7.call(Unknown Source)
	at Script1554577686876.run(Script1554577686876.groovy:57)
	... 13 more]]></system-out>
      <system-err><![CDATA[2019-04-07 02:24:21 - [TEST_SUITE][FAILED] - Smoke Test: Test Cases/Generate FAILED.
Reason:
com.kms.katalon.core.exception.StepFailedException: Unable to select option by label 'Regular' of object 'Object Repository/Generate/select_RegularBill To - Ship ToBill From - Dispatch FromBill To - Ship To Bill From - Dispatch From'  using regular expression (Root cause: com.kms.katalon.core.exception.StepFailedException: Unable to select option by label 'Regular' of object 'Object Repository/Generate/select_RegularBill To - Ship ToBill From - Dispatch FromBill To - Ship To Bill From - Dispatch From'  using regular expression
	at com.kms.katalon.core.webui.keyword.internal.WebUIKeywordMain.stepFailed(WebUIKeywordMain.groovy:64)
	at com.kms.katalon.core.webui.keyword.internal.WebUIKeywordMain.runKeyword(WebUIKeywordMain.groovy:26)
	at com.kms.katalon.core.webui.keyword.builtin.SelectOptionByLabelKeyword.selectOptionByLabel(SelectOptionByLabelKeyword.groovy:98)
	at com.kms.katalon.core.webui.keyword.builtin.SelectOptionByLabelKeyword.execute(SelectOptionByLabelKeyword.groovy:71)
	at com.kms.katalon.core.keyword.internal.KeywordExecutor.executeKeywordForPlatform(KeywordExecutor.groovy:56)
	at com.kms.katalon.core.webui.keyword.WebUiBuiltInKeywords.selectOptionByLabel(WebUiBuiltInKeywords.groovy:1200)
	at com.kms.katalon.core.webui.keyword.WebUiBuiltInKeywords$selectOptionByLabel$7.call(Unknown Source)
	at Generate.run(Generate:57)
	at com.kms.katalon.core.main.ScriptEngine.run(ScriptEngine.java:194)
	at com.kms.katalon.core.main.ScriptEngine.runScriptAsRawText(ScriptEngine.java:119)
	at com.kms.katalon.core.main.TestCaseExecutor.runScript(TestCaseExecutor.java:331)
	at com.kms.katalon.core.main.TestCaseExecutor.doExecute(TestCaseExecutor.java:322)
	at com.kms.katalon.core.main.TestCaseExecutor.processExecutionPhase(TestCaseExecutor.java:301)
	at com.kms.katalon.core.main.TestCaseExecutor.accessMainPhase(TestCaseExecutor.java:293)
	at com.kms.katalon.core.main.TestCaseExecutor.execute(TestCaseExecutor.java:227)
	at com.kms.katalon.core.main.TestSuiteExecutor.accessTestCaseMainPhase(TestSuiteExecutor.java:129)
	at com.kms.katalon.core.main.TestSuiteExecutor.accessTestSuiteMainPhase(TestSuiteExecutor.java:112)
	at com.kms.katalon.core.main.TestSuiteExecutor.execute(TestSuiteExecutor.java:81)
	at com.kms.katalon.core.main.TestCaseMain.startTestSuite(TestCaseMain.java:157)
	at com.kms.katalon.core.main.TestCaseMain$startTestSuite$0.call(Unknown Source)
	at TempTestSuite1554584058588.run(TempTestSuite1554584058588.groovy:35)
Caused by: com.kms.katalon.core.webui.exception.WebElementNotFoundException: Web element with id: 'Object Repository/Generate/select_RegularBill To - Ship ToBill From - Dispatch FromBill To - Ship To Bill From - Dispatch From' located by 'By.xpath: id("upload")/div[@class="row"]/div[@class="col-md-12 clearBoth"]/div[@class="box-body"]/div[@class="row"]/div[2]/form[@class="ng-valid-maxlength ng-valid-min ng-valid-minlength ng-valid-pattern ng-pristine ng-invalid ng-invalid-required"]/div[@class="row"]/div[@class="col-md-12"]/fieldset[@class="col-md-12"]/div[@class="col-md-12 noPadding clearBoth"]/div[@class="box-body"]/div[@id="addBusiness"]/div[@class="form-group"]/div[@class="col-sm-6 paddbt15"]/select[@class="form-control mandateBorder ng-pristine ng-empty ng-invalid ng-invalid-required ng-touched"][count(. | //select[@class = 'form-control mandateBorder ng-pristine ng-empty ng-invalid ng-invalid-required ng-touched' and @name = 'transactionType' and @ng-model = 'formData.transactionType' and @ng-options = 'obj.id as obj.name for obj in transactionTypeList' and (text() = 'RegularBill To - Ship ToBill From - Dispatch FromBill To - Ship To Bill From - Dispatch From' or . = 'RegularBill To - Ship ToBill From - Dispatch FromBill To - Ship To Bill From - Dispatch From')]) = count(//select[@class = 'form-control mandateBorder ng-pristine ng-empty ng-invalid ng-invalid-required ng-touched' and @name = 'transactionType' and @ng-model = 'formData.transactionType' and @ng-options = 'obj.id as obj.name for obj in transactionTypeList' and (text() = 'RegularBill To - Ship ToBill From - Dispatch FromBill To - Ship To Bill From - Dispatch From' or . = 'RegularBill To - Ship ToBill From - Dispatch FromBill To - Ship To Bill From - Dispatch From')])]' not found
	at com.kms.katalon.core.webui.common.WebUiCommonHelper.findWebElement(WebUiCommonHelper.java:1053)
	at com.kms.katalon.core.webui.keyword.internal.WebUIAbstractKeyword.findWebElement(WebUIAbstractKeyword.groovy:27)
	at com.kms.katalon.core.webui.keyword.internal.WebUIAbstractKeyword.findWebElement(WebUIAbstractKeyword.groovy:26)
	at com.kms.katalon.core.webui.keyword.builtin.SelectOptionByLabelKeyword$_selectOptionByLabel_closure1.doCall(SelectOptionByLabelKeyword.groovy:86)
	at com.kms.katalon.core.webui.keyword.builtin.SelectOptionByLabelKeyword$_selectOptionByLabel_closure1.call(SelectOptionByLabelKeyword.groovy)
	at com.kms.katalon.core.webui.keyword.internal.WebUIKeywordMain.runKeyword(WebUIKeywordMain.groovy:20)
	at com.kms.katalon.core.webui.keyword.builtin.SelectOptionByLabelKeyword.selectOptionByLabel(SelectOptionByLabelKeyword.groovy:98)
	at com.kms.katalon.core.webui.keyword.builtin.SelectOptionByLabelKeyword.execute(SelectOptionByLabelKeyword.groovy:71)
	at com.kms.katalon.core.keyword.internal.KeywordExecutor.executeKeywordForPlatform(KeywordExecutor.groovy:56)
	at com.kms.katalon.core.webui.keyword.WebUiBuiltInKeywords.selectOptionByLabel(WebUiBuiltInKeywords.groovy:1200)
	at com.kms.katalon.core.webui.keyword.WebUiBuiltInKeywords$selectOptionByLabel$7.call(Unknown Source)
	at Script1554577686876.run(Script1554577686876.groovy:57)
	... 13 more
)
	at com.kms.katalon.core.keyword.internal.KeywordMain.stepFailed(KeywordMain.groovy:37)
	at com.kms.katalon.core.webui.keyword.internal.WebUIKeywordMain.stepFailed(WebUIKeywordMain.groovy:64)
	at com.kms.katalon.core.webui.keyword.internal.WebUIKeywordMain.runKeyword(WebUIKeywordMain.groovy:26)
	at com.kms.katalon.core.webui.keyword.builtin.SelectOptionByLabelKeyword.selectOptionByLabel(SelectOptionByLabelKeyword.groovy:98)
	at com.kms.katalon.core.webui.keyword.builtin.SelectOptionByLabelKeyword.execute(SelectOptionByLabelKeyword.groovy:71)
	at com.kms.katalon.core.keyword.internal.KeywordExecutor.executeKeywordForPlatform(KeywordExecutor.groovy:56)
	at com.kms.katalon.core.webui.keyword.WebUiBuiltInKeywords.selectOptionByLabel(WebUiBuiltInKeywords.groovy:1200)
	at com.kms.katalon.core.webui.keyword.WebUiBuiltInKeywords$selectOptionByLabel$7.call(Unknown Source)
	at Generate.run(Generate:57)
	at com.kms.katalon.core.main.ScriptEngine.run(ScriptEngine.java:194)
	at com.kms.katalon.core.main.ScriptEngine.runScriptAsRawText(ScriptEngine.java:119)
	at com.kms.katalon.core.main.TestCaseExecutor.runScript(TestCaseExecutor.java:331)
	at com.kms.katalon.core.main.TestCaseExecutor.doExecute(TestCaseExecutor.java:322)
	at com.kms.katalon.core.main.TestCaseExecutor.processExecutionPhase(TestCaseExecutor.java:301)
	at com.kms.katalon.core.main.TestCaseExecutor.accessMainPhase(TestCaseExecutor.java:293)
	at com.kms.katalon.core.main.TestCaseExecutor.execute(TestCaseExecutor.java:227)
	at com.kms.katalon.core.main.TestSuiteExecutor.accessTestCaseMainPhase(TestSuiteExecutor.java:129)
	at com.kms.katalon.core.main.TestSuiteExecutor.accessTestSuiteMainPhase(TestSuiteExecutor.java:112)
	at com.kms.katalon.core.main.TestSuiteExecutor.execute(TestSuiteExecutor.java:81)
	at com.kms.katalon.core.main.TestCaseMain.startTestSuite(TestCaseMain.java:157)
	at com.kms.katalon.core.main.TestCaseMain$startTestSuite$0.call(Unknown Source)
	at TempTestSuite1554584058588.run(TempTestSuite1554584058588.groovy:35)
Caused by: com.kms.katalon.core.exception.StepFailedException: Unable to select option by label 'Regular' of object 'Object Repository/Generate/select_RegularBill To - Ship ToBill From - Dispatch FromBill To - Ship To Bill From - Dispatch From'  using regular expression
	... 21 more
Caused by: com.kms.katalon.core.webui.exception.WebElementNotFoundException: Web element with id: 'Object Repository/Generate/select_RegularBill To - Ship ToBill From - Dispatch FromBill To - Ship To Bill From - Dispatch From' located by 'By.xpath: id("upload")/div[@class="row"]/div[@class="col-md-12 clearBoth"]/div[@class="box-body"]/div[@class="row"]/div[2]/form[@class="ng-valid-maxlength ng-valid-min ng-valid-minlength ng-valid-pattern ng-pristine ng-invalid ng-invalid-required"]/div[@class="row"]/div[@class="col-md-12"]/fieldset[@class="col-md-12"]/div[@class="col-md-12 noPadding clearBoth"]/div[@class="box-body"]/div[@id="addBusiness"]/div[@class="form-group"]/div[@class="col-sm-6 paddbt15"]/select[@class="form-control mandateBorder ng-pristine ng-empty ng-invalid ng-invalid-required ng-touched"][count(. | //select[@class = 'form-control mandateBorder ng-pristine ng-empty ng-invalid ng-invalid-required ng-touched' and @name = 'transactionType' and @ng-model = 'formData.transactionType' and @ng-options = 'obj.id as obj.name for obj in transactionTypeList' and (text() = 'RegularBill To - Ship ToBill From - Dispatch FromBill To - Ship To Bill From - Dispatch From' or . = 'RegularBill To - Ship ToBill From - Dispatch FromBill To - Ship To Bill From - Dispatch From')]) = count(//select[@class = 'form-control mandateBorder ng-pristine ng-empty ng-invalid ng-invalid-required ng-touched' and @name = 'transactionType' and @ng-model = 'formData.transactionType' and @ng-options = 'obj.id as obj.name for obj in transactionTypeList' and (text() = 'RegularBill To - Ship ToBill From - Dispatch FromBill To - Ship To Bill From - Dispatch From' or . = 'RegularBill To - Ship ToBill From - Dispatch FromBill To - Ship To Bill From - Dispatch From')])]' not found
	at com.kms.katalon.core.webui.common.WebUiCommonHelper.findWebElement(WebUiCommonHelper.java:1053)
	at com.kms.katalon.core.webui.keyword.internal.WebUIAbstractKeyword.findWebElement(WebUIAbstractKeyword.groovy:27)
	at com.kms.katalon.core.webui.keyword.internal.WebUIAbstractKeyword.findWebElement(WebUIAbstractKeyword.groovy:26)
	at com.kms.katalon.core.webui.keyword.builtin.SelectOptionByLabelKeyword$_selectOptionByLabel_closure1.doCall(SelectOptionByLabelKeyword.groovy:86)
	at com.kms.katalon.core.webui.keyword.builtin.SelectOptionByLabelKeyword$_selectOptionByLabel_closure1.call(SelectOptionByLabelKeyword.groovy)
	at com.kms.katalon.core.webui.keyword.internal.WebUIKeywordMain.runKeyword(WebUIKeywordMain.groovy:20)
	at com.kms.katalon.core.webui.keyword.builtin.SelectOptionByLabelKeyword.selectOptionByLabel(SelectOptionByLabelKeyword.groovy:98)
	at com.kms.katalon.core.webui.keyword.builtin.SelectOptionByLabelKeyword.execute(SelectOptionByLabelKeyword.groovy:71)
	at com.kms.katalon.core.keyword.internal.KeywordExecutor.executeKeywordForPlatform(KeywordExecutor.groovy:56)
	at com.kms.katalon.core.webui.keyword.WebUiBuiltInKeywords.selectOptionByLabel(WebUiBuiltInKeywords.groovy:1200)
	at com.kms.katalon.core.webui.keyword.WebUiBuiltInKeywords$selectOptionByLabel$7.call(Unknown Source)
	at Script1554577686876.run(Script1554577686876.groovy:57)
	... 13 more]]></system-err>
   </testsuite>
</testsuites>
