<?xml version="1.0" encoding="UTF-8"?>
<testsuites name="Smoke Test" time="139" tests="2" failures="0" errors="0">
   <testsuite name="Smoke Test" tests="2" failures="0" errors="0" time="139" timestamp="2019-04-12 00:44:29" hostname="Amitansh - DESKTOP-TMTUP2J" id="Test Suites/Smoke Test">
      <properties>
         <property name="deviceName" value=""/>
         <property name="devicePlatform" value=""/>
         <property name="logFolder" value="C:\\Users\\Amitansh\\git\\katalonstudio\\Reports\\Smoke Test\\20190412_004427"/>
         <property name="logFiles" value="C:\\Users\\Amitansh\\git\\katalonstudio\\Reports\\Smoke Test\\20190412_004427\\execution0.log"/>
         <property name="attachments" value="C:\\Users\\Amitansh\\git\\katalonstudio\\Reports\\Smoke Test\\20190412_004427\\1555010177123.png, C:\\Users\\Amitansh\\git\\katalonstudio\\Reports\\Smoke Test\\20190412_004427\\1555010208799.png"/>
         <property name="hostName" value="Amitansh - DESKTOP-TMTUP2J"/>
         <property name="os" value="Windows 10 64bit"/>
         <property name="katalonVersion" value="6.1.0.1"/>
         <property name="browser" value="Chrome 73.0.3683.103"/>
         <property name="hostAddress" value="192.168.0.104"/>
         <property name="sessionId" value="8f65aed06932433717aa9389a4300807"/>
         <property name="seleniumVersion" value="3.7.1"/>
         <property name="proxyInformation" value="ProxyInformation{proxyOption=NO_PROXY, proxyServerType=HTTP, password=, proxyServerAddress=, proxyServerPort=0}"/>
         <property name="platform" value="Windows 10"/>
      </properties>
      <testcase name="Test Cases/Login" classname="Test Cases/Login" status="PASSED">
         <system-out><![CDATA[2019-04-12 00:44:30 - [TEST_CASE][PASSED] - Test Cases/Login: Test Cases/Login

2019-04-12 00:44:30 - [TEST_STEP][PASSED] - openBrowser(""): Browser is opened with url: ''

2019-04-12 00:44:31 - [MESSAGE][INFO] - Starting 'Chrome' driver

2019-04-12 00:44:31 - [MESSAGE][INFO] - Action delay is set to 0 seconds

2019-04-12 00:44:34 - [MESSAGE][PASSED] - Browser is opened with url: ''

2019-04-12 00:44:34 - [TEST_STEP][PASSED] - navigateToUrl(url): Navigate to 'https://dev.esp.irisgst.com/' successfully

2019-04-12 00:44:38 - [MESSAGE][PASSED] - Navigate to 'https://dev.esp.irisgst.com/' successfully

2019-04-12 00:44:38 - [TEST_STEP][PASSED] - maximizeWindow(): Current window maximized

2019-04-12 00:44:39 - [MESSAGE][PASSED] - Current window maximized

2019-04-12 00:44:39 - [TEST_STEP][PASSED] - delay(2): Delayed 2 second(s)

2019-04-12 00:44:42 - [MESSAGE][PASSED] - Delayed 2 second(s)

2019-04-12 00:44:42 - [TEST_STEP][PASSED] - topazTitle = getWindowTitle(): Current window's title is: 'IRIS-TOPAZ'

2019-04-12 00:44:42 - [MESSAGE][PASSED] - Current window's title is: 'IRIS-TOPAZ'

2019-04-12 00:44:42 - [TEST_STEP][PASSED] - verifyMatch(topazTitle, "IRIS-TOPAZ", true): Actual text 'IRIS-TOPAZ' and expected text 'IRIS-TOPAZ' are matched  using regular expression

2019-04-12 00:44:42 - [MESSAGE][PASSED] - Actual text 'IRIS-TOPAZ' and expected text 'IRIS-TOPAZ' are matched  using regular expression

2019-04-12 00:44:42 - [TEST_STEP][PASSED] - setText(findTestObject("Login/Enter Username"), username): Text 'amit.nandha@irisindia.net' is set on object 'Object Repository/Login/Enter Username'

2019-04-12 00:44:42 - [MESSAGE][PASSED] - Text 'amit.nandha@irisindia.net' is set on object 'Object Repository/Login/Enter Username'

2019-04-12 00:44:42 - [TEST_STEP][PASSED] - setText(findTestObject("Login/Enter Password"), password): Text 'Abcd@12345' is set on object 'Object Repository/Login/Enter Password'

2019-04-12 00:44:42 - [MESSAGE][PASSED] - Text 'Abcd@12345' is set on object 'Object Repository/Login/Enter Password'

2019-04-12 00:44:42 - [TEST_STEP][PASSED] - delay(1): Delayed 1 second(s)

2019-04-12 00:44:43 - [MESSAGE][PASSED] - Delayed 1 second(s)

2019-04-12 00:44:43 - [TEST_STEP][PASSED] - click(findTestObject("Login/Sign In button")): Object: 'Object Repository/Login/Sign In button' is clicked on

2019-04-12 00:44:43 - [MESSAGE][PASSED] - Object: 'Object Repository/Login/Sign In button' is clicked on

2019-04-12 00:44:43 - [TEST_STEP][PASSED] - delay(2): Delayed 2 second(s)

2019-04-12 00:44:45 - [MESSAGE][PASSED] - Delayed 2 second(s)

2019-04-12 00:44:45 - [TEST_STEP][PASSED] - LoginTitle = getText(findTestObject("Login/div_Login Successful")): Text of object 'Object Repository/Login/div_Login Successful' is: 'Login Successful!'

2019-04-12 00:44:45 - [MESSAGE][PASSED] - Text of object 'Object Repository/Login/div_Login Successful' is: 'Login Successful!'

2019-04-12 00:44:45 - [TEST_STEP][PASSED] - verifyMatch(LoginTitle, "Login Successful!", true): Actual text 'Login Successful!' and expected text 'Login Successful!' are matched  using regular expression

2019-04-12 00:44:45 - [MESSAGE][PASSED] - Actual text 'Login Successful!' and expected text 'Login Successful!' are matched  using regular expression

2019-04-12 00:44:45 - [TEST_STEP][PASSED] - click(findTestObject("Login/div_Login Successful")): Object: 'Object Repository/Login/div_Login Successful' is clicked on

2019-04-12 00:44:46 - [MESSAGE][PASSED] - Object: 'Object Repository/Login/div_Login Successful' is clicked on]]></system-out>
         <system-err><![CDATA[]]></system-err>
      </testcase>
      <testcase name="Test Cases/Generate" classname="Test Cases/Generate" status="PASSED">
         <system-out><![CDATA[2019-04-12 00:44:46 - [TEST_CASE][PASSED] - Test Cases/Generate: Test Cases/Generate

2019-04-12 00:44:46 - [TEST_STEP][PASSED] - log = new com.kms.katalon.core.logging.KeywordLogger(): null

2019-04-12 00:44:46 - [TEST_STEP][PASSED] - delay(3): Delayed 3 second(s)

2019-04-12 00:44:49 - [MESSAGE][PASSED] - Delayed 3 second(s)

2019-04-12 00:44:49 - [TEST_STEP][PASSED] - click(findTestObject("Generate/i_Vijeta Business Solution_fa fa-angle-double-right")): Object: 'Object Repository/Generate/i_Vijeta Business Solution_fa fa-angle-double-right' is clicked on

2019-04-12 00:44:49 - [MESSAGE][PASSED] - Object: 'Object Repository/Generate/i_Vijeta Business Solution_fa fa-angle-double-right' is clicked on

2019-04-12 00:44:49 - [TEST_STEP][PASSED] - delay(1): Delayed 1 second(s)

2019-04-12 00:44:50 - [MESSAGE][PASSED] - Delayed 1 second(s)

2019-04-12 00:44:50 - [TEST_STEP][PASSED] - click(findTestObject("Generate/li_Nands Group")): Object: 'Object Repository/Generate/li_Nands Group' is clicked on

2019-04-12 00:44:50 - [MESSAGE][PASSED] - Object: 'Object Repository/Generate/li_Nands Group' is clicked on

2019-04-12 00:44:50 - [TEST_STEP][PASSED] - changeBusienssMsg = getText(findTestObject("Generate/div_Business Changed Successfully")): Text of object 'Object Repository/Generate/div_Business Changed Successfully' is: 'Business Changed Successfully.'

2019-04-12 00:44:51 - [MESSAGE][PASSED] - Text of object 'Object Repository/Generate/div_Business Changed Successfully' is: 'Business Changed Successfully.'

2019-04-12 00:44:51 - [TEST_STEP][PASSED] - verifyMatch(changeBusienssMsg, "Business Changed Successfully.", true): Actual text 'Business Changed Successfully.' and expected text 'Business Changed Successfully.' are matched  using regular expression

2019-04-12 00:44:51 - [MESSAGE][PASSED] - Actual text 'Business Changed Successfully.' and expected text 'Business Changed Successfully.' are matched  using regular expression

2019-04-12 00:44:51 - [TEST_STEP][PASSED] - click(findTestObject("Generate/div_Business Changed Successfully")): Object: 'Object Repository/Generate/div_Business Changed Successfully' is clicked on

2019-04-12 00:44:51 - [MESSAGE][PASSED] - Object: 'Object Repository/Generate/div_Business Changed Successfully' is clicked on

2019-04-12 00:44:51 - [TEST_STEP][PASSED] - delay(1): Delayed 1 second(s)

2019-04-12 00:44:52 - [MESSAGE][PASSED] - Delayed 1 second(s)

2019-04-12 00:44:52 - [TEST_STEP][PASSED] - click(findTestObject("Generate/i_Nands Group_fa fa-angle-double-right")): Object: 'Object Repository/Generate/i_Nands Group_fa fa-angle-double-right' is clicked on

2019-04-12 00:44:52 - [MESSAGE][PASSED] - Object: 'Object Repository/Generate/i_Nands Group_fa fa-angle-double-right' is clicked on

2019-04-12 00:44:52 - [TEST_STEP][PASSED] - delay(1): Delayed 1 second(s)

2019-04-12 00:44:53 - [MESSAGE][PASSED] - Delayed 1 second(s)

2019-04-12 00:44:53 - [TEST_STEP][PASSED] - click(findTestObject("Generate/li_Nands Business")): Object: 'Object Repository/Generate/li_Nands Business' is clicked on

2019-04-12 00:44:53 - [MESSAGE][PASSED] - Object: 'Object Repository/Generate/li_Nands Business' is clicked on

2019-04-12 00:44:53 - [TEST_STEP][PASSED] - delay(1): Delayed 1 second(s)

2019-04-12 00:44:54 - [MESSAGE][PASSED] - Delayed 1 second(s)

2019-04-12 00:44:54 - [TEST_STEP][PASSED] - click(findTestObject("Generate/i_Nands Business_fa fa-angle-double-right")): Object: 'Object Repository/Generate/i_Nands Business_fa fa-angle-double-right' is clicked on

2019-04-12 00:44:54 - [MESSAGE][PASSED] - Object: 'Object Repository/Generate/i_Nands Business_fa fa-angle-double-right' is clicked on

2019-04-12 00:44:54 - [TEST_STEP][PASSED] - delay(1): Delayed 1 second(s)

2019-04-12 00:44:55 - [MESSAGE][PASSED] - Delayed 1 second(s)

2019-04-12 00:44:55 - [TEST_STEP][PASSED] - click(findTestObject("Generate/li_Nands_Entity_1")): Object: 'Object Repository/Generate/li_Nands_Entity_1' is clicked on

2019-04-12 00:44:55 - [MESSAGE][PASSED] - Object: 'Object Repository/Generate/li_Nands_Entity_1' is clicked on

2019-04-12 00:44:55 - [TEST_STEP][PASSED] - delay(1): Delayed 1 second(s)

2019-04-12 00:44:56 - [MESSAGE][PASSED] - Delayed 1 second(s)

2019-04-12 00:44:56 - [TEST_STEP][PASSED] - click(findTestObject("Generate/li_Nands Group_1")): Object: 'Object Repository/Generate/li_Nands Group_1' is clicked on

2019-04-12 00:44:57 - [MESSAGE][PASSED] - Object: 'Object Repository/Generate/li_Nands Group_1' is clicked on

2019-04-12 00:44:57 - [TEST_STEP][PASSED] - click(findTestObject("Generate/Generate Tab")): Object: 'Object Repository/Generate/Generate Tab' is clicked on

2019-04-12 00:44:57 - [MESSAGE][PASSED] - Object: 'Object Repository/Generate/Generate Tab' is clicked on

2019-04-12 00:44:57 - [TEST_STEP][PASSED] - delay(3): Delayed 3 second(s)

2019-04-12 00:45:00 - [MESSAGE][PASSED] - Delayed 3 second(s)

2019-04-12 00:45:00 - [TEST_STEP][PASSED] - selectOptionByValue(findTestObject("Generate/Select Transaction Type"), "number:1", true): All options with value 'number:1' are selected in object 'Object Repository/Generate/Select Transaction Type'  using regular expression

2019-04-12 00:45:00 - [MESSAGE][PASSED] - All options with value 'number:1' are selected in object 'Object Repository/Generate/Select Transaction Type'  using regular expression

2019-04-12 00:45:00 - [TEST_STEP][PASSED] - delay(1): Delayed 1 second(s)

2019-04-12 00:45:01 - [MESSAGE][PASSED] - Delayed 1 second(s)

2019-04-12 00:45:01 - [TEST_STEP][PASSED] - selectOptionByValue(findTestObject("Generate/Select Sub Supply Type"), "number:1", true): All options with value 'number:1' are selected in object 'Object Repository/Generate/Select Sub Supply Type'  using regular expression

2019-04-12 00:45:01 - [MESSAGE][PASSED] - All options with value 'number:1' are selected in object 'Object Repository/Generate/Select Sub Supply Type'  using regular expression

2019-04-12 00:45:01 - [TEST_STEP][PASSED] - delay(1): Delayed 1 second(s)

2019-04-12 00:45:02 - [MESSAGE][PASSED] - Delayed 1 second(s)

2019-04-12 00:45:02 - [TEST_STEP][PASSED] - setText(findTestObject("Generate/Enter Sub-supply type Description"), "SubSupplyDescription"): Text 'SubSupplyDescription' is set on object 'Object Repository/Generate/Enter Sub-supply type Description'

2019-04-12 00:45:03 - [MESSAGE][PASSED] - Text 'SubSupplyDescription' is set on object 'Object Repository/Generate/Enter Sub-supply type Description'

2019-04-12 00:45:03 - [TEST_STEP][PASSED] - delay(1): Delayed 1 second(s)

2019-04-12 00:45:04 - [MESSAGE][PASSED] - Delayed 1 second(s)

2019-04-12 00:45:04 - [TEST_STEP][PASSED] - selectOptionByValue(findTestObject("Generate/Select Document Type"), "string:INV", true): All options with value 'string:INV' are selected in object 'Object Repository/Generate/Select Document Type'  using regular expression

2019-04-12 00:45:04 - [MESSAGE][PASSED] - All options with value 'string:INV' are selected in object 'Object Repository/Generate/Select Document Type'  using regular expression

2019-04-12 00:45:04 - [TEST_STEP][PASSED] - delay(1): Delayed 1 second(s)

2019-04-12 00:45:05 - [MESSAGE][PASSED] - Delayed 1 second(s)

2019-04-12 00:45:05 - [TEST_STEP][PASSED] - docNo = utility.randomNumber.rendomNo(8): utility.randomNumber.rendomNo is PASSED

2019-04-12 00:45:05 - [MESSAGE][PASSED] - utility.randomNumber.rendomNo is PASSED

2019-04-12 00:45:05 - [TEST_STEP][PASSED] - setText(findTestObject("Generate/Enter Document Number"), docNo): Text '94670955' is set on object 'Object Repository/Generate/Enter Document Number'

2019-04-12 00:45:06 - [MESSAGE][PASSED] - Text '94670955' is set on object 'Object Repository/Generate/Enter Document Number'

2019-04-12 00:45:06 - [TEST_STEP][PASSED] - delay(1): Delayed 1 second(s)

2019-04-12 00:45:07 - [MESSAGE][PASSED] - Delayed 1 second(s)

2019-04-12 00:45:07 - [TEST_STEP][PASSED] - utility.WriteToExcel.Sd(docNo, 1, 0): utility.WriteToExcel.Sd is PASSED

2019-04-12 00:45:08 - [MESSAGE][PASSED] - utility.WriteToExcel.Sd is PASSED

2019-04-12 00:45:08 - [TEST_STEP][PASSED] - delay(1): Delayed 1 second(s)

2019-04-12 00:45:09 - [MESSAGE][PASSED] - Delayed 1 second(s)

2019-04-12 00:45:09 - [TEST_STEP][PASSED] - selectOptionByValue(findTestObject("Generate/Select Invoice Type"), "string:B2B", true): All options with value 'string:B2B' are selected in object 'Object Repository/Generate/Select Invoice Type'  using regular expression

2019-04-12 00:45:09 - [MESSAGE][PASSED] - All options with value 'string:B2B' are selected in object 'Object Repository/Generate/Select Invoice Type'  using regular expression

2019-04-12 00:45:09 - [TEST_STEP][PASSED] - delay(1): Delayed 1 second(s)

2019-04-12 00:45:10 - [MESSAGE][PASSED] - Delayed 1 second(s)

2019-04-12 00:45:10 - [TEST_STEP][PASSED] - setText(findTestObject("Generate/Enter Invoice Ref Number"), "REFINV001"): Text 'REFINV001' is set on object 'Object Repository/Generate/Enter Invoice Ref Number'

2019-04-12 00:45:11 - [MESSAGE][PASSED] - Text 'REFINV001' is set on object 'Object Repository/Generate/Enter Invoice Ref Number'

2019-04-12 00:45:11 - [TEST_STEP][PASSED] - delay(1): Delayed 1 second(s)

2019-04-12 00:45:12 - [MESSAGE][PASSED] - Delayed 1 second(s)

2019-04-12 00:45:12 - [TEST_STEP][PASSED] - selectOptionByValue(findTestObject("Generate/Select Supplier address"), "number:7363", true): All options with value 'number:7363' are selected in object 'Object Repository/Generate/Select Supplier address'  using regular expression

2019-04-12 00:45:12 - [MESSAGE][PASSED] - All options with value 'number:7363' are selected in object 'Object Repository/Generate/Select Supplier address'  using regular expression

2019-04-12 00:45:12 - [TEST_STEP][PASSED] - delay(1): Delayed 1 second(s)

2019-04-12 00:45:13 - [MESSAGE][PASSED] - Delayed 1 second(s)

2019-04-12 00:45:13 - [TEST_STEP][PASSED] - selectOptionByValue(findTestObject("Generate/Select Recepient address"), "number:548", true): All options with value 'number:548' are selected in object 'Object Repository/Generate/Select Recepient address'  using regular expression

2019-04-12 00:45:13 - [MESSAGE][PASSED] - All options with value 'number:548' are selected in object 'Object Repository/Generate/Select Recepient address'  using regular expression

2019-04-12 00:45:13 - [TEST_STEP][PASSED] - delay(1): Delayed 1 second(s)

2019-04-12 00:45:14 - [MESSAGE][PASSED] - Delayed 1 second(s)

2019-04-12 00:45:14 - [TEST_STEP][PASSED] - setText(findTestObject("Generate/Enter HSN code"), "88"): Text '88' is set on object 'Object Repository/Generate/Enter HSN code'

2019-04-12 00:45:15 - [MESSAGE][PASSED] - Text '88' is set on object 'Object Repository/Generate/Enter HSN code'

2019-04-12 00:45:15 - [TEST_STEP][PASSED] - delay(1): Delayed 1 second(s)

2019-04-12 00:45:16 - [MESSAGE][PASSED] - Delayed 1 second(s)

2019-04-12 00:45:16 - [TEST_STEP][PASSED] - setText(findTestObject("Generate/Enter Taxable Value"), "1"): Text '1' is set on object 'Object Repository/Generate/Enter Taxable Value'

2019-04-12 00:45:16 - [MESSAGE][PASSED] - Text '1' is set on object 'Object Repository/Generate/Enter Taxable Value'

2019-04-12 00:45:16 - [TEST_STEP][PASSED] - delay(1): Delayed 1 second(s)

2019-04-12 00:45:17 - [MESSAGE][PASSED] - Delayed 1 second(s)

2019-04-12 00:45:17 - [TEST_STEP][PASSED] - setText(findTestObject("Generate/Enter Quantity"), "1"): Text '1' is set on object 'Object Repository/Generate/Enter Quantity'

2019-04-12 00:45:17 - [MESSAGE][PASSED] - Text '1' is set on object 'Object Repository/Generate/Enter Quantity'

2019-04-12 00:45:17 - [TEST_STEP][PASSED] - delay(1): Delayed 1 second(s)

2019-04-12 00:45:18 - [MESSAGE][PASSED] - Delayed 1 second(s)

2019-04-12 00:45:18 - [TEST_STEP][PASSED] - selectOptionByValue(findTestObject("Generate/Select CGST Rate"), "string:1.50", true): All options with value 'string:1.50' are selected in object 'Object Repository/Generate/Select CGST Rate'  using regular expression

2019-04-12 00:45:18 - [MESSAGE][PASSED] - All options with value 'string:1.50' are selected in object 'Object Repository/Generate/Select CGST Rate'  using regular expression

2019-04-12 00:45:18 - [TEST_STEP][PASSED] - delay(1): Delayed 1 second(s)

2019-04-12 00:45:19 - [MESSAGE][PASSED] - Delayed 1 second(s)

2019-04-12 00:45:19 - [TEST_STEP][PASSED] - selectOptionByValue(findTestObject("Generate/Select SGST Rate"), "string:1.50", true): All options with value 'string:1.50' are selected in object 'Object Repository/Generate/Select SGST Rate'  using regular expression

2019-04-12 00:45:20 - [MESSAGE][PASSED] - All options with value 'string:1.50' are selected in object 'Object Repository/Generate/Select SGST Rate'  using regular expression

2019-04-12 00:45:20 - [TEST_STEP][PASSED] - delay(1): Delayed 1 second(s)

2019-04-12 00:45:21 - [MESSAGE][PASSED] - Delayed 1 second(s)

2019-04-12 00:45:21 - [TEST_STEP][PASSED] - selectOptionByValue(findTestObject("Generate/Select Cess Advol"), "string:3", true): All options with value 'string:3' are selected in object 'Object Repository/Generate/Select Cess Advol'  using regular expression

2019-04-12 00:45:22 - [MESSAGE][PASSED] - All options with value 'string:3' are selected in object 'Object Repository/Generate/Select Cess Advol'  using regular expression

2019-04-12 00:45:22 - [TEST_STEP][PASSED] - delay(1): Delayed 1 second(s)

2019-04-12 00:45:23 - [MESSAGE][PASSED] - Delayed 1 second(s)

2019-04-12 00:45:23 - [TEST_STEP][PASSED] - selectOptionByValue(findTestObject("Generate/Select Cess Non Advol"), "number:400", true): All options with value 'number:400' are selected in object 'Object Repository/Generate/Select Cess Non Advol'  using regular expression

2019-04-12 00:45:23 - [MESSAGE][PASSED] - All options with value 'number:400' are selected in object 'Object Repository/Generate/Select Cess Non Advol'  using regular expression

2019-04-12 00:45:23 - [TEST_STEP][PASSED] - delay(1): Delayed 1 second(s)

2019-04-12 00:45:24 - [MESSAGE][PASSED] - Delayed 1 second(s)

2019-04-12 00:45:24 - [TEST_STEP][PASSED] - setText(findTestObject("Generate/Enter Distance"), "100"): Text '100' is set on object 'Object Repository/Generate/Enter Distance'

2019-04-12 00:45:24 - [MESSAGE][PASSED] - Text '100' is set on object 'Object Repository/Generate/Enter Distance'

2019-04-12 00:45:24 - [TEST_STEP][PASSED] - delay(1): Delayed 1 second(s)

2019-04-12 00:45:25 - [MESSAGE][PASSED] - Delayed 1 second(s)

2019-04-12 00:45:25 - [TEST_STEP][PASSED] - selectOptionByValue(findTestObject("Generate/Select Trans mode"), "number:1", true): All options with value 'number:1' are selected in object 'Object Repository/Generate/Select Trans mode'  using regular expression

2019-04-12 00:45:26 - [MESSAGE][PASSED] - All options with value 'number:1' are selected in object 'Object Repository/Generate/Select Trans mode'  using regular expression

2019-04-12 00:45:26 - [TEST_STEP][PASSED] - delay(1): Delayed 1 second(s)

2019-04-12 00:45:27 - [MESSAGE][PASSED] - Delayed 1 second(s)

2019-04-12 00:45:27 - [TEST_STEP][PASSED] - setText(findTestObject("Generate/Enter Vehical No"), "MH02EX3636"): Text 'MH02EX3636' is set on object 'Object Repository/Generate/Enter Vehical No'

2019-04-12 00:45:27 - [MESSAGE][PASSED] - Text 'MH02EX3636' is set on object 'Object Repository/Generate/Enter Vehical No'

2019-04-12 00:45:27 - [TEST_STEP][PASSED] - delay(1): Delayed 1 second(s)

2019-04-12 00:45:28 - [MESSAGE][PASSED] - Delayed 1 second(s)

2019-04-12 00:45:28 - [TEST_STEP][PASSED] - click(findTestObject("Generate/Sumbit Button")): Object: 'Object Repository/Generate/Sumbit Button' is clicked on

2019-04-12 00:45:29 - [MESSAGE][PASSED] - Object: 'Object Repository/Generate/Sumbit Button' is clicked on

2019-04-12 00:45:29 - [TEST_STEP][PASSED] - delay(5): Delayed 5 second(s)

2019-04-12 00:45:34 - [MESSAGE][PASSED] - Delayed 5 second(s)

2019-04-12 00:45:34 - [TEST_STEP][PASSED] - MsgGen = getText(findTestObject("Generate/Msg Generated Successfully")): Text of object 'Object Repository/Generate/Msg Generated Successfully' is: 'Generated Successfully'

2019-04-12 00:45:34 - [MESSAGE][PASSED] - Text of object 'Object Repository/Generate/Msg Generated Successfully' is: 'Generated Successfully'

2019-04-12 00:45:34 - [TEST_STEP][PASSED] - verifyMatch(MsgGen, "Generated Successfully", true): Actual text 'Generated Successfully' and expected text 'Generated Successfully' are matched  using regular expression

2019-04-12 00:45:34 - [MESSAGE][PASSED] - Actual text 'Generated Successfully' and expected text 'Generated Successfully' are matched  using regular expression

2019-04-12 00:45:34 - [TEST_STEP][PASSED] - ewayBillNo = getText(findTestObject("Generate/Eway bill number")): Text of object 'Object Repository/Generate/Eway bill number' is: '311001758198'

2019-04-12 00:45:34 - [MESSAGE][PASSED] - Text of object 'Object Repository/Generate/Eway bill number' is: '311001758198'

2019-04-12 00:45:34 - [TEST_STEP][PASSED] - utility.WriteToExcel.Sd(ewayBillNo, 1, 1): utility.WriteToExcel.Sd is PASSED

2019-04-12 00:45:34 - [MESSAGE][PASSED] - utility.WriteToExcel.Sd is PASSED

2019-04-12 00:45:34 - [TEST_STEP][PASSED] - EwayBillDate = getText(findTestObject("Generate/Eway Bill date")): Text of object 'Object Repository/Generate/Eway Bill date' is: '12/04/2019 12:45:28 AM'

2019-04-12 00:45:34 - [MESSAGE][PASSED] - Text of object 'Object Repository/Generate/Eway Bill date' is: '12/04/2019 12:45:28 AM'

2019-04-12 00:45:34 - [TEST_STEP][PASSED] - utility.WriteToExcel.Sd(EwayBillDate, 1, 2): utility.WriteToExcel.Sd is PASSED

2019-04-12 00:45:34 - [MESSAGE][PASSED] - utility.WriteToExcel.Sd is PASSED

2019-04-12 00:45:34 - [TEST_STEP][PASSED] - EwayValidityDate = getText(findTestObject("Generate/Eway bill Validity date")): Text of object 'Object Repository/Generate/Eway bill Validity date' is: '13/04/2019 11:59:00 AM'

2019-04-12 00:45:34 - [MESSAGE][PASSED] - Text of object 'Object Repository/Generate/Eway bill Validity date' is: '13/04/2019 11:59:00 AM'

2019-04-12 00:45:34 - [TEST_STEP][PASSED] - utility.WriteToExcel.Sd(EwayValidityDate, 1, 3): utility.WriteToExcel.Sd is PASSED

2019-04-12 00:45:34 - [MESSAGE][PASSED] - utility.WriteToExcel.Sd is PASSED

2019-04-12 00:45:34 - [TEST_STEP][PASSED] - EwayBillStatus = getText(findTestObject("Generate/Eway Bill Status")): Text of object 'Object Repository/Generate/Eway Bill Status' is: 'ACTIVE'

2019-04-12 00:45:34 - [MESSAGE][PASSED] - Text of object 'Object Repository/Generate/Eway Bill Status' is: 'ACTIVE'

2019-04-12 00:45:34 - [TEST_STEP][PASSED] - verifyMatch(EwayBillStatus, "ACTIVE", true): Actual text 'ACTIVE' and expected text 'ACTIVE' are matched  using regular expression

2019-04-12 00:45:34 - [MESSAGE][PASSED] - Actual text 'ACTIVE' and expected text 'ACTIVE' are matched  using regular expression

2019-04-12 00:45:34 - [TEST_STEP][PASSED] - utility.WriteToExcel.Sd(EwayBillStatus, 1, 4): utility.WriteToExcel.Sd is PASSED

2019-04-12 00:45:34 - [MESSAGE][PASSED] - utility.WriteToExcel.Sd is PASSED

2019-04-12 00:45:34 - [TEST_STEP][PASSED] - click(findTestObject("Generate/Generate Another button")): Object: 'Object Repository/Generate/Generate Another button' is clicked on

2019-04-12 00:45:34 - [MESSAGE][PASSED] - Object: 'Object Repository/Generate/Generate Another button' is clicked on

2019-04-12 00:45:34 - [TEST_STEP][PASSED] - delay(3): Delayed 3 second(s)

2019-04-12 00:45:37 - [MESSAGE][PASSED] - Delayed 3 second(s)

2019-04-12 00:45:37 - [TEST_STEP][PASSED] - selectOptionByValue(findTestObject("Generate/Select Transaction Type"), "number:1", true): All options with value 'number:1' are selected in object 'Object Repository/Generate/Select Transaction Type'  using regular expression

2019-04-12 00:45:38 - [MESSAGE][PASSED] - All options with value 'number:1' are selected in object 'Object Repository/Generate/Select Transaction Type'  using regular expression

2019-04-12 00:45:38 - [TEST_STEP][PASSED] - delay(1): Delayed 1 second(s)

2019-04-12 00:45:39 - [MESSAGE][PASSED] - Delayed 1 second(s)

2019-04-12 00:45:39 - [TEST_STEP][PASSED] - selectOptionByValue(findTestObject("Generate/Select Sub Supply Type"), "number:1", true): All options with value 'number:1' are selected in object 'Object Repository/Generate/Select Sub Supply Type'  using regular expression

2019-04-12 00:45:39 - [MESSAGE][PASSED] - All options with value 'number:1' are selected in object 'Object Repository/Generate/Select Sub Supply Type'  using regular expression

2019-04-12 00:45:39 - [TEST_STEP][PASSED] - delay(1): Delayed 1 second(s)

2019-04-12 00:45:40 - [MESSAGE][PASSED] - Delayed 1 second(s)

2019-04-12 00:45:40 - [TEST_STEP][PASSED] - setText(findTestObject("Generate/Enter Sub-supply type Description"), "SubSupplyDescription"): Text 'SubSupplyDescription' is set on object 'Object Repository/Generate/Enter Sub-supply type Description'

2019-04-12 00:45:41 - [MESSAGE][PASSED] - Text 'SubSupplyDescription' is set on object 'Object Repository/Generate/Enter Sub-supply type Description'

2019-04-12 00:45:41 - [TEST_STEP][PASSED] - delay(1): Delayed 1 second(s)

2019-04-12 00:45:42 - [MESSAGE][PASSED] - Delayed 1 second(s)

2019-04-12 00:45:42 - [TEST_STEP][PASSED] - selectOptionByValue(findTestObject("Generate/Select Document Type"), "string:INV", true): All options with value 'string:INV' are selected in object 'Object Repository/Generate/Select Document Type'  using regular expression

2019-04-12 00:45:42 - [MESSAGE][PASSED] - All options with value 'string:INV' are selected in object 'Object Repository/Generate/Select Document Type'  using regular expression

2019-04-12 00:45:42 - [TEST_STEP][PASSED] - delay(1): Delayed 1 second(s)

2019-04-12 00:45:43 - [MESSAGE][PASSED] - Delayed 1 second(s)

2019-04-12 00:45:43 - [TEST_STEP][PASSED] - docnoo = utility.randomNumber.rendomNo(8): utility.randomNumber.rendomNo is PASSED

2019-04-12 00:45:43 - [MESSAGE][PASSED] - utility.randomNumber.rendomNo is PASSED

2019-04-12 00:45:43 - [TEST_STEP][PASSED] - setText(findTestObject("Generate/Enter Document Number"), docnoo): Text '70077986' is set on object 'Object Repository/Generate/Enter Document Number'

2019-04-12 00:45:43 - [MESSAGE][PASSED] - Text '70077986' is set on object 'Object Repository/Generate/Enter Document Number'

2019-04-12 00:45:43 - [TEST_STEP][PASSED] - delay(1): Delayed 1 second(s)

2019-04-12 00:45:44 - [MESSAGE][PASSED] - Delayed 1 second(s)

2019-04-12 00:45:44 - [TEST_STEP][PASSED] - utility.WriteToExcel.Sd(docnoo, 2, 0): utility.WriteToExcel.Sd is PASSED

2019-04-12 00:45:44 - [MESSAGE][PASSED] - utility.WriteToExcel.Sd is PASSED

2019-04-12 00:45:44 - [TEST_STEP][PASSED] - delay(1): Delayed 1 second(s)

2019-04-12 00:45:45 - [MESSAGE][PASSED] - Delayed 1 second(s)

2019-04-12 00:45:45 - [TEST_STEP][PASSED] - selectOptionByValue(findTestObject("Generate/Select Invoice Type"), "string:B2B", true): All options with value 'string:B2B' are selected in object 'Object Repository/Generate/Select Invoice Type'  using regular expression

2019-04-12 00:45:46 - [MESSAGE][PASSED] - All options with value 'string:B2B' are selected in object 'Object Repository/Generate/Select Invoice Type'  using regular expression

2019-04-12 00:45:46 - [TEST_STEP][PASSED] - delay(1): Delayed 1 second(s)

2019-04-12 00:45:47 - [MESSAGE][PASSED] - Delayed 1 second(s)

2019-04-12 00:45:47 - [TEST_STEP][PASSED] - setText(findTestObject("Generate/Enter Invoice Ref Number"), "REFINV001"): Text 'REFINV001' is set on object 'Object Repository/Generate/Enter Invoice Ref Number'

2019-04-12 00:45:47 - [MESSAGE][PASSED] - Text 'REFINV001' is set on object 'Object Repository/Generate/Enter Invoice Ref Number'

2019-04-12 00:45:47 - [TEST_STEP][PASSED] - delay(1): Delayed 1 second(s)

2019-04-12 00:45:48 - [MESSAGE][PASSED] - Delayed 1 second(s)

2019-04-12 00:45:48 - [TEST_STEP][PASSED] - selectOptionByValue(findTestObject("Generate/Select Supplier address"), "number:7363", true): All options with value 'number:7363' are selected in object 'Object Repository/Generate/Select Supplier address'  using regular expression

2019-04-12 00:45:48 - [MESSAGE][PASSED] - All options with value 'number:7363' are selected in object 'Object Repository/Generate/Select Supplier address'  using regular expression

2019-04-12 00:45:48 - [TEST_STEP][PASSED] - delay(1): Delayed 1 second(s)

2019-04-12 00:45:49 - [MESSAGE][PASSED] - Delayed 1 second(s)

2019-04-12 00:45:49 - [TEST_STEP][PASSED] - selectOptionByValue(findTestObject("Generate/Select Recepient address"), "number:548", true): All options with value 'number:548' are selected in object 'Object Repository/Generate/Select Recepient address'  using regular expression

2019-04-12 00:45:50 - [MESSAGE][PASSED] - All options with value 'number:548' are selected in object 'Object Repository/Generate/Select Recepient address'  using regular expression

2019-04-12 00:45:50 - [TEST_STEP][PASSED] - delay(1): Delayed 1 second(s)

2019-04-12 00:45:51 - [MESSAGE][PASSED] - Delayed 1 second(s)

2019-04-12 00:45:51 - [TEST_STEP][PASSED] - setText(findTestObject("Generate/Enter HSN code"), "88"): Text '88' is set on object 'Object Repository/Generate/Enter HSN code'

2019-04-12 00:45:51 - [MESSAGE][PASSED] - Text '88' is set on object 'Object Repository/Generate/Enter HSN code'

2019-04-12 00:45:51 - [TEST_STEP][PASSED] - delay(1): Delayed 1 second(s)

2019-04-12 00:45:52 - [MESSAGE][PASSED] - Delayed 1 second(s)

2019-04-12 00:45:52 - [TEST_STEP][PASSED] - setText(findTestObject("Generate/Enter Taxable Value"), "1"): Text '1' is set on object 'Object Repository/Generate/Enter Taxable Value'

2019-04-12 00:45:52 - [MESSAGE][PASSED] - Text '1' is set on object 'Object Repository/Generate/Enter Taxable Value'

2019-04-12 00:45:52 - [TEST_STEP][PASSED] - delay(1): Delayed 1 second(s)

2019-04-12 00:45:53 - [MESSAGE][PASSED] - Delayed 1 second(s)

2019-04-12 00:45:53 - [TEST_STEP][PASSED] - setText(findTestObject("Generate/Enter Quantity"), "1"): Text '1' is set on object 'Object Repository/Generate/Enter Quantity'

2019-04-12 00:45:53 - [MESSAGE][PASSED] - Text '1' is set on object 'Object Repository/Generate/Enter Quantity'

2019-04-12 00:45:53 - [TEST_STEP][PASSED] - delay(1): Delayed 1 second(s)

2019-04-12 00:45:54 - [MESSAGE][PASSED] - Delayed 1 second(s)

2019-04-12 00:45:54 - [TEST_STEP][PASSED] - selectOptionByValue(findTestObject("Generate/Select CGST Rate"), "string:1.50", true): All options with value 'string:1.50' are selected in object 'Object Repository/Generate/Select CGST Rate'  using regular expression

2019-04-12 00:45:55 - [MESSAGE][PASSED] - All options with value 'string:1.50' are selected in object 'Object Repository/Generate/Select CGST Rate'  using regular expression

2019-04-12 00:45:55 - [TEST_STEP][PASSED] - delay(1): Delayed 1 second(s)

2019-04-12 00:45:56 - [MESSAGE][PASSED] - Delayed 1 second(s)

2019-04-12 00:45:56 - [TEST_STEP][PASSED] - selectOptionByValue(findTestObject("Generate/Select SGST Rate"), "string:1.50", true): All options with value 'string:1.50' are selected in object 'Object Repository/Generate/Select SGST Rate'  using regular expression

2019-04-12 00:45:56 - [MESSAGE][PASSED] - All options with value 'string:1.50' are selected in object 'Object Repository/Generate/Select SGST Rate'  using regular expression

2019-04-12 00:45:56 - [TEST_STEP][PASSED] - delay(1): Delayed 1 second(s)

2019-04-12 00:45:57 - [MESSAGE][PASSED] - Delayed 1 second(s)

2019-04-12 00:45:57 - [TEST_STEP][PASSED] - selectOptionByValue(findTestObject("Generate/Select Cess Advol"), "string:3", true): All options with value 'string:3' are selected in object 'Object Repository/Generate/Select Cess Advol'  using regular expression

2019-04-12 00:45:58 - [MESSAGE][PASSED] - All options with value 'string:3' are selected in object 'Object Repository/Generate/Select Cess Advol'  using regular expression

2019-04-12 00:45:58 - [TEST_STEP][PASSED] - delay(1): Delayed 1 second(s)

2019-04-12 00:45:59 - [MESSAGE][PASSED] - Delayed 1 second(s)

2019-04-12 00:45:59 - [TEST_STEP][PASSED] - selectOptionByValue(findTestObject("Generate/Select Cess Non Advol"), "number:400", true): All options with value 'number:400' are selected in object 'Object Repository/Generate/Select Cess Non Advol'  using regular expression

2019-04-12 00:45:59 - [MESSAGE][PASSED] - All options with value 'number:400' are selected in object 'Object Repository/Generate/Select Cess Non Advol'  using regular expression

2019-04-12 00:45:59 - [TEST_STEP][PASSED] - delay(1): Delayed 1 second(s)

2019-04-12 00:46:00 - [MESSAGE][PASSED] - Delayed 1 second(s)

2019-04-12 00:46:00 - [TEST_STEP][PASSED] - setText(findTestObject("Generate/Enter Distance"), "100"): Text '100' is set on object 'Object Repository/Generate/Enter Distance'

2019-04-12 00:46:00 - [MESSAGE][PASSED] - Text '100' is set on object 'Object Repository/Generate/Enter Distance'

2019-04-12 00:46:00 - [TEST_STEP][PASSED] - delay(1): Delayed 1 second(s)

2019-04-12 00:46:01 - [MESSAGE][PASSED] - Delayed 1 second(s)

2019-04-12 00:46:01 - [TEST_STEP][PASSED] - setText(findTestObject("Generate/Enter Transporter ID"), "05AAAAU1183B1Z0"): Text '05AAAAU1183B1Z0' is set on object 'Object Repository/Generate/Enter Transporter ID'

2019-04-12 00:46:02 - [MESSAGE][PASSED] - Text '05AAAAU1183B1Z0' is set on object 'Object Repository/Generate/Enter Transporter ID'

2019-04-12 00:46:02 - [TEST_STEP][PASSED] - delay(1): Delayed 1 second(s)

2019-04-12 00:46:03 - [MESSAGE][PASSED] - Delayed 1 second(s)

2019-04-12 00:46:03 - [TEST_STEP][PASSED] - click(findTestObject("Generate/Sumbit Button")): Object: 'Object Repository/Generate/Sumbit Button' is clicked on

2019-04-12 00:46:03 - [MESSAGE][PASSED] - Object: 'Object Repository/Generate/Sumbit Button' is clicked on

2019-04-12 00:46:03 - [TEST_STEP][PASSED] - delay(5): Delayed 5 second(s)

2019-04-12 00:46:08 - [MESSAGE][PASSED] - Delayed 5 second(s)

2019-04-12 00:46:08 - [TEST_STEP][PASSED] - MsgGenn = getText(findTestObject("Generate/Message for not active")): Text of object 'Object Repository/Generate/Message for not active' is: 'Generated Successfully'

2019-04-12 00:46:08 - [MESSAGE][PASSED] - Text of object 'Object Repository/Generate/Message for not active' is: 'Generated Successfully'

2019-04-12 00:46:08 - [TEST_STEP][PASSED] - verifyMatch(MsgGenn, "Generated Successfully", true): Actual text 'Generated Successfully' and expected text 'Generated Successfully' are matched  using regular expression

2019-04-12 00:46:08 - [MESSAGE][PASSED] - Actual text 'Generated Successfully' and expected text 'Generated Successfully' are matched  using regular expression

2019-04-12 00:46:08 - [TEST_STEP][PASSED] - delay(1): Delayed 1 second(s)

2019-04-12 00:46:09 - [MESSAGE][PASSED] - Delayed 1 second(s)

2019-04-12 00:46:09 - [TEST_STEP][PASSED] - click(findTestObject("Generate/Msg_GSTIN is valid")): Object: 'Object Repository/Generate/Msg_GSTIN is valid' is clicked on

2019-04-12 00:46:09 - [MESSAGE][PASSED] - Object: 'Object Repository/Generate/Msg_GSTIN is valid' is clicked on

2019-04-12 00:46:09 - [TEST_STEP][PASSED] - delay(1): Delayed 1 second(s)

2019-04-12 00:46:10 - [MESSAGE][PASSED] - Delayed 1 second(s)

2019-04-12 00:46:10 - [TEST_STEP][PASSED] - ewayBillNoo = getText(findTestObject("Generate/EwayBill number - Active Invalid")): Text of object 'Object Repository/Generate/EwayBill number - Active Invalid' is: '381001758199'

2019-04-12 00:46:10 - [MESSAGE][PASSED] - Text of object 'Object Repository/Generate/EwayBill number - Active Invalid' is: '381001758199'

2019-04-12 00:46:10 - [TEST_STEP][PASSED] - log.logInfo("ewayBillNoo:" + ewayBillNoo): ewayBillNoo:381001758199

2019-04-12 00:46:10 - [MESSAGE][INFO] - ewayBillNoo:381001758199

2019-04-12 00:46:10 - [TEST_STEP][PASSED] - utility.WriteToExcel.Sd(ewayBillNoo, 2, 1): utility.WriteToExcel.Sd is PASSED

2019-04-12 00:46:10 - [MESSAGE][PASSED] - utility.WriteToExcel.Sd is PASSED

2019-04-12 00:46:10 - [TEST_STEP][PASSED] - delay(1): Delayed 1 second(s)

2019-04-12 00:46:11 - [MESSAGE][PASSED] - Delayed 1 second(s)

2019-04-12 00:46:11 - [TEST_STEP][PASSED] - EwayBillDatee = getText(findTestObject("Generate/EWB Date - Active Invalid")): Text of object 'Object Repository/Generate/EWB Date - Active Invalid' is: '12/04/2019 12:46:03 AM'

2019-04-12 00:46:11 - [MESSAGE][PASSED] - Text of object 'Object Repository/Generate/EWB Date - Active Invalid' is: '12/04/2019 12:46:03 AM'

2019-04-12 00:46:11 - [TEST_STEP][PASSED] - utility.WriteToExcel.Sd(EwayBillDatee, 2, 2): utility.WriteToExcel.Sd is PASSED

2019-04-12 00:46:11 - [MESSAGE][PASSED] - utility.WriteToExcel.Sd is PASSED

2019-04-12 00:46:11 - [TEST_STEP][PASSED] - delay(1): Delayed 1 second(s)

2019-04-12 00:46:12 - [MESSAGE][PASSED] - Delayed 1 second(s)

2019-04-12 00:46:12 - [TEST_STEP][PASSED] - EwayBillStatuss = getText(findTestObject("Generate/Status - Active not yet valid")): Text of object 'Object Repository/Generate/Status - Active not yet valid' is: 'ACTIVE NOT YET VALID'

2019-04-12 00:46:12 - [MESSAGE][PASSED] - Text of object 'Object Repository/Generate/Status - Active not yet valid' is: 'ACTIVE NOT YET VALID'

2019-04-12 00:46:12 - [TEST_STEP][PASSED] - verifyMatch(EwayBillStatuss, "ACTIVE NOT YET VALID", true): Actual text 'ACTIVE NOT YET VALID' and expected text 'ACTIVE NOT YET VALID' are matched  using regular expression

2019-04-12 00:46:12 - [MESSAGE][PASSED] - Actual text 'ACTIVE NOT YET VALID' and expected text 'ACTIVE NOT YET VALID' are matched  using regular expression

2019-04-12 00:46:12 - [TEST_STEP][PASSED] - utility.WriteToExcel.Sd(EwayBillStatuss, 2, 4): utility.WriteToExcel.Sd is PASSED

2019-04-12 00:46:12 - [MESSAGE][PASSED] - utility.WriteToExcel.Sd is PASSED

2019-04-12 00:46:12 - [TEST_STEP][PASSED] - delay(2): Delayed 2 second(s)

2019-04-12 00:46:14 - [MESSAGE][PASSED] - Delayed 2 second(s)

2019-04-12 00:46:14 - [TEST_STEP][PASSED] - click(findTestObject("Object Repository/Update/Page_IRIS-TOPAZ/button_")): Object: 'Object Repository/Update/Page_IRIS-TOPAZ/button_' is clicked on

2019-04-12 00:46:15 - [MESSAGE][PASSED] - Object: 'Object Repository/Update/Page_IRIS-TOPAZ/button_' is clicked on]]></system-out>
         <system-err><![CDATA[]]></system-err>
      </testcase>
      <testcase name="Test Cases/Update" classname="Test Cases/Update" status="INCOMPLETE">
         <system-out><![CDATA[2019-04-12 00:46:15 - [TEST_CASE][INCOMPLETE] - Test Cases/Update: null

2019-04-12 00:46:15 - [TEST_STEP][PASSED] - click(findTestObject("Object Repository/Update/Page_IRIS-TOPAZ/span_View")): Object: 'Object Repository/Update/Page_IRIS-TOPAZ/span_View' is clicked on

2019-04-12 00:46:15 - [MESSAGE][PASSED] - Object: 'Object Repository/Update/Page_IRIS-TOPAZ/span_View' is clicked on

2019-04-12 00:46:15 - [TEST_STEP][PASSED] - click(findTestObject("Object Repository/Update/Page_IRIS-TOPAZ/td_ACTIVE NOT YET VALID")): Object: 'Object Repository/Update/Page_IRIS-TOPAZ/td_ACTIVE NOT YET VALID' is clicked on

2019-04-12 00:46:16 - [MESSAGE][PASSED] - Object: 'Object Repository/Update/Page_IRIS-TOPAZ/td_ACTIVE NOT YET VALID' is clicked on

2019-04-12 00:46:16 - [TEST_STEP][FAILED] - click(findTestObject("Object Repository/Update/Page_IRIS-TOPAZ/i_No_fa fa-edit")): Unable to click on object 'Object Repository/Update/Page_IRIS-TOPAZ/i_No_fa fa-edit' (Root cause: com.kms.katalon.core.exception.StepFailedException: Unable to click on object 'Object Repository/Update/Page_IRIS-TOPAZ/i_No_fa fa-edit'
	at com.kms.katalon.core.webui.keyword.internal.WebUIKeywordMain.stepFailed(WebUIKeywordMain.groovy:64)
	at com.kms.katalon.core.webui.keyword.internal.WebUIKeywordMain.runKeyword(WebUIKeywordMain.groovy:26)
	at com.kms.katalon.core.webui.keyword.builtin.ClickKeyword.click(ClickKeyword.groovy:86)
	at com.kms.katalon.core.webui.keyword.builtin.ClickKeyword.execute(ClickKeyword.groovy:67)
	at com.kms.katalon.core.keyword.internal.KeywordExecutor.executeKeywordForPlatform(KeywordExecutor.groovy:56)
	at com.kms.katalon.core.webui.keyword.WebUiBuiltInKeywords.click(WebUiBuiltInKeywords.groovy:616)
	at com.kms.katalon.core.webui.keyword.WebUiBuiltInKeywords$click$4.call(Unknown Source)
	at Update.run(Update:22)
	at com.kms.katalon.core.main.ScriptEngine.run(ScriptEngine.java:194)
	at com.kms.katalon.core.main.ScriptEngine.runScriptAsRawText(ScriptEngine.java:119)
	at com.kms.katalon.core.main.TestCaseExecutor.runScript(TestCaseExecutor.java:331)
	at com.kms.katalon.core.main.TestCaseExecutor.doExecute(TestCaseExecutor.java:322)
	at com.kms.katalon.core.main.TestCaseExecutor.processExecutionPhase(TestCaseExecutor.java:301)
	at com.kms.katalon.core.main.TestCaseExecutor.accessMainPhase(TestCaseExecutor.java:293)
	at com.kms.katalon.core.main.TestCaseExecutor.execute(TestCaseExecutor.java:227)
	at com.kms.katalon.core.main.TestSuiteExecutor.accessTestCaseMainPhase(TestSuiteExecutor.java:129)
	at com.kms.katalon.core.main.TestSuiteExecutor.accessTestSuiteMainPhase(TestSuiteExecutor.java:112)
	at com.kms.katalon.core.main.TestSuiteExecutor.execute(TestSuiteExecutor.java:81)
	at com.kms.katalon.core.main.TestCaseMain.startTestSuite(TestCaseMain.java:157)
	at com.kms.katalon.core.main.TestCaseMain$startTestSuite$0.call(Unknown Source)
	at TempTestSuite1555010067389.run(TempTestSuite1555010067389.groovy:35)
Caused by: org.openqa.selenium.WebDriverException: unknown error: Element <i class="fa fa-edit"></i> is not clickable at point (1046, 514). Other element would receive the click: <a ng-if="obj.status == 'ACTIVE_INVALID' || obj.status == 'ACTIVE'" href="#" ng-click="refreshData(obj)" title="Refresh" class="ng-scope">...</a>
  (Session info: chrome=73.0.3683.103)
  (Driver info: chromedriver=2.43.600210 (68dcf5eebde37173d4027fa8635e332711d2874a),platform=Windows NT 10.0.14393 x86_64) (WARNING: The server did not provide any stacktrace information)
Command duration or timeout: 0 milliseconds
Build info: version: '3.7.1', revision: '8a0099a', time: '2017-11-06T21:07:36.161Z'
System info: host: 'DESKTOP-TMTUP2J', ip: '192.168.0.104', os.name: 'Windows 10', os.arch: 'amd64', os.version: '10.0', java.version: '1.8.0_181'
Driver info: com.kms.katalon.selenium.driver.CChromeDriver
Capabilities {acceptInsecureCerts: false, acceptSslCerts: false, applicationCacheEnabled: false, browserConnectionEnabled: false, browserName: chrome, chrome: {chromedriverVersion: 2.43.600210 (68dcf5eebde371..., userDataDir: C:\Users\Amitansh\AppData\L...}, cssSelectorsEnabled: true, databaseEnabled: false, goog:chromeOptions: {debuggerAddress: localhost:50739}, handlesAlerts: true, hasTouchScreen: false, javascriptEnabled: true, locationContextEnabled: true, mobileEmulationEnabled: false, nativeEvents: true, networkConnectionEnabled: false, pageLoadStrategy: normal, platform: XP, platformName: XP, rotatable: false, setWindowRect: true, takesHeapSnapshot: true, takesScreenshot: true, unexpectedAlertBehaviour: , unhandledPromptBehavior: , version: 73.0.3683.103, webStorageEnabled: true}
Session ID: 8f65aed06932433717aa9389a4300807
	at org.openqa.selenium.remote.ErrorHandler.createThrowable(ErrorHandler.java:214)
	at org.openqa.selenium.remote.ErrorHandler.throwIfResponseFailed(ErrorHandler.java:166)
	at org.openqa.selenium.remote.http.JsonHttpResponseCodec.reconstructValue(JsonHttpResponseCodec.java:40)
	at org.openqa.selenium.remote.http.AbstractHttpResponseCodec.decode(AbstractHttpResponseCodec.java:80)
	at org.openqa.selenium.remote.http.AbstractHttpResponseCodec.decode(AbstractHttpResponseCodec.java:44)
	at org.openqa.selenium.remote.HttpCommandExecutor.execute(HttpCommandExecutor.java:164)
	at org.openqa.selenium.remote.service.DriverCommandExecutor.execute(DriverCommandExecutor.java:83)
	at org.openqa.selenium.remote.RemoteWebDriver.execute(RemoteWebDriver.java:600)
	at com.kms.katalon.selenium.driver.CChromeDriver.execute(CChromeDriver.java:20)
	at org.openqa.selenium.remote.RemoteWebElement.execute(RemoteWebElement.java:279)
	at org.openqa.selenium.remote.RemoteWebElement.click(RemoteWebElement.java:83)
	at com.kms.katalon.core.webui.keyword.builtin.ClickKeyword$_click_closure1.doCall(ClickKeyword.groovy:79)
	at com.kms.katalon.core.webui.keyword.builtin.ClickKeyword$_click_closure1.call(ClickKeyword.groovy)
	at com.kms.katalon.core.webui.keyword.internal.WebUIKeywordMain.runKeyword(WebUIKeywordMain.groovy:20)
	at com.kms.katalon.core.webui.keyword.builtin.ClickKeyword.click(ClickKeyword.groovy:86)
	at com.kms.katalon.core.webui.keyword.builtin.ClickKeyword.execute(ClickKeyword.groovy:67)
	at com.kms.katalon.core.keyword.internal.KeywordExecutor.executeKeywordForPlatform(KeywordExecutor.groovy:56)
	at com.kms.katalon.core.webui.keyword.WebUiBuiltInKeywords.click(WebUiBuiltInKeywords.groovy:616)
	at com.kms.katalon.core.webui.keyword.WebUiBuiltInKeywords$click$4.call(Unknown Source)
	at Script1555009397923.run(Script1555009397923.groovy:22)
	... 13 more
)

2019-04-12 00:46:17 - [MESSAGE][FAILED] - Unable to click on object 'Object Repository/Update/Page_IRIS-TOPAZ/i_No_fa fa-edit' (Root cause: com.kms.katalon.core.exception.StepFailedException: Unable to click on object 'Object Repository/Update/Page_IRIS-TOPAZ/i_No_fa fa-edit'
	at com.kms.katalon.core.webui.keyword.internal.WebUIKeywordMain.stepFailed(WebUIKeywordMain.groovy:64)
	at com.kms.katalon.core.webui.keyword.internal.WebUIKeywordMain.runKeyword(WebUIKeywordMain.groovy:26)
	at com.kms.katalon.core.webui.keyword.builtin.ClickKeyword.click(ClickKeyword.groovy:86)
	at com.kms.katalon.core.webui.keyword.builtin.ClickKeyword.execute(ClickKeyword.groovy:67)
	at com.kms.katalon.core.keyword.internal.KeywordExecutor.executeKeywordForPlatform(KeywordExecutor.groovy:56)
	at com.kms.katalon.core.webui.keyword.WebUiBuiltInKeywords.click(WebUiBuiltInKeywords.groovy:616)
	at com.kms.katalon.core.webui.keyword.WebUiBuiltInKeywords$click$4.call(Unknown Source)
	at Update.run(Update:22)
	at com.kms.katalon.core.main.ScriptEngine.run(ScriptEngine.java:194)
	at com.kms.katalon.core.main.ScriptEngine.runScriptAsRawText(ScriptEngine.java:119)
	at com.kms.katalon.core.main.TestCaseExecutor.runScript(TestCaseExecutor.java:331)
	at com.kms.katalon.core.main.TestCaseExecutor.doExecute(TestCaseExecutor.java:322)
	at com.kms.katalon.core.main.TestCaseExecutor.processExecutionPhase(TestCaseExecutor.java:301)
	at com.kms.katalon.core.main.TestCaseExecutor.accessMainPhase(TestCaseExecutor.java:293)
	at com.kms.katalon.core.main.TestCaseExecutor.execute(TestCaseExecutor.java:227)
	at com.kms.katalon.core.main.TestSuiteExecutor.accessTestCaseMainPhase(TestSuiteExecutor.java:129)
	at com.kms.katalon.core.main.TestSuiteExecutor.accessTestSuiteMainPhase(TestSuiteExecutor.java:112)
	at com.kms.katalon.core.main.TestSuiteExecutor.execute(TestSuiteExecutor.java:81)
	at com.kms.katalon.core.main.TestCaseMain.startTestSuite(TestCaseMain.java:157)
	at com.kms.katalon.core.main.TestCaseMain$startTestSuite$0.call(Unknown Source)
	at TempTestSuite1555010067389.run(TempTestSuite1555010067389.groovy:35)
Caused by: org.openqa.selenium.WebDriverException: unknown error: Element <i class="fa fa-edit"></i> is not clickable at point (1046, 514). Other element would receive the click: <a ng-if="obj.status == 'ACTIVE_INVALID' || obj.status == 'ACTIVE'" href="#" ng-click="refreshData(obj)" title="Refresh" class="ng-scope">...</a>
  (Session info: chrome=73.0.3683.103)
  (Driver info: chromedriver=2.43.600210 (68dcf5eebde37173d4027fa8635e332711d2874a),platform=Windows NT 10.0.14393 x86_64) (WARNING: The server did not provide any stacktrace information)
Command duration or timeout: 0 milliseconds
Build info: version: '3.7.1', revision: '8a0099a', time: '2017-11-06T21:07:36.161Z'
System info: host: 'DESKTOP-TMTUP2J', ip: '192.168.0.104', os.name: 'Windows 10', os.arch: 'amd64', os.version: '10.0', java.version: '1.8.0_181'
Driver info: com.kms.katalon.selenium.driver.CChromeDriver
Capabilities {acceptInsecureCerts: false, acceptSslCerts: false, applicationCacheEnabled: false, browserConnectionEnabled: false, browserName: chrome, chrome: {chromedriverVersion: 2.43.600210 (68dcf5eebde371..., userDataDir: C:\Users\Amitansh\AppData\L...}, cssSelectorsEnabled: true, databaseEnabled: false, goog:chromeOptions: {debuggerAddress: localhost:50739}, handlesAlerts: true, hasTouchScreen: false, javascriptEnabled: true, locationContextEnabled: true, mobileEmulationEnabled: false, nativeEvents: true, networkConnectionEnabled: false, pageLoadStrategy: normal, platform: XP, platformName: XP, rotatable: false, setWindowRect: true, takesHeapSnapshot: true, takesScreenshot: true, unexpectedAlertBehaviour: , unhandledPromptBehavior: , version: 73.0.3683.103, webStorageEnabled: true}
Session ID: 8f65aed06932433717aa9389a4300807
	at org.openqa.selenium.remote.ErrorHandler.createThrowable(ErrorHandler.java:214)
	at org.openqa.selenium.remote.ErrorHandler.throwIfResponseFailed(ErrorHandler.java:166)
	at org.openqa.selenium.remote.http.JsonHttpResponseCodec.reconstructValue(JsonHttpResponseCodec.java:40)
	at org.openqa.selenium.remote.http.AbstractHttpResponseCodec.decode(AbstractHttpResponseCodec.java:80)
	at org.openqa.selenium.remote.http.AbstractHttpResponseCodec.decode(AbstractHttpResponseCodec.java:44)
	at org.openqa.selenium.remote.HttpCommandExecutor.execute(HttpCommandExecutor.java:164)
	at org.openqa.selenium.remote.service.DriverCommandExecutor.execute(DriverCommandExecutor.java:83)
	at org.openqa.selenium.remote.RemoteWebDriver.execute(RemoteWebDriver.java:600)
	at com.kms.katalon.selenium.driver.CChromeDriver.execute(CChromeDriver.java:20)
	at org.openqa.selenium.remote.RemoteWebElement.execute(RemoteWebElement.java:279)
	at org.openqa.selenium.remote.RemoteWebElement.click(RemoteWebElement.java:83)
	at com.kms.katalon.core.webui.keyword.builtin.ClickKeyword$_click_closure1.doCall(ClickKeyword.groovy:79)
	at com.kms.katalon.core.webui.keyword.builtin.ClickKeyword$_click_closure1.call(ClickKeyword.groovy)
	at com.kms.katalon.core.webui.keyword.internal.WebUIKeywordMain.runKeyword(WebUIKeywordMain.groovy:20)
	at com.kms.katalon.core.webui.keyword.builtin.ClickKeyword.click(ClickKeyword.groovy:86)
	at com.kms.katalon.core.webui.keyword.builtin.ClickKeyword.execute(ClickKeyword.groovy:67)
	at com.kms.katalon.core.keyword.internal.KeywordExecutor.executeKeywordForPlatform(KeywordExecutor.groovy:56)
	at com.kms.katalon.core.webui.keyword.WebUiBuiltInKeywords.click(WebUiBuiltInKeywords.groovy:616)
	at com.kms.katalon.core.webui.keyword.WebUiBuiltInKeywords$click$4.call(Unknown Source)
	at Script1555009397923.run(Script1555009397923.groovy:22)
	... 13 more
)
[[ATTACHMENT|C:\\Users\\Amitansh\\git\\katalonstudio\\Reports\\Smoke Test\\20190412_004427\\1555010177123.png]]

2019-04-12 00:46:17 - [TEST_STEP][FAILED] - click(findTestObject("Object Repository/Update/Page_IRIS-TOPAZ/input_Road_sType")): Unable to click on object 'Object Repository/Update/Page_IRIS-TOPAZ/input_Road_sType' (Root cause: com.kms.katalon.core.exception.StepFailedException: Unable to click on object 'Object Repository/Update/Page_IRIS-TOPAZ/input_Road_sType'
	at com.kms.katalon.core.webui.keyword.internal.WebUIKeywordMain.stepFailed(WebUIKeywordMain.groovy:64)
	at com.kms.katalon.core.webui.keyword.internal.WebUIKeywordMain.runKeyword(WebUIKeywordMain.groovy:26)
	at com.kms.katalon.core.webui.keyword.builtin.ClickKeyword.click(ClickKeyword.groovy:86)
	at com.kms.katalon.core.webui.keyword.builtin.ClickKeyword.execute(ClickKeyword.groovy:67)
	at com.kms.katalon.core.keyword.internal.KeywordExecutor.executeKeywordForPlatform(KeywordExecutor.groovy:56)
	at com.kms.katalon.core.webui.keyword.WebUiBuiltInKeywords.click(WebUiBuiltInKeywords.groovy:616)
	at com.kms.katalon.core.webui.keyword.WebUiBuiltInKeywords$click$4.call(Unknown Source)
	at Update.run(Update:24)
	at com.kms.katalon.core.main.ScriptEngine.run(ScriptEngine.java:194)
	at com.kms.katalon.core.main.ScriptEngine.runScriptAsRawText(ScriptEngine.java:119)
	at com.kms.katalon.core.main.TestCaseExecutor.runScript(TestCaseExecutor.java:331)
	at com.kms.katalon.core.main.TestCaseExecutor.doExecute(TestCaseExecutor.java:322)
	at com.kms.katalon.core.main.TestCaseExecutor.processExecutionPhase(TestCaseExecutor.java:301)
	at com.kms.katalon.core.main.TestCaseExecutor.accessMainPhase(TestCaseExecutor.java:293)
	at com.kms.katalon.core.main.TestCaseExecutor.execute(TestCaseExecutor.java:227)
	at com.kms.katalon.core.main.TestSuiteExecutor.accessTestCaseMainPhase(TestSuiteExecutor.java:129)
	at com.kms.katalon.core.main.TestSuiteExecutor.accessTestSuiteMainPhase(TestSuiteExecutor.java:112)
	at com.kms.katalon.core.main.TestSuiteExecutor.execute(TestSuiteExecutor.java:81)
	at com.kms.katalon.core.main.TestCaseMain.startTestSuite(TestCaseMain.java:157)
	at com.kms.katalon.core.main.TestCaseMain$startTestSuite$0.call(Unknown Source)
	at TempTestSuite1555010067389.run(TempTestSuite1555010067389.groovy:35)
Caused by: com.kms.katalon.core.webui.exception.WebElementNotFoundException: Web element with id: 'Object Repository/Update/Page_IRIS-TOPAZ/input_Road_sType' located by 'By.xpath: //input[@name='sType']' not found
	at com.kms.katalon.core.webui.common.WebUiCommonHelper.findWebElement(WebUiCommonHelper.java:1053)
	at com.kms.katalon.core.webui.keyword.internal.WebUIAbstractKeyword.findWebElement(WebUIAbstractKeyword.groovy:27)
	at com.kms.katalon.core.webui.keyword.internal.WebUIAbstractKeyword.findWebElement(WebUIAbstractKeyword.groovy:26)
	at com.kms.katalon.core.webui.keyword.builtin.ClickKeyword$_click_closure1.doCall(ClickKeyword.groovy:77)
	at com.kms.katalon.core.webui.keyword.builtin.ClickKeyword$_click_closure1.call(ClickKeyword.groovy)
	at com.kms.katalon.core.webui.keyword.internal.WebUIKeywordMain.runKeyword(WebUIKeywordMain.groovy:20)
	at com.kms.katalon.core.webui.keyword.builtin.ClickKeyword.click(ClickKeyword.groovy:86)
	at com.kms.katalon.core.webui.keyword.builtin.ClickKeyword.execute(ClickKeyword.groovy:67)
	at com.kms.katalon.core.keyword.internal.KeywordExecutor.executeKeywordForPlatform(KeywordExecutor.groovy:56)
	at com.kms.katalon.core.webui.keyword.WebUiBuiltInKeywords.click(WebUiBuiltInKeywords.groovy:616)
	at com.kms.katalon.core.webui.keyword.WebUiBuiltInKeywords$click$4.call(Unknown Source)
	at Script1555009397923.run(Script1555009397923.groovy:24)
	... 13 more
)

2019-04-12 00:46:48 - [MESSAGE][INFO] - Unable to find the element located by 'By.xpath: //input[@name='sType']'. Please recheck the objects properties to make sure the desired element is located. 

2019-04-12 00:46:49 - [MESSAGE][FAILED] - Unable to click on object 'Object Repository/Update/Page_IRIS-TOPAZ/input_Road_sType' (Root cause: com.kms.katalon.core.exception.StepFailedException: Unable to click on object 'Object Repository/Update/Page_IRIS-TOPAZ/input_Road_sType'
	at com.kms.katalon.core.webui.keyword.internal.WebUIKeywordMain.stepFailed(WebUIKeywordMain.groovy:64)
	at com.kms.katalon.core.webui.keyword.internal.WebUIKeywordMain.runKeyword(WebUIKeywordMain.groovy:26)
	at com.kms.katalon.core.webui.keyword.builtin.ClickKeyword.click(ClickKeyword.groovy:86)
	at com.kms.katalon.core.webui.keyword.builtin.ClickKeyword.execute(ClickKeyword.groovy:67)
	at com.kms.katalon.core.keyword.internal.KeywordExecutor.executeKeywordForPlatform(KeywordExecutor.groovy:56)
	at com.kms.katalon.core.webui.keyword.WebUiBuiltInKeywords.click(WebUiBuiltInKeywords.groovy:616)
	at com.kms.katalon.core.webui.keyword.WebUiBuiltInKeywords$click$4.call(Unknown Source)
	at Update.run(Update:24)
	at com.kms.katalon.core.main.ScriptEngine.run(ScriptEngine.java:194)
	at com.kms.katalon.core.main.ScriptEngine.runScriptAsRawText(ScriptEngine.java:119)
	at com.kms.katalon.core.main.TestCaseExecutor.runScript(TestCaseExecutor.java:331)
	at com.kms.katalon.core.main.TestCaseExecutor.doExecute(TestCaseExecutor.java:322)
	at com.kms.katalon.core.main.TestCaseExecutor.processExecutionPhase(TestCaseExecutor.java:301)
	at com.kms.katalon.core.main.TestCaseExecutor.accessMainPhase(TestCaseExecutor.java:293)
	at com.kms.katalon.core.main.TestCaseExecutor.execute(TestCaseExecutor.java:227)
	at com.kms.katalon.core.main.TestSuiteExecutor.accessTestCaseMainPhase(TestSuiteExecutor.java:129)
	at com.kms.katalon.core.main.TestSuiteExecutor.accessTestSuiteMainPhase(TestSuiteExecutor.java:112)
	at com.kms.katalon.core.main.TestSuiteExecutor.execute(TestSuiteExecutor.java:81)
	at com.kms.katalon.core.main.TestCaseMain.startTestSuite(TestCaseMain.java:157)
	at com.kms.katalon.core.main.TestCaseMain$startTestSuite$0.call(Unknown Source)
	at TempTestSuite1555010067389.run(TempTestSuite1555010067389.groovy:35)
Caused by: com.kms.katalon.core.webui.exception.WebElementNotFoundException: Web element with id: 'Object Repository/Update/Page_IRIS-TOPAZ/input_Road_sType' located by 'By.xpath: //input[@name='sType']' not found
	at com.kms.katalon.core.webui.common.WebUiCommonHelper.findWebElement(WebUiCommonHelper.java:1053)
	at com.kms.katalon.core.webui.keyword.internal.WebUIAbstractKeyword.findWebElement(WebUIAbstractKeyword.groovy:27)
	at com.kms.katalon.core.webui.keyword.internal.WebUIAbstractKeyword.findWebElement(WebUIAbstractKeyword.groovy:26)
	at com.kms.katalon.core.webui.keyword.builtin.ClickKeyword$_click_closure1.doCall(ClickKeyword.groovy:77)
	at com.kms.katalon.core.webui.keyword.builtin.ClickKeyword$_click_closure1.call(ClickKeyword.groovy)
	at com.kms.katalon.core.webui.keyword.internal.WebUIKeywordMain.runKeyword(WebUIKeywordMain.groovy:20)
	at com.kms.katalon.core.webui.keyword.builtin.ClickKeyword.click(ClickKeyword.groovy:86)
	at com.kms.katalon.core.webui.keyword.builtin.ClickKeyword.execute(ClickKeyword.groovy:67)
	at com.kms.katalon.core.keyword.internal.KeywordExecutor.executeKeywordForPlatform(KeywordExecutor.groovy:56)
	at com.kms.katalon.core.webui.keyword.WebUiBuiltInKeywords.click(WebUiBuiltInKeywords.groovy:616)
	at com.kms.katalon.core.webui.keyword.WebUiBuiltInKeywords$click$4.call(Unknown Source)
	at Script1555009397923.run(Script1555009397923.groovy:24)
	... 13 more
)
[[ATTACHMENT|C:\\Users\\Amitansh\\git\\katalonstudio\\Reports\\Smoke Test\\20190412_004427\\1555010208799.png]]

2019-04-12 00:46:49 - [TEST_STEP][INCOMPLETE] - setText(findTestObject("Object Repository/Update/Page_IRIS-TOPAZ/input__fromPlace"), "Mumbai"): null]]></system-out>
         <system-err><![CDATA[2019-04-12 00:46:15 - [TEST_CASE][INCOMPLETE] - Test Cases/Update: null]]></system-err>
      </testcase>
      <system-out><![CDATA[2019-04-12 00:44:29 - [TEST_SUITE][INCOMPLETE] - Smoke Test: null]]></system-out>
      <system-err><![CDATA[2019-04-12 00:44:29 - [TEST_SUITE][INCOMPLETE] - Smoke Test: null]]></system-err>
   </testsuite>
</testsuites>
