<?xml version="1.0" encoding="UTF-8"?>
<testsuites name="Smoke Test" time="16" tests="1" failures="0" errors="1">
   <testsuite name="Smoke Test" tests="1" failures="0" errors="1" time="16" timestamp="2019-04-09 19:34:03" hostname="anandha - AI-PC-136.IRISBSL.COM" id="Test Suites/Smoke Test">
      <properties>
         <property name="deviceName" value=""/>
         <property name="devicePlatform" value=""/>
         <property name="logFolder" value="C:\\Users\\anandha\\git\\katalonstudio\\katalonstudio1\\Reports\\Smoke Test\\20190409_193401"/>
         <property name="logFiles" value="C:\\Users\\anandha\\git\\katalonstudio\\katalonstudio1\\Reports\\Smoke Test\\20190409_193401\\execution0.log"/>
         <property name="attachments" value=""/>
         <property name="hostName" value="anandha - AI-PC-136.IRISBSL.COM"/>
         <property name="os" value="Windows 7 64bit"/>
         <property name="katalonVersion" value="6.1.0.1"/>
         <property name="browser" value="Chrome 73.0.3683.86"/>
         <property name="hostAddress" value="172.18.8.53"/>
         <property name="sessionId" value="e978585ed0fcabcd764b0897f4a01716"/>
         <property name="seleniumVersion" value="3.7.1"/>
         <property name="proxyInformation" value="ProxyInformation{proxyOption=NO_PROXY, proxyServerType=HTTP, password=, proxyServerAddress=, proxyServerPort=0}"/>
         <property name="platform" value="Windows 7"/>
      </properties>
      <testcase name="Test Cases/Login" classname="Test Cases/Login" status="PASSED">
         <system-out><![CDATA[2019-04-09 19:34:03 - [TEST_CASE][PASSED] - Test Cases/Login: Test Cases/Login

2019-04-09 19:34:04 - [TEST_STEP][PASSED] - openBrowser(""): Browser is opened with url: ''

2019-04-09 19:34:04 - [MESSAGE][INFO] - Starting 'Chrome' driver

2019-04-09 19:34:04 - [MESSAGE][INFO] - Action delay is set to 0 seconds

2019-04-09 19:34:08 - [MESSAGE][PASSED] - Browser is opened with url: ''

2019-04-09 19:34:08 - [TEST_STEP][PASSED] - navigateToUrl(url): Navigate to 'https://dev.esp.irisgst.com/' successfully

2019-04-09 19:34:11 - [MESSAGE][PASSED] - Navigate to 'https://dev.esp.irisgst.com/' successfully

2019-04-09 19:34:11 - [TEST_STEP][PASSED] - maximizeWindow(): Current window maximized

2019-04-09 19:34:12 - [MESSAGE][PASSED] - Current window maximized

2019-04-09 19:34:12 - [TEST_STEP][PASSED] - delay(2): Delayed 2 second(s)

2019-04-09 19:34:14 - [MESSAGE][PASSED] - Delayed 2 second(s)

2019-04-09 19:34:14 - [TEST_STEP][PASSED] - topazTitle = getWindowTitle(): Current window's title is: 'IRIS-TOPAZ'

2019-04-09 19:34:14 - [MESSAGE][PASSED] - Current window's title is: 'IRIS-TOPAZ'

2019-04-09 19:34:14 - [TEST_STEP][PASSED] - verifyMatch(topazTitle, "IRIS-TOPAZ", true): Actual text 'IRIS-TOPAZ' and expected text 'IRIS-TOPAZ' are matched  using regular expression

2019-04-09 19:34:14 - [MESSAGE][PASSED] - Actual text 'IRIS-TOPAZ' and expected text 'IRIS-TOPAZ' are matched  using regular expression

2019-04-09 19:34:14 - [TEST_STEP][PASSED] - setText(findTestObject("Login/Enter Username"), username): Text 'amit.nandha@irisindia.net' is set on object 'Object Repository/Login/Enter Username'

2019-04-09 19:34:15 - [MESSAGE][PASSED] - Text 'amit.nandha@irisindia.net' is set on object 'Object Repository/Login/Enter Username'

2019-04-09 19:34:15 - [TEST_STEP][PASSED] - setText(findTestObject("Login/Enter Password"), password): Text 'Abcd@12345' is set on object 'Object Repository/Login/Enter Password'

2019-04-09 19:34:15 - [MESSAGE][PASSED] - Text 'Abcd@12345' is set on object 'Object Repository/Login/Enter Password'

2019-04-09 19:34:15 - [TEST_STEP][PASSED] - delay(1): Delayed 1 second(s)

2019-04-09 19:34:16 - [MESSAGE][PASSED] - Delayed 1 second(s)

2019-04-09 19:34:16 - [TEST_STEP][PASSED] - click(findTestObject("Login/Sign In button")): Object: 'Object Repository/Login/Sign In button' is clicked on

2019-04-09 19:34:16 - [MESSAGE][PASSED] - Object: 'Object Repository/Login/Sign In button' is clicked on

2019-04-09 19:34:16 - [TEST_STEP][PASSED] - delay(2): Delayed 2 second(s)

2019-04-09 19:34:18 - [MESSAGE][PASSED] - Delayed 2 second(s)

2019-04-09 19:34:18 - [TEST_STEP][PASSED] - LoginTitle = getText(findTestObject("Login/div_Login Successful")): Text of object 'Object Repository/Login/div_Login Successful' is: 'Login Successful!'

2019-04-09 19:34:18 - [MESSAGE][PASSED] - Text of object 'Object Repository/Login/div_Login Successful' is: 'Login Successful!'

2019-04-09 19:34:18 - [TEST_STEP][PASSED] - verifyMatch(LoginTitle, "Login Successful!", true): Actual text 'Login Successful!' and expected text 'Login Successful!' are matched  using regular expression

2019-04-09 19:34:18 - [MESSAGE][PASSED] - Actual text 'Login Successful!' and expected text 'Login Successful!' are matched  using regular expression

2019-04-09 19:34:18 - [TEST_STEP][PASSED] - click(findTestObject("Login/div_Login Successful")): Object: 'Object Repository/Login/div_Login Successful' is clicked on

2019-04-09 19:34:18 - [MESSAGE][PASSED] - Object: 'Object Repository/Login/div_Login Successful' is clicked on]]></system-out>
         <system-err><![CDATA[]]></system-err>
      </testcase>
      <testcase name="Test Cases/Generate" classname="Test Cases/Generate" status="ERROR">
         <error type="ERROR" message="Test Cases/Generate FAILED.
Reason:
org.codehaus.groovy.control.MultipleCompilationErrorsException: startup failed:
file:/C:/Users/anandha/git/katalonstudio/katalonstudio1/Scripts/Generate/Script1554577686876.groovy: 185: The current scope already contains a variable of the name docNo
 @ line 185, column 8.
   String docNo=CustomKeywords.'utility.randomNumber.rendomNo'(8)
          ^

file:/C:/Users/anandha/git/katalonstudio/katalonstudio1/Scripts/Generate/Script1554577686876.groovy: 249: The current scope already contains a variable of the name MsgGen
 @ line 249, column 8.
   String MsgGen = WebUI.getText(findTestObject('Generate/Msg Generated Successfully'))
          ^

file:/C:/Users/anandha/git/katalonstudio/katalonstudio1/Scripts/Generate/Script1554577686876.groovy: 253: The current scope already contains a variable of the name ewayBillNo
 @ line 253, column 8.
   String ewayBillNo = WebUI.getText(findTestObject('Generate/Eway bill number'))
          ^

file:/C:/Users/anandha/git/katalonstudio/katalonstudio1/Scripts/Generate/Script1554577686876.groovy: 257: The current scope already contains a variable of the name EwayBillDate
 @ line 257, column 8.
   String EwayBillDate = WebUI.getText(findTestObject('Generate/Eway Bill date'))
          ^

file:/C:/Users/anandha/git/katalonstudio/katalonstudio1/Scripts/Generate/Script1554577686876.groovy: 261: The current scope already contains a variable of the name EwayValidityDate
 @ line 261, column 8.
   String EwayValidityDate = WebUI.getText(findTestObject('Generate/Eway bill Validity date'))
          ^

file:/C:/Users/anandha/git/katalonstudio/katalonstudio1/Scripts/Generate/Script1554577686876.groovy: 265: The current scope already contains a variable of the name EwayBillStatus
 @ line 265, column 8.
   String EwayBillStatus = WebUI.getText(findTestObject('Generate/Eway Bill Status'))
          ^

6 errors

	at com.kms.katalon.core.main.ScriptEngine.getScript(ScriptEngine.java:199)
	at com.kms.katalon.core.main.ScriptEngine.run(ScriptEngine.java:194)
	at com.kms.katalon.core.main.ScriptEngine.runScriptAsRawText(ScriptEngine.java:119)
	at com.kms.katalon.core.main.TestCaseExecutor.runScript(TestCaseExecutor.java:331)
	at com.kms.katalon.core.main.TestCaseExecutor.doExecute(TestCaseExecutor.java:322)
	at com.kms.katalon.core.main.TestCaseExecutor.processExecutionPhase(TestCaseExecutor.java:301)
	at com.kms.katalon.core.main.TestCaseExecutor.accessMainPhase(TestCaseExecutor.java:293)
	at com.kms.katalon.core.main.TestCaseExecutor.execute(TestCaseExecutor.java:227)
	at com.kms.katalon.core.main.TestSuiteExecutor.accessTestCaseMainPhase(TestSuiteExecutor.java:129)
	at com.kms.katalon.core.main.TestSuiteExecutor.accessTestSuiteMainPhase(TestSuiteExecutor.java:112)
	at com.kms.katalon.core.main.TestSuiteExecutor.execute(TestSuiteExecutor.java:81)
	at com.kms.katalon.core.main.TestCaseMain.startTestSuite(TestCaseMain.java:157)
	at com.kms.katalon.core.main.TestCaseMain$startTestSuite$0.call(Unknown Source)
	at TempTestSuite1554818641177.run(TempTestSuite1554818641177.groovy:35)
"/>
         <system-out><![CDATA[2019-04-09 19:34:18 - [TEST_CASE][ERROR] - Test Cases/Generate: Test Cases/Generate FAILED.
Reason:
org.codehaus.groovy.control.MultipleCompilationErrorsException: startup failed:
file:/C:/Users/anandha/git/katalonstudio/katalonstudio1/Scripts/Generate/Script1554577686876.groovy: 185: The current scope already contains a variable of the name docNo
 @ line 185, column 8.
   String docNo=CustomKeywords.'utility.randomNumber.rendomNo'(8)
          ^

file:/C:/Users/anandha/git/katalonstudio/katalonstudio1/Scripts/Generate/Script1554577686876.groovy: 249: The current scope already contains a variable of the name MsgGen
 @ line 249, column 8.
   String MsgGen = WebUI.getText(findTestObject('Generate/Msg Generated Successfully'))
          ^

file:/C:/Users/anandha/git/katalonstudio/katalonstudio1/Scripts/Generate/Script1554577686876.groovy: 253: The current scope already contains a variable of the name ewayBillNo
 @ line 253, column 8.
   String ewayBillNo = WebUI.getText(findTestObject('Generate/Eway bill number'))
          ^

file:/C:/Users/anandha/git/katalonstudio/katalonstudio1/Scripts/Generate/Script1554577686876.groovy: 257: The current scope already contains a variable of the name EwayBillDate
 @ line 257, column 8.
   String EwayBillDate = WebUI.getText(findTestObject('Generate/Eway Bill date'))
          ^

file:/C:/Users/anandha/git/katalonstudio/katalonstudio1/Scripts/Generate/Script1554577686876.groovy: 261: The current scope already contains a variable of the name EwayValidityDate
 @ line 261, column 8.
   String EwayValidityDate = WebUI.getText(findTestObject('Generate/Eway bill Validity date'))
          ^

file:/C:/Users/anandha/git/katalonstudio/katalonstudio1/Scripts/Generate/Script1554577686876.groovy: 265: The current scope already contains a variable of the name EwayBillStatus
 @ line 265, column 8.
   String EwayBillStatus = WebUI.getText(findTestObject('Generate/Eway Bill Status'))
          ^

6 errors

	at com.kms.katalon.core.main.ScriptEngine.getScript(ScriptEngine.java:199)
	at com.kms.katalon.core.main.ScriptEngine.run(ScriptEngine.java:194)
	at com.kms.katalon.core.main.ScriptEngine.runScriptAsRawText(ScriptEngine.java:119)
	at com.kms.katalon.core.main.TestCaseExecutor.runScript(TestCaseExecutor.java:331)
	at com.kms.katalon.core.main.TestCaseExecutor.doExecute(TestCaseExecutor.java:322)
	at com.kms.katalon.core.main.TestCaseExecutor.processExecutionPhase(TestCaseExecutor.java:301)
	at com.kms.katalon.core.main.TestCaseExecutor.accessMainPhase(TestCaseExecutor.java:293)
	at com.kms.katalon.core.main.TestCaseExecutor.execute(TestCaseExecutor.java:227)
	at com.kms.katalon.core.main.TestSuiteExecutor.accessTestCaseMainPhase(TestSuiteExecutor.java:129)
	at com.kms.katalon.core.main.TestSuiteExecutor.accessTestSuiteMainPhase(TestSuiteExecutor.java:112)
	at com.kms.katalon.core.main.TestSuiteExecutor.execute(TestSuiteExecutor.java:81)
	at com.kms.katalon.core.main.TestCaseMain.startTestSuite(TestCaseMain.java:157)
	at com.kms.katalon.core.main.TestCaseMain$startTestSuite$0.call(Unknown Source)
	at TempTestSuite1554818641177.run(TempTestSuite1554818641177.groovy:35)]]></system-out>
         <system-err><![CDATA[2019-04-09 19:34:18 - [TEST_CASE][ERROR] - Test Cases/Generate: Test Cases/Generate FAILED.
Reason:
org.codehaus.groovy.control.MultipleCompilationErrorsException: startup failed:
file:/C:/Users/anandha/git/katalonstudio/katalonstudio1/Scripts/Generate/Script1554577686876.groovy: 185: The current scope already contains a variable of the name docNo
 @ line 185, column 8.
   String docNo=CustomKeywords.'utility.randomNumber.rendomNo'(8)
          ^

file:/C:/Users/anandha/git/katalonstudio/katalonstudio1/Scripts/Generate/Script1554577686876.groovy: 249: The current scope already contains a variable of the name MsgGen
 @ line 249, column 8.
   String MsgGen = WebUI.getText(findTestObject('Generate/Msg Generated Successfully'))
          ^

file:/C:/Users/anandha/git/katalonstudio/katalonstudio1/Scripts/Generate/Script1554577686876.groovy: 253: The current scope already contains a variable of the name ewayBillNo
 @ line 253, column 8.
   String ewayBillNo = WebUI.getText(findTestObject('Generate/Eway bill number'))
          ^

file:/C:/Users/anandha/git/katalonstudio/katalonstudio1/Scripts/Generate/Script1554577686876.groovy: 257: The current scope already contains a variable of the name EwayBillDate
 @ line 257, column 8.
   String EwayBillDate = WebUI.getText(findTestObject('Generate/Eway Bill date'))
          ^

file:/C:/Users/anandha/git/katalonstudio/katalonstudio1/Scripts/Generate/Script1554577686876.groovy: 261: The current scope already contains a variable of the name EwayValidityDate
 @ line 261, column 8.
   String EwayValidityDate = WebUI.getText(findTestObject('Generate/Eway bill Validity date'))
          ^

file:/C:/Users/anandha/git/katalonstudio/katalonstudio1/Scripts/Generate/Script1554577686876.groovy: 265: The current scope already contains a variable of the name EwayBillStatus
 @ line 265, column 8.
   String EwayBillStatus = WebUI.getText(findTestObject('Generate/Eway Bill Status'))
          ^

6 errors

	at com.kms.katalon.core.main.ScriptEngine.getScript(ScriptEngine.java:199)
	at com.kms.katalon.core.main.ScriptEngine.run(ScriptEngine.java:194)
	at com.kms.katalon.core.main.ScriptEngine.runScriptAsRawText(ScriptEngine.java:119)
	at com.kms.katalon.core.main.TestCaseExecutor.runScript(TestCaseExecutor.java:331)
	at com.kms.katalon.core.main.TestCaseExecutor.doExecute(TestCaseExecutor.java:322)
	at com.kms.katalon.core.main.TestCaseExecutor.processExecutionPhase(TestCaseExecutor.java:301)
	at com.kms.katalon.core.main.TestCaseExecutor.accessMainPhase(TestCaseExecutor.java:293)
	at com.kms.katalon.core.main.TestCaseExecutor.execute(TestCaseExecutor.java:227)
	at com.kms.katalon.core.main.TestSuiteExecutor.accessTestCaseMainPhase(TestSuiteExecutor.java:129)
	at com.kms.katalon.core.main.TestSuiteExecutor.accessTestSuiteMainPhase(TestSuiteExecutor.java:112)
	at com.kms.katalon.core.main.TestSuiteExecutor.execute(TestSuiteExecutor.java:81)
	at com.kms.katalon.core.main.TestCaseMain.startTestSuite(TestCaseMain.java:157)
	at com.kms.katalon.core.main.TestCaseMain$startTestSuite$0.call(Unknown Source)
	at TempTestSuite1554818641177.run(TempTestSuite1554818641177.groovy:35)]]></system-err>
      </testcase>
      <system-out><![CDATA[2019-04-09 19:34:03 - [TEST_SUITE][ERROR] - Smoke Test: Test Cases/Generate FAILED.
Reason:
org.codehaus.groovy.control.MultipleCompilationErrorsException: startup failed:
file:/C:/Users/anandha/git/katalonstudio/katalonstudio1/Scripts/Generate/Script1554577686876.groovy: 185: The current scope already contains a variable of the name docNo
 @ line 185, column 8.
   String docNo=CustomKeywords.'utility.randomNumber.rendomNo'(8)
          ^

file:/C:/Users/anandha/git/katalonstudio/katalonstudio1/Scripts/Generate/Script1554577686876.groovy: 249: The current scope already contains a variable of the name MsgGen
 @ line 249, column 8.
   String MsgGen = WebUI.getText(findTestObject('Generate/Msg Generated Successfully'))
          ^

file:/C:/Users/anandha/git/katalonstudio/katalonstudio1/Scripts/Generate/Script1554577686876.groovy: 253: The current scope already contains a variable of the name ewayBillNo
 @ line 253, column 8.
   String ewayBillNo = WebUI.getText(findTestObject('Generate/Eway bill number'))
          ^

file:/C:/Users/anandha/git/katalonstudio/katalonstudio1/Scripts/Generate/Script1554577686876.groovy: 257: The current scope already contains a variable of the name EwayBillDate
 @ line 257, column 8.
   String EwayBillDate = WebUI.getText(findTestObject('Generate/Eway Bill date'))
          ^

file:/C:/Users/anandha/git/katalonstudio/katalonstudio1/Scripts/Generate/Script1554577686876.groovy: 261: The current scope already contains a variable of the name EwayValidityDate
 @ line 261, column 8.
   String EwayValidityDate = WebUI.getText(findTestObject('Generate/Eway bill Validity date'))
          ^

file:/C:/Users/anandha/git/katalonstudio/katalonstudio1/Scripts/Generate/Script1554577686876.groovy: 265: The current scope already contains a variable of the name EwayBillStatus
 @ line 265, column 8.
   String EwayBillStatus = WebUI.getText(findTestObject('Generate/Eway Bill Status'))
          ^

6 errors

	at com.kms.katalon.core.main.ScriptEngine.getScript(ScriptEngine.java:199)
	at com.kms.katalon.core.main.ScriptEngine.run(ScriptEngine.java:194)
	at com.kms.katalon.core.main.ScriptEngine.runScriptAsRawText(ScriptEngine.java:119)
	at com.kms.katalon.core.main.TestCaseExecutor.runScript(TestCaseExecutor.java:331)
	at com.kms.katalon.core.main.TestCaseExecutor.doExecute(TestCaseExecutor.java:322)
	at com.kms.katalon.core.main.TestCaseExecutor.processExecutionPhase(TestCaseExecutor.java:301)
	at com.kms.katalon.core.main.TestCaseExecutor.accessMainPhase(TestCaseExecutor.java:293)
	at com.kms.katalon.core.main.TestCaseExecutor.execute(TestCaseExecutor.java:227)
	at com.kms.katalon.core.main.TestSuiteExecutor.accessTestCaseMainPhase(TestSuiteExecutor.java:129)
	at com.kms.katalon.core.main.TestSuiteExecutor.accessTestSuiteMainPhase(TestSuiteExecutor.java:112)
	at com.kms.katalon.core.main.TestSuiteExecutor.execute(TestSuiteExecutor.java:81)
	at com.kms.katalon.core.main.TestCaseMain.startTestSuite(TestCaseMain.java:157)
	at com.kms.katalon.core.main.TestCaseMain$startTestSuite$0.call(Unknown Source)
	at TempTestSuite1554818641177.run(TempTestSuite1554818641177.groovy:35)]]></system-out>
      <system-err><![CDATA[2019-04-09 19:34:03 - [TEST_SUITE][ERROR] - Smoke Test: Test Cases/Generate FAILED.
Reason:
org.codehaus.groovy.control.MultipleCompilationErrorsException: startup failed:
file:/C:/Users/anandha/git/katalonstudio/katalonstudio1/Scripts/Generate/Script1554577686876.groovy: 185: The current scope already contains a variable of the name docNo
 @ line 185, column 8.
   String docNo=CustomKeywords.'utility.randomNumber.rendomNo'(8)
          ^

file:/C:/Users/anandha/git/katalonstudio/katalonstudio1/Scripts/Generate/Script1554577686876.groovy: 249: The current scope already contains a variable of the name MsgGen
 @ line 249, column 8.
   String MsgGen = WebUI.getText(findTestObject('Generate/Msg Generated Successfully'))
          ^

file:/C:/Users/anandha/git/katalonstudio/katalonstudio1/Scripts/Generate/Script1554577686876.groovy: 253: The current scope already contains a variable of the name ewayBillNo
 @ line 253, column 8.
   String ewayBillNo = WebUI.getText(findTestObject('Generate/Eway bill number'))
          ^

file:/C:/Users/anandha/git/katalonstudio/katalonstudio1/Scripts/Generate/Script1554577686876.groovy: 257: The current scope already contains a variable of the name EwayBillDate
 @ line 257, column 8.
   String EwayBillDate = WebUI.getText(findTestObject('Generate/Eway Bill date'))
          ^

file:/C:/Users/anandha/git/katalonstudio/katalonstudio1/Scripts/Generate/Script1554577686876.groovy: 261: The current scope already contains a variable of the name EwayValidityDate
 @ line 261, column 8.
   String EwayValidityDate = WebUI.getText(findTestObject('Generate/Eway bill Validity date'))
          ^

file:/C:/Users/anandha/git/katalonstudio/katalonstudio1/Scripts/Generate/Script1554577686876.groovy: 265: The current scope already contains a variable of the name EwayBillStatus
 @ line 265, column 8.
   String EwayBillStatus = WebUI.getText(findTestObject('Generate/Eway Bill Status'))
          ^

6 errors

	at com.kms.katalon.core.main.ScriptEngine.getScript(ScriptEngine.java:199)
	at com.kms.katalon.core.main.ScriptEngine.run(ScriptEngine.java:194)
	at com.kms.katalon.core.main.ScriptEngine.runScriptAsRawText(ScriptEngine.java:119)
	at com.kms.katalon.core.main.TestCaseExecutor.runScript(TestCaseExecutor.java:331)
	at com.kms.katalon.core.main.TestCaseExecutor.doExecute(TestCaseExecutor.java:322)
	at com.kms.katalon.core.main.TestCaseExecutor.processExecutionPhase(TestCaseExecutor.java:301)
	at com.kms.katalon.core.main.TestCaseExecutor.accessMainPhase(TestCaseExecutor.java:293)
	at com.kms.katalon.core.main.TestCaseExecutor.execute(TestCaseExecutor.java:227)
	at com.kms.katalon.core.main.TestSuiteExecutor.accessTestCaseMainPhase(TestSuiteExecutor.java:129)
	at com.kms.katalon.core.main.TestSuiteExecutor.accessTestSuiteMainPhase(TestSuiteExecutor.java:112)
	at com.kms.katalon.core.main.TestSuiteExecutor.execute(TestSuiteExecutor.java:81)
	at com.kms.katalon.core.main.TestCaseMain.startTestSuite(TestCaseMain.java:157)
	at com.kms.katalon.core.main.TestCaseMain$startTestSuite$0.call(Unknown Source)
	at TempTestSuite1554818641177.run(TempTestSuite1554818641177.groovy:35)]]></system-err>
   </testsuite>
</testsuites>
