<?xml version="1.0" encoding="UTF-8"?>
<testsuites name="Smoke Test" time="43" tests="1" failures="0" errors="1">
   <testsuite name="Smoke Test" tests="1" failures="0" errors="1" time="43" timestamp="2019-04-10 00:33:58" hostname="Amitansh - DESKTOP-TMTUP2J" id="Test Suites/Smoke Test">
      <properties>
         <property name="deviceName" value=""/>
         <property name="devicePlatform" value=""/>
         <property name="logFolder" value="C:\\Users\\Amitansh\\git\\katalonstudio\\Reports\\Smoke Test\\20190410_003353"/>
         <property name="logFiles" value="C:\\Users\\Amitansh\\git\\katalonstudio\\Reports\\Smoke Test\\20190410_003353\\execution0.log"/>
         <property name="attachments" value=""/>
         <property name="hostName" value="Amitansh - DESKTOP-TMTUP2J"/>
         <property name="os" value="Windows 10 64bit"/>
         <property name="katalonVersion" value="6.1.0.1"/>
         <property name="browser" value="Chrome 73.0.3683.86"/>
         <property name="hostAddress" value="192.168.0.104"/>
         <property name="sessionId" value="4cb8f6109cc0bdd1a02140f7a2ff1363"/>
         <property name="seleniumVersion" value="3.7.1"/>
         <property name="proxyInformation" value="ProxyInformation{proxyOption=NO_PROXY, proxyServerType=HTTP, password=, proxyServerAddress=, proxyServerPort=0}"/>
         <property name="platform" value="Windows 10"/>
      </properties>
      <testcase name="Test Cases/Login" classname="Test Cases/Login" status="PASSED">
         <system-out><![CDATA[2019-04-10 00:33:59 - [TEST_CASE][PASSED] - Test Cases/Login: Test Cases/Login

2019-04-10 00:34:01 - [TEST_STEP][PASSED] - openBrowser(""): Browser is opened with url: ''

2019-04-10 00:34:02 - [MESSAGE][INFO] - Starting 'Chrome' driver

2019-04-10 00:34:02 - [MESSAGE][INFO] - Action delay is set to 0 seconds

2019-04-10 00:34:08 - [MESSAGE][PASSED] - Browser is opened with url: ''

2019-04-10 00:34:08 - [TEST_STEP][PASSED] - navigateToUrl(url): Navigate to 'https://dev.esp.irisgst.com/' successfully

2019-04-10 00:34:10 - [MESSAGE][PASSED] - Navigate to 'https://dev.esp.irisgst.com/' successfully

2019-04-10 00:34:10 - [TEST_STEP][PASSED] - maximizeWindow(): Current window maximized

2019-04-10 00:34:11 - [MESSAGE][PASSED] - Current window maximized

2019-04-10 00:34:11 - [TEST_STEP][PASSED] - delay(2): Delayed 2 second(s)

2019-04-10 00:34:13 - [MESSAGE][PASSED] - Delayed 2 second(s)

2019-04-10 00:34:13 - [TEST_STEP][PASSED] - topazTitle = getWindowTitle(): Current window's title is: 'IRIS-TOPAZ'

2019-04-10 00:34:13 - [MESSAGE][PASSED] - Current window's title is: 'IRIS-TOPAZ'

2019-04-10 00:34:13 - [TEST_STEP][PASSED] - verifyMatch(topazTitle, "IRIS-TOPAZ", true): Actual text 'IRIS-TOPAZ' and expected text 'IRIS-TOPAZ' are matched  using regular expression

2019-04-10 00:34:13 - [MESSAGE][PASSED] - Actual text 'IRIS-TOPAZ' and expected text 'IRIS-TOPAZ' are matched  using regular expression

2019-04-10 00:34:13 - [TEST_STEP][PASSED] - setText(findTestObject("Login/Enter Username"), username): Text 'amit.nandha@irisindia.net' is set on object 'Object Repository/Login/Enter Username'

2019-04-10 00:34:14 - [MESSAGE][PASSED] - Text 'amit.nandha@irisindia.net' is set on object 'Object Repository/Login/Enter Username'

2019-04-10 00:34:14 - [TEST_STEP][PASSED] - setText(findTestObject("Login/Enter Password"), password): Text 'Abcd@12345' is set on object 'Object Repository/Login/Enter Password'

2019-04-10 00:34:15 - [MESSAGE][PASSED] - Text 'Abcd@12345' is set on object 'Object Repository/Login/Enter Password'

2019-04-10 00:34:15 - [TEST_STEP][PASSED] - delay(1): Delayed 1 second(s)

2019-04-10 00:34:16 - [MESSAGE][PASSED] - Delayed 1 second(s)

2019-04-10 00:34:16 - [TEST_STEP][PASSED] - click(findTestObject("Login/Sign In button")): Object: 'Object Repository/Login/Sign In button' is clicked on

2019-04-10 00:34:16 - [MESSAGE][PASSED] - Object: 'Object Repository/Login/Sign In button' is clicked on

2019-04-10 00:34:16 - [TEST_STEP][PASSED] - delay(2): Delayed 2 second(s)

2019-04-10 00:34:18 - [MESSAGE][PASSED] - Delayed 2 second(s)

2019-04-10 00:34:18 - [TEST_STEP][PASSED] - LoginTitle = getText(findTestObject("Login/div_Login Successful")): Text of object 'Object Repository/Login/div_Login Successful' is: 'Login Successful!'

2019-04-10 00:34:18 - [MESSAGE][PASSED] - Text of object 'Object Repository/Login/div_Login Successful' is: 'Login Successful!'

2019-04-10 00:34:18 - [TEST_STEP][PASSED] - verifyMatch(LoginTitle, "Login Successful!", true): Actual text 'Login Successful!' and expected text 'Login Successful!' are matched  using regular expression

2019-04-10 00:34:18 - [MESSAGE][PASSED] - Actual text 'Login Successful!' and expected text 'Login Successful!' are matched  using regular expression

2019-04-10 00:34:18 - [TEST_STEP][PASSED] - click(findTestObject("Login/div_Login Successful")): Object: 'Object Repository/Login/div_Login Successful' is clicked on

2019-04-10 00:34:18 - [MESSAGE][PASSED] - Object: 'Object Repository/Login/div_Login Successful' is clicked on]]></system-out>
         <system-err><![CDATA[]]></system-err>
      </testcase>
      <testcase name="Test Cases/Generate" classname="Test Cases/Generate" status="ERROR">
         <error type="ERROR" message="Test Cases/Generate FAILED.
Reason:
org.codehaus.groovy.runtime.InvokerInvocationException: java.io.FileNotFoundException: E:\Katalon Testdata\generateTestData.xlsx (The process cannot access the file because it is being used by another process)
	at utility.WriteToExcel.invokeMethod(WriteToExcel.groovy)
	at com.kms.katalon.core.main.CustomKeywordDelegatingMetaClass.invokeStaticMethod(CustomKeywordDelegatingMetaClass.java:49)
	at Generate.run(Generate:80)
	at com.kms.katalon.core.main.ScriptEngine.run(ScriptEngine.java:194)
	at com.kms.katalon.core.main.ScriptEngine.runScriptAsRawText(ScriptEngine.java:119)
	at com.kms.katalon.core.main.TestCaseExecutor.runScript(TestCaseExecutor.java:331)
	at com.kms.katalon.core.main.TestCaseExecutor.doExecute(TestCaseExecutor.java:322)
	at com.kms.katalon.core.main.TestCaseExecutor.processExecutionPhase(TestCaseExecutor.java:301)
	at com.kms.katalon.core.main.TestCaseExecutor.accessMainPhase(TestCaseExecutor.java:293)
	at com.kms.katalon.core.main.TestCaseExecutor.execute(TestCaseExecutor.java:227)
	at com.kms.katalon.core.main.TestSuiteExecutor.accessTestCaseMainPhase(TestSuiteExecutor.java:129)
	at com.kms.katalon.core.main.TestSuiteExecutor.accessTestSuiteMainPhase(TestSuiteExecutor.java:112)
	at com.kms.katalon.core.main.TestSuiteExecutor.execute(TestSuiteExecutor.java:81)
	at com.kms.katalon.core.main.TestCaseMain.startTestSuite(TestCaseMain.java:157)
	at com.kms.katalon.core.main.TestCaseMain$startTestSuite$0.call(Unknown Source)
	at TempTestSuite1554836633977.run(TempTestSuite1554836633977.groovy:35)
Caused by: java.io.FileNotFoundException: E:\Katalon Testdata\generateTestData.xlsx (The process cannot access the file because it is being used by another process)
	at utility.WriteToExcel.Sd(WriteToExcel.groovy:71)
	at utility.WriteToExcel.invokeMethod(WriteToExcel.groovy)
	at com.kms.katalon.core.main.CustomKeywordDelegatingMetaClass.invokeStaticMethod(CustomKeywordDelegatingMetaClass.java:49)
	at Script1554577686876.run(Script1554577686876.groovy:80)
	... 13 more
"/>
         <system-out><![CDATA[2019-04-10 00:34:18 - [TEST_CASE][ERROR] - Test Cases/Generate: Test Cases/Generate FAILED.
Reason:
org.codehaus.groovy.runtime.InvokerInvocationException: java.io.FileNotFoundException: E:\Katalon Testdata\generateTestData.xlsx (The process cannot access the file because it is being used by another process)
	at utility.WriteToExcel.invokeMethod(WriteToExcel.groovy)
	at com.kms.katalon.core.main.CustomKeywordDelegatingMetaClass.invokeStaticMethod(CustomKeywordDelegatingMetaClass.java:49)
	at Generate.run(Generate:80)
	at com.kms.katalon.core.main.ScriptEngine.run(ScriptEngine.java:194)
	at com.kms.katalon.core.main.ScriptEngine.runScriptAsRawText(ScriptEngine.java:119)
	at com.kms.katalon.core.main.TestCaseExecutor.runScript(TestCaseExecutor.java:331)
	at com.kms.katalon.core.main.TestCaseExecutor.doExecute(TestCaseExecutor.java:322)
	at com.kms.katalon.core.main.TestCaseExecutor.processExecutionPhase(TestCaseExecutor.java:301)
	at com.kms.katalon.core.main.TestCaseExecutor.accessMainPhase(TestCaseExecutor.java:293)
	at com.kms.katalon.core.main.TestCaseExecutor.execute(TestCaseExecutor.java:227)
	at com.kms.katalon.core.main.TestSuiteExecutor.accessTestCaseMainPhase(TestSuiteExecutor.java:129)
	at com.kms.katalon.core.main.TestSuiteExecutor.accessTestSuiteMainPhase(TestSuiteExecutor.java:112)
	at com.kms.katalon.core.main.TestSuiteExecutor.execute(TestSuiteExecutor.java:81)
	at com.kms.katalon.core.main.TestCaseMain.startTestSuite(TestCaseMain.java:157)
	at com.kms.katalon.core.main.TestCaseMain$startTestSuite$0.call(Unknown Source)
	at TempTestSuite1554836633977.run(TempTestSuite1554836633977.groovy:35)
Caused by: java.io.FileNotFoundException: E:\Katalon Testdata\generateTestData.xlsx (The process cannot access the file because it is being used by another process)
	at utility.WriteToExcel.Sd(WriteToExcel.groovy:71)
	at utility.WriteToExcel.invokeMethod(WriteToExcel.groovy)
	at com.kms.katalon.core.main.CustomKeywordDelegatingMetaClass.invokeStaticMethod(CustomKeywordDelegatingMetaClass.java:49)
	at Script1554577686876.run(Script1554577686876.groovy:80)
	... 13 more


2019-04-10 00:34:19 - [TEST_STEP][PASSED] - delay(3): Delayed 3 second(s)

2019-04-10 00:34:22 - [MESSAGE][PASSED] - Delayed 3 second(s)

2019-04-10 00:34:22 - [TEST_STEP][PASSED] - click(findTestObject("Generate/i_Vijeta Business Solution_fa fa-angle-double-right")): Object: 'Object Repository/Generate/i_Vijeta Business Solution_fa fa-angle-double-right' is clicked on

2019-04-10 00:34:22 - [MESSAGE][PASSED] - Object: 'Object Repository/Generate/i_Vijeta Business Solution_fa fa-angle-double-right' is clicked on

2019-04-10 00:34:22 - [TEST_STEP][PASSED] - delay(1): Delayed 1 second(s)

2019-04-10 00:34:23 - [MESSAGE][PASSED] - Delayed 1 second(s)

2019-04-10 00:34:23 - [TEST_STEP][PASSED] - click(findTestObject("Generate/li_Nands Group")): Object: 'Object Repository/Generate/li_Nands Group' is clicked on

2019-04-10 00:34:23 - [MESSAGE][PASSED] - Object: 'Object Repository/Generate/li_Nands Group' is clicked on

2019-04-10 00:34:23 - [TEST_STEP][PASSED] - changeBusienssMsg = getText(findTestObject("Generate/div_Business Changed Successfully")): Text of object 'Object Repository/Generate/div_Business Changed Successfully' is: 'Business Changed Successfully.'

2019-04-10 00:34:24 - [MESSAGE][PASSED] - Text of object 'Object Repository/Generate/div_Business Changed Successfully' is: 'Business Changed Successfully.'

2019-04-10 00:34:24 - [TEST_STEP][PASSED] - verifyMatch(changeBusienssMsg, "Business Changed Successfully.", true): Actual text 'Business Changed Successfully.' and expected text 'Business Changed Successfully.' are matched  using regular expression

2019-04-10 00:34:24 - [MESSAGE][PASSED] - Actual text 'Business Changed Successfully.' and expected text 'Business Changed Successfully.' are matched  using regular expression

2019-04-10 00:34:24 - [TEST_STEP][PASSED] - click(findTestObject("Generate/div_Business Changed Successfully")): Object: 'Object Repository/Generate/div_Business Changed Successfully' is clicked on

2019-04-10 00:34:24 - [MESSAGE][PASSED] - Object: 'Object Repository/Generate/div_Business Changed Successfully' is clicked on

2019-04-10 00:34:24 - [TEST_STEP][PASSED] - delay(1): Delayed 1 second(s)

2019-04-10 00:34:25 - [MESSAGE][PASSED] - Delayed 1 second(s)

2019-04-10 00:34:25 - [TEST_STEP][PASSED] - click(findTestObject("Generate/i_Nands Group_fa fa-angle-double-right")): Object: 'Object Repository/Generate/i_Nands Group_fa fa-angle-double-right' is clicked on

2019-04-10 00:34:25 - [MESSAGE][PASSED] - Object: 'Object Repository/Generate/i_Nands Group_fa fa-angle-double-right' is clicked on

2019-04-10 00:34:25 - [TEST_STEP][PASSED] - delay(1): Delayed 1 second(s)

2019-04-10 00:34:26 - [MESSAGE][PASSED] - Delayed 1 second(s)

2019-04-10 00:34:26 - [TEST_STEP][PASSED] - click(findTestObject("Generate/li_Nands Business")): Object: 'Object Repository/Generate/li_Nands Business' is clicked on

2019-04-10 00:34:26 - [MESSAGE][PASSED] - Object: 'Object Repository/Generate/li_Nands Business' is clicked on

2019-04-10 00:34:26 - [TEST_STEP][PASSED] - delay(1): Delayed 1 second(s)

2019-04-10 00:34:27 - [MESSAGE][PASSED] - Delayed 1 second(s)

2019-04-10 00:34:27 - [TEST_STEP][PASSED] - click(findTestObject("Generate/i_Nands Business_fa fa-angle-double-right")): Object: 'Object Repository/Generate/i_Nands Business_fa fa-angle-double-right' is clicked on

2019-04-10 00:34:27 - [MESSAGE][PASSED] - Object: 'Object Repository/Generate/i_Nands Business_fa fa-angle-double-right' is clicked on

2019-04-10 00:34:27 - [TEST_STEP][PASSED] - delay(1): Delayed 1 second(s)

2019-04-10 00:34:28 - [MESSAGE][PASSED] - Delayed 1 second(s)

2019-04-10 00:34:28 - [TEST_STEP][PASSED] - click(findTestObject("Generate/li_Nands_Entity_1")): Object: 'Object Repository/Generate/li_Nands_Entity_1' is clicked on

2019-04-10 00:34:28 - [MESSAGE][PASSED] - Object: 'Object Repository/Generate/li_Nands_Entity_1' is clicked on

2019-04-10 00:34:28 - [TEST_STEP][PASSED] - delay(1): Delayed 1 second(s)

2019-04-10 00:34:29 - [MESSAGE][PASSED] - Delayed 1 second(s)

2019-04-10 00:34:29 - [TEST_STEP][PASSED] - click(findTestObject("Generate/li_Nands Group_1")): Object: 'Object Repository/Generate/li_Nands Group_1' is clicked on

2019-04-10 00:34:29 - [MESSAGE][PASSED] - Object: 'Object Repository/Generate/li_Nands Group_1' is clicked on

2019-04-10 00:34:29 - [TEST_STEP][PASSED] - click(findTestObject("Generate/Generate Tab")): Object: 'Object Repository/Generate/Generate Tab' is clicked on

2019-04-10 00:34:30 - [MESSAGE][PASSED] - Object: 'Object Repository/Generate/Generate Tab' is clicked on

2019-04-10 00:34:30 - [TEST_STEP][PASSED] - delay(3): Delayed 3 second(s)

2019-04-10 00:34:33 - [MESSAGE][PASSED] - Delayed 3 second(s)

2019-04-10 00:34:33 - [TEST_STEP][PASSED] - selectOptionByValue(findTestObject("Generate/Select Transaction Type"), "number:1", true): All options with value 'number:1' are selected in object 'Object Repository/Generate/Select Transaction Type'  using regular expression

2019-04-10 00:34:33 - [MESSAGE][PASSED] - All options with value 'number:1' are selected in object 'Object Repository/Generate/Select Transaction Type'  using regular expression

2019-04-10 00:34:33 - [TEST_STEP][PASSED] - delay(1): Delayed 1 second(s)

2019-04-10 00:34:34 - [MESSAGE][PASSED] - Delayed 1 second(s)

2019-04-10 00:34:34 - [TEST_STEP][PASSED] - selectOptionByValue(findTestObject("Generate/Select Sub Supply Type"), "number:1", true): All options with value 'number:1' are selected in object 'Object Repository/Generate/Select Sub Supply Type'  using regular expression

2019-04-10 00:34:34 - [MESSAGE][PASSED] - All options with value 'number:1' are selected in object 'Object Repository/Generate/Select Sub Supply Type'  using regular expression

2019-04-10 00:34:34 - [TEST_STEP][PASSED] - delay(1): Delayed 1 second(s)

2019-04-10 00:34:35 - [MESSAGE][PASSED] - Delayed 1 second(s)

2019-04-10 00:34:35 - [TEST_STEP][PASSED] - setText(findTestObject("Generate/Enter Sub-supply type Description"), "SubSupplyDescription"): Text 'SubSupplyDescription' is set on object 'Object Repository/Generate/Enter Sub-supply type Description'

2019-04-10 00:34:36 - [MESSAGE][PASSED] - Text 'SubSupplyDescription' is set on object 'Object Repository/Generate/Enter Sub-supply type Description'

2019-04-10 00:34:36 - [TEST_STEP][PASSED] - delay(1): Delayed 1 second(s)

2019-04-10 00:34:37 - [MESSAGE][PASSED] - Delayed 1 second(s)

2019-04-10 00:34:37 - [TEST_STEP][PASSED] - selectOptionByValue(findTestObject("Generate/Select Document Type"), "string:INV", true): All options with value 'string:INV' are selected in object 'Object Repository/Generate/Select Document Type'  using regular expression

2019-04-10 00:34:37 - [MESSAGE][PASSED] - All options with value 'string:INV' are selected in object 'Object Repository/Generate/Select Document Type'  using regular expression

2019-04-10 00:34:37 - [TEST_STEP][PASSED] - delay(1): Delayed 1 second(s)

2019-04-10 00:34:38 - [MESSAGE][PASSED] - Delayed 1 second(s)

2019-04-10 00:34:38 - [TEST_STEP][PASSED] - docNo = utility.randomNumber.rendomNo(8): utility.randomNumber.rendomNo is PASSED

2019-04-10 00:34:38 - [MESSAGE][PASSED] - utility.randomNumber.rendomNo is PASSED

2019-04-10 00:34:38 - [TEST_STEP][PASSED] - setText(findTestObject("Generate/Enter Document Number"), docNo): Text '02701103' is set on object 'Object Repository/Generate/Enter Document Number'

2019-04-10 00:34:39 - [MESSAGE][PASSED] - Text '02701103' is set on object 'Object Repository/Generate/Enter Document Number'

2019-04-10 00:34:39 - [TEST_STEP][PASSED] - delay(1): Delayed 1 second(s)

2019-04-10 00:34:40 - [MESSAGE][PASSED] - Delayed 1 second(s)

2019-04-10 00:34:40 - [TEST_STEP][ERROR] - utility.WriteToExcel.Sd(docNo, 1, 0): utility.WriteToExcel.Sd(docNo, 1, 0) FAILED.
Reason:
org.codehaus.groovy.runtime.InvokerInvocationException: java.io.FileNotFoundException: E:\Katalon Testdata\generateTestData.xlsx (The process cannot access the file because it is being used by another process)
	at utility.WriteToExcel.invokeMethod(WriteToExcel.groovy)
	at com.kms.katalon.core.main.CustomKeywordDelegatingMetaClass.invokeStaticMethod(CustomKeywordDelegatingMetaClass.java:49)
	at Generate.run(Generate:80)
	at com.kms.katalon.core.main.ScriptEngine.run(ScriptEngine.java:194)
	at com.kms.katalon.core.main.ScriptEngine.runScriptAsRawText(ScriptEngine.java:119)
	at com.kms.katalon.core.main.TestCaseExecutor.runScript(TestCaseExecutor.java:331)
	at com.kms.katalon.core.main.TestCaseExecutor.doExecute(TestCaseExecutor.java:322)
	at com.kms.katalon.core.main.TestCaseExecutor.processExecutionPhase(TestCaseExecutor.java:301)
	at com.kms.katalon.core.main.TestCaseExecutor.accessMainPhase(TestCaseExecutor.java:293)
	at com.kms.katalon.core.main.TestCaseExecutor.execute(TestCaseExecutor.java:227)
	at com.kms.katalon.core.main.TestSuiteExecutor.accessTestCaseMainPhase(TestSuiteExecutor.java:129)
	at com.kms.katalon.core.main.TestSuiteExecutor.accessTestSuiteMainPhase(TestSuiteExecutor.java:112)
	at com.kms.katalon.core.main.TestSuiteExecutor.execute(TestSuiteExecutor.java:81)
	at com.kms.katalon.core.main.TestCaseMain.startTestSuite(TestCaseMain.java:157)
	at com.kms.katalon.core.main.TestCaseMain$startTestSuite$0.call(Unknown Source)
	at TempTestSuite1554836633977.run(TempTestSuite1554836633977.groovy:35)
Caused by: java.io.FileNotFoundException: E:\Katalon Testdata\generateTestData.xlsx (The process cannot access the file because it is being used by another process)
	at utility.WriteToExcel.Sd(WriteToExcel.groovy:71)
	at utility.WriteToExcel.invokeMethod(WriteToExcel.groovy)
	at com.kms.katalon.core.main.CustomKeywordDelegatingMetaClass.invokeStaticMethod(CustomKeywordDelegatingMetaClass.java:49)
	at Script1554577686876.run(Script1554577686876.groovy:80)
	... 13 more


2019-04-10 00:34:41 - [MESSAGE][ERROR] - java.io.FileNotFoundException: E:\Katalon Testdata\generateTestData.xlsx (The process cannot access the file because it is being used by another process)

2019-04-10 00:34:41 - [MESSAGE][ERROR] - utility.WriteToExcel.Sd(docNo, 1, 0) FAILED.
Reason:
org.codehaus.groovy.runtime.InvokerInvocationException: java.io.FileNotFoundException: E:\Katalon Testdata\generateTestData.xlsx (The process cannot access the file because it is being used by another process)
	at utility.WriteToExcel.invokeMethod(WriteToExcel.groovy)
	at com.kms.katalon.core.main.CustomKeywordDelegatingMetaClass.invokeStaticMethod(CustomKeywordDelegatingMetaClass.java:49)
	at Generate.run(Generate:80)
	at com.kms.katalon.core.main.ScriptEngine.run(ScriptEngine.java:194)
	at com.kms.katalon.core.main.ScriptEngine.runScriptAsRawText(ScriptEngine.java:119)
	at com.kms.katalon.core.main.TestCaseExecutor.runScript(TestCaseExecutor.java:331)
	at com.kms.katalon.core.main.TestCaseExecutor.doExecute(TestCaseExecutor.java:322)
	at com.kms.katalon.core.main.TestCaseExecutor.processExecutionPhase(TestCaseExecutor.java:301)
	at com.kms.katalon.core.main.TestCaseExecutor.accessMainPhase(TestCaseExecutor.java:293)
	at com.kms.katalon.core.main.TestCaseExecutor.execute(TestCaseExecutor.java:227)
	at com.kms.katalon.core.main.TestSuiteExecutor.accessTestCaseMainPhase(TestSuiteExecutor.java:129)
	at com.kms.katalon.core.main.TestSuiteExecutor.accessTestSuiteMainPhase(TestSuiteExecutor.java:112)
	at com.kms.katalon.core.main.TestSuiteExecutor.execute(TestSuiteExecutor.java:81)
	at com.kms.katalon.core.main.TestCaseMain.startTestSuite(TestCaseMain.java:157)
	at com.kms.katalon.core.main.TestCaseMain$startTestSuite$0.call(Unknown Source)
	at TempTestSuite1554836633977.run(TempTestSuite1554836633977.groovy:35)
Caused by: java.io.FileNotFoundException: E:\Katalon Testdata\generateTestData.xlsx (The process cannot access the file because it is being used by another process)
	at utility.WriteToExcel.Sd(WriteToExcel.groovy:71)
	at utility.WriteToExcel.invokeMethod(WriteToExcel.groovy)
	at com.kms.katalon.core.main.CustomKeywordDelegatingMetaClass.invokeStaticMethod(CustomKeywordDelegatingMetaClass.java:49)
	at Script1554577686876.run(Script1554577686876.groovy:80)
	... 13 more]]></system-out>
         <system-err><![CDATA[2019-04-10 00:34:18 - [TEST_CASE][ERROR] - Test Cases/Generate: Test Cases/Generate FAILED.
Reason:
org.codehaus.groovy.runtime.InvokerInvocationException: java.io.FileNotFoundException: E:\Katalon Testdata\generateTestData.xlsx (The process cannot access the file because it is being used by another process)
	at utility.WriteToExcel.invokeMethod(WriteToExcel.groovy)
	at com.kms.katalon.core.main.CustomKeywordDelegatingMetaClass.invokeStaticMethod(CustomKeywordDelegatingMetaClass.java:49)
	at Generate.run(Generate:80)
	at com.kms.katalon.core.main.ScriptEngine.run(ScriptEngine.java:194)
	at com.kms.katalon.core.main.ScriptEngine.runScriptAsRawText(ScriptEngine.java:119)
	at com.kms.katalon.core.main.TestCaseExecutor.runScript(TestCaseExecutor.java:331)
	at com.kms.katalon.core.main.TestCaseExecutor.doExecute(TestCaseExecutor.java:322)
	at com.kms.katalon.core.main.TestCaseExecutor.processExecutionPhase(TestCaseExecutor.java:301)
	at com.kms.katalon.core.main.TestCaseExecutor.accessMainPhase(TestCaseExecutor.java:293)
	at com.kms.katalon.core.main.TestCaseExecutor.execute(TestCaseExecutor.java:227)
	at com.kms.katalon.core.main.TestSuiteExecutor.accessTestCaseMainPhase(TestSuiteExecutor.java:129)
	at com.kms.katalon.core.main.TestSuiteExecutor.accessTestSuiteMainPhase(TestSuiteExecutor.java:112)
	at com.kms.katalon.core.main.TestSuiteExecutor.execute(TestSuiteExecutor.java:81)
	at com.kms.katalon.core.main.TestCaseMain.startTestSuite(TestCaseMain.java:157)
	at com.kms.katalon.core.main.TestCaseMain$startTestSuite$0.call(Unknown Source)
	at TempTestSuite1554836633977.run(TempTestSuite1554836633977.groovy:35)
Caused by: java.io.FileNotFoundException: E:\Katalon Testdata\generateTestData.xlsx (The process cannot access the file because it is being used by another process)
	at utility.WriteToExcel.Sd(WriteToExcel.groovy:71)
	at utility.WriteToExcel.invokeMethod(WriteToExcel.groovy)
	at com.kms.katalon.core.main.CustomKeywordDelegatingMetaClass.invokeStaticMethod(CustomKeywordDelegatingMetaClass.java:49)
	at Script1554577686876.run(Script1554577686876.groovy:80)
	... 13 more]]></system-err>
      </testcase>
      <system-out><![CDATA[2019-04-10 00:33:58 - [TEST_SUITE][ERROR] - Smoke Test: Test Cases/Generate FAILED.
Reason:
org.codehaus.groovy.runtime.InvokerInvocationException: java.io.FileNotFoundException: E:\Katalon Testdata\generateTestData.xlsx (The process cannot access the file because it is being used by another process)
	at utility.WriteToExcel.invokeMethod(WriteToExcel.groovy)
	at com.kms.katalon.core.main.CustomKeywordDelegatingMetaClass.invokeStaticMethod(CustomKeywordDelegatingMetaClass.java:49)
	at Generate.run(Generate:80)
	at com.kms.katalon.core.main.ScriptEngine.run(ScriptEngine.java:194)
	at com.kms.katalon.core.main.ScriptEngine.runScriptAsRawText(ScriptEngine.java:119)
	at com.kms.katalon.core.main.TestCaseExecutor.runScript(TestCaseExecutor.java:331)
	at com.kms.katalon.core.main.TestCaseExecutor.doExecute(TestCaseExecutor.java:322)
	at com.kms.katalon.core.main.TestCaseExecutor.processExecutionPhase(TestCaseExecutor.java:301)
	at com.kms.katalon.core.main.TestCaseExecutor.accessMainPhase(TestCaseExecutor.java:293)
	at com.kms.katalon.core.main.TestCaseExecutor.execute(TestCaseExecutor.java:227)
	at com.kms.katalon.core.main.TestSuiteExecutor.accessTestCaseMainPhase(TestSuiteExecutor.java:129)
	at com.kms.katalon.core.main.TestSuiteExecutor.accessTestSuiteMainPhase(TestSuiteExecutor.java:112)
	at com.kms.katalon.core.main.TestSuiteExecutor.execute(TestSuiteExecutor.java:81)
	at com.kms.katalon.core.main.TestCaseMain.startTestSuite(TestCaseMain.java:157)
	at com.kms.katalon.core.main.TestCaseMain$startTestSuite$0.call(Unknown Source)
	at TempTestSuite1554836633977.run(TempTestSuite1554836633977.groovy:35)
Caused by: java.io.FileNotFoundException: E:\Katalon Testdata\generateTestData.xlsx (The process cannot access the file because it is being used by another process)
	at utility.WriteToExcel.Sd(WriteToExcel.groovy:71)
	at utility.WriteToExcel.invokeMethod(WriteToExcel.groovy)
	at com.kms.katalon.core.main.CustomKeywordDelegatingMetaClass.invokeStaticMethod(CustomKeywordDelegatingMetaClass.java:49)
	at Script1554577686876.run(Script1554577686876.groovy:80)
	... 13 more]]></system-out>
      <system-err><![CDATA[2019-04-10 00:33:58 - [TEST_SUITE][ERROR] - Smoke Test: Test Cases/Generate FAILED.
Reason:
org.codehaus.groovy.runtime.InvokerInvocationException: java.io.FileNotFoundException: E:\Katalon Testdata\generateTestData.xlsx (The process cannot access the file because it is being used by another process)
	at utility.WriteToExcel.invokeMethod(WriteToExcel.groovy)
	at com.kms.katalon.core.main.CustomKeywordDelegatingMetaClass.invokeStaticMethod(CustomKeywordDelegatingMetaClass.java:49)
	at Generate.run(Generate:80)
	at com.kms.katalon.core.main.ScriptEngine.run(ScriptEngine.java:194)
	at com.kms.katalon.core.main.ScriptEngine.runScriptAsRawText(ScriptEngine.java:119)
	at com.kms.katalon.core.main.TestCaseExecutor.runScript(TestCaseExecutor.java:331)
	at com.kms.katalon.core.main.TestCaseExecutor.doExecute(TestCaseExecutor.java:322)
	at com.kms.katalon.core.main.TestCaseExecutor.processExecutionPhase(TestCaseExecutor.java:301)
	at com.kms.katalon.core.main.TestCaseExecutor.accessMainPhase(TestCaseExecutor.java:293)
	at com.kms.katalon.core.main.TestCaseExecutor.execute(TestCaseExecutor.java:227)
	at com.kms.katalon.core.main.TestSuiteExecutor.accessTestCaseMainPhase(TestSuiteExecutor.java:129)
	at com.kms.katalon.core.main.TestSuiteExecutor.accessTestSuiteMainPhase(TestSuiteExecutor.java:112)
	at com.kms.katalon.core.main.TestSuiteExecutor.execute(TestSuiteExecutor.java:81)
	at com.kms.katalon.core.main.TestCaseMain.startTestSuite(TestCaseMain.java:157)
	at com.kms.katalon.core.main.TestCaseMain$startTestSuite$0.call(Unknown Source)
	at TempTestSuite1554836633977.run(TempTestSuite1554836633977.groovy:35)
Caused by: java.io.FileNotFoundException: E:\Katalon Testdata\generateTestData.xlsx (The process cannot access the file because it is being used by another process)
	at utility.WriteToExcel.Sd(WriteToExcel.groovy:71)
	at utility.WriteToExcel.invokeMethod(WriteToExcel.groovy)
	at com.kms.katalon.core.main.CustomKeywordDelegatingMetaClass.invokeStaticMethod(CustomKeywordDelegatingMetaClass.java:49)
	at Script1554577686876.run(Script1554577686876.groovy:80)
	... 13 more]]></system-err>
   </testsuite>
</testsuites>
